TN:
SF:/workspaces/meow-decoder/crypto_core/src/aead_wrapper.rs
FN:93,UniqueNonce::take
FN:118,<impl Default for NonceManager>::default
FN:131,NonceManager::new
FN:156,NonceManager::allocate_nonce
FN:189,NonceManager::nonce_count
FN:214,AuthenticatedPlaintext::data
FN:219,AuthenticatedPlaintext::into_data
FN:238,<impl Zeroize for AeadWrapper>::zeroize
FN:256,AeadWrapper::new
FN:286,AeadWrapper::encrypt
FN:323,AeadWrapper::decrypt
FN:357,AeadWrapper::encrypt_raw
FN:378,AeadWrapper::decrypt_raw
FN:392,AeadWrapper::aes_gcm_encrypt
FN:424,AeadWrapper::aes_gcm_decrypt
FN:449,AeadWrapper::encryption_count
FN:456,<impl Drop for AeadWrapper>::drop
FNF:17
FNDA:0,UniqueNonce::take
FNDA:0,<impl Default for NonceManager>::default
FNDA:0,NonceManager::new
FNDA:0,NonceManager::allocate_nonce
FNDA:0,NonceManager::nonce_count
FNDA:0,AuthenticatedPlaintext::data
FNDA:0,AuthenticatedPlaintext::into_data
FNDA:0,<impl Zeroize for AeadWrapper>::zeroize
FNDA:0,AeadWrapper::new
FNDA:0,AeadWrapper::encrypt
FNDA:0,AeadWrapper::decrypt
FNDA:0,AeadWrapper::encrypt_raw
FNDA:0,AeadWrapper::decrypt_raw
FNDA:0,AeadWrapper::aes_gcm_encrypt
FNDA:0,AeadWrapper::aes_gcm_decrypt
FNDA:0,AeadWrapper::encryption_count
FNDA:0,<impl Drop for AeadWrapper>::drop
DA:93,0
DA:96,0
DA:97,0
DA:99,0
DA:118,0
DA:119,0
DA:131,0
DA:133,0
DA:134,0
DA:137,0
DA:140,0
DA:156,0
DA:158,0
DA:161,0
DA:162,0
DA:166,0
DA:167,0
DA:168,0
DA:173,0
DA:174,0
DA:178,0
DA:181,0
DA:182,0
DA:189,0
DA:190,0
DA:214,0
DA:215,0
DA:219,0
DA:220,0
DA:238,0
DA:240,0
DA:256,0
DA:257,0
DA:258,0
DA:261,0
DA:262,0
DA:264,0
DA:265,0
DA:266,0
DA:286,0
DA:292,0
DA:293,0
DA:297,0
DA:299,0
DA:323,0
DA:330,0
DA:331,0
DA:335,0
DA:338,0
DA:357,0
DA:363,0
DA:378,0
DA:384,0
DA:385,0
DA:387,0
DA:392,0
DA:409,0
DA:411,0
DA:417,0
DA:418,0
DA:419,0
DA:424,0
DA:435,0
DA:437,0
DA:443,0
DA:444,0
DA:445,0
DA:449,0
DA:450,0
DA:456,0
DA:457,0
LF:71
LH:0
end_of_record
TN:
SF:/workspaces/meow-decoder/crypto_core/src/hsm.rs
FNF:0
DA:168,0
DA:169,0
LF:2
LH:0
end_of_record
TN:
SF:/workspaces/meow-decoder/crypto_core/src/pure_crypto.rs
FN:97,<impl Display for CryptoError>::fmt
FN:126,SecretKey::from_bytes
FN:136,SecretKey::as_bytes
FN:142,<impl AsRef for SecretKey>::as_ref
FN:155,Nonce::from_bytes
FN:166,Nonce::random
FN:173,Nonce::as_bytes
FN:179,<impl AsRef for Nonce>::as_ref
FN:192,Salt::from_bytes
FN:203,Salt::random
FN:210,Salt::as_bytes
FN:216,<impl AsRef for Salt>::as_ref
FN:325,aes_ctr_crypt
FN:389,<impl Default for Argon2Params>::default
FN:400,Argon2Params::owasp_minimum
FN:409,Argon2Params::ultra
FN:464,hkdf_derive
FN:479,hkdf_derive_key
FN:502,X25519KeyPair::generate
FN:514,X25519KeyPair::public_bytes
FN:519,X25519KeyPair::secret_bytes
FN:525,X25519KeyPair::diffie_hellman
FN:546,hmac_sha256
FN:565,hmac_sha256_verify
FN:576,sha256
FN:588,constant_time_eq
FN:601,random_bytes
FN:609,random_key
FN:726,pq::backend::mldsa65_keygen
FN:753,pq::backend::mldsa65_sign
FN:767,pq::backend::mldsa65_verify
FNF:31
FNDA:0,<impl Display for CryptoError>::fmt
FNDA:0,SecretKey::from_bytes
FNDA:0,SecretKey::as_bytes
FNDA:0,<impl AsRef for SecretKey>::as_ref
FNDA:0,Nonce::from_bytes
FNDA:0,Nonce::random
FNDA:0,Nonce::as_bytes
FNDA:0,<impl AsRef for Nonce>::as_ref
FNDA:0,Salt::from_bytes
FNDA:0,Salt::random
FNDA:0,Salt::as_bytes
FNDA:0,<impl AsRef for Salt>::as_ref
FNDA:4,aes_ctr_crypt
FNDA:0,<impl Default for Argon2Params>::default
FNDA:0,Argon2Params::owasp_minimum
FNDA:0,Argon2Params::ultra
FNDA:0,hkdf_derive
FNDA:0,hkdf_derive_key
FNDA:0,X25519KeyPair::generate
FNDA:0,X25519KeyPair::public_bytes
FNDA:0,X25519KeyPair::secret_bytes
FNDA:0,X25519KeyPair::diffie_hellman
FNDA:0,hmac_sha256
FNDA:0,hmac_sha256_verify
FNDA:0,sha256
FNDA:0,constant_time_eq
FNDA:0,random_bytes
FNDA:0,random_key
FNDA:0,pq::backend::mldsa65_keygen
FNDA:0,pq::backend::mldsa65_sign
FNDA:0,pq::backend::mldsa65_verify
DA:97,0
DA:98,0
DA:99,0
DA:100,0
DA:102,0
DA:103,0
DA:105,0
DA:106,0
DA:107,0
DA:108,0
DA:109,0
DA:110,0
DA:126,0
DA:127,0
DA:128,0
DA:130,0
DA:131,0
DA:132,0
DA:136,0
DA:142,0
DA:155,0
DA:156,0
DA:157,0
DA:159,0
DA:160,0
DA:161,0
DA:166,0
DA:167,0
DA:168,0
DA:169,0
DA:173,0
DA:179,0
DA:192,0
DA:193,0
DA:194,0
DA:196,0
DA:197,0
DA:198,0
DA:203,0
DA:204,0
DA:205,0
DA:206,0
DA:210,0
DA:216,0
DA:244,0
DA:250,0
DA:251,0
DA:253,0
DA:255,0
DA:260,0
DA:262,0
DA:264,0
DA:266,0
DA:276,0
DA:282,0
DA:285,0
DA:287,0
DA:292,0
DA:294,0
DA:296,0
DA:298,0
DA:325,4
DA:331,4
DA:332,0
DA:334,4
DA:335,0
DA:340,4
DA:343,4
DA:344,4
DA:347,4
DA:348,12
DA:349,8
DA:350,8
DA:351,8
DA:355,8
DA:356,4
DA:359,4
DA:360,4
DA:362,4
DA:365,1
DA:366,2
DA:369,8
DA:370,4
DA:389,0
DA:400,0
DA:409,0
DA:426,0
DA:431,0
DA:434,0
DA:435,0
DA:436,0
DA:439,0
DA:441,0
DA:443,0
DA:444,0
DA:445,0
DA:446,0
DA:448,0
DA:464,0
DA:470,0
DA:471,0
DA:472,0
DA:473,0
DA:474,0
DA:479,0
DA:484,0
DA:485,0
DA:502,0
DA:504,0
DA:505,0
DA:507,0
DA:508,0
DA:509,0
DA:514,0
DA:515,0
DA:519,0
DA:525,0
DA:529,0
DA:530,0
DA:531,0
DA:532,0
DA:546,0
DA:551,0
DA:552,0
DA:555,0
DA:558,0
DA:559,0
DA:560,0
DA:565,0
DA:566,0
DA:567,0
DA:576,0
DA:577,0
DA:578,0
DA:579,0
DA:588,0
DA:589,0
DA:590,0
DA:592,0
DA:601,0
DA:602,0
DA:603,0
DA:604,0
DA:609,0
DA:610,0
DA:611,0
DA:612,0
DA:669,0
DA:671,0
DA:674,0
DA:675,0
DA:685,0
DA:693,0
DA:694,0
DA:698,0
DA:701,0
DA:702,0
DA:712,0
DA:726,0
DA:727,0
DA:729,0
DA:730,0
DA:753,0
DA:754,0
DA:767,0
DA:769,0
DA:770,0
DA:775,0
DA:776,0
LF:169
LH:20
end_of_record
TN:
SF:/workspaces/meow-decoder/crypto_core/src/secure_alloc.rs
FNF:0
DA:105,0
DA:111,0
DA:112,0
DA:113,0
DA:116,0
DA:118,0
DA:119,0
DA:121,0
DA:126,0
DA:127,0
DA:128,0
DA:129,0
DA:130,0
DA:134,0
DA:135,0
DA:136,0
DA:141,0
DA:144,0
DA:145,0
DA:146,0
DA:149,0
DA:151,0
DA:153,0
DA:154,0
DA:159,0
DA:160,0
DA:163,0
DA:164,0
DA:165,0
DA:174,0
DA:180,0
DA:183,0
DA:184,0
DA:185,0
DA:186,0
DA:187,0
DA:188,0
DA:193,0
DA:194,0
DA:198,0
DA:199,0
DA:203,0
DA:204,0
DA:211,0
DA:221,0
DA:222,0
DA:223,0
DA:228,0
DA:229,0
DA:230,0
DA:234,0
DA:235,0
DA:237,0
DA:242,0
DA:243,0
DA:244,0
DA:245,0
DA:248,0
DA:249,0
DA:250,0
DA:255,0
DA:256,0
DA:259,0
DA:260,0
DA:261,0
DA:262,0
DA:265,0
DA:267,0
DA:269,0
DA:270,0
DA:275,0
DA:276,0
DA:278,0
DA:279,0
DA:280,0
DA:286,0
DA:289,0
DA:290,0
DA:291,0
DA:292,0
DA:293,0
DA:294,0
DA:301,0
DA:304,0
DA:308,0
DA:309,0
DA:310,0
DA:312,0
DA:318,0
DA:325,0
DA:331,0
DA:335,0
DA:336,0
DA:337,0
DA:339,0
DA:345,0
DA:353,0
DA:354,0
DA:359,0
DA:360,0
DA:366,0
DA:367,0
DA:368,0
DA:369,0
DA:370,0
LF:105
LH:0
end_of_record
TN:
SF:/workspaces/meow-decoder/crypto_core/src/types.rs
FN:44,AeadKey::from_bytes
FN:61,AeadKey::as_bytes
FN:68,<impl Debug for AeadKey>::fmt
FN:88,<impl Display for KeyError>::fmt
FN:120,AssociatedData::new
FN:132,AssociatedData::as_bytes
FN:137,AssociatedData::empty
FN:145,<impl From for AssociatedData>::from
FN:164,<impl Display for AadError>::fmt
FNF:9
FNDA:0,AeadKey::from_bytes
FNDA:0,AeadKey::as_bytes
FNDA:0,<impl Debug for AeadKey>::fmt
FNDA:0,<impl Display for KeyError>::fmt
FNDA:0,AssociatedData::new
FNDA:0,AssociatedData::as_bytes
FNDA:0,AssociatedData::empty
FNDA:0,<impl From for AssociatedData>::from
FNDA:0,<impl Display for AadError>::fmt
DA:44,0
DA:45,0
DA:46,0
DA:52,0
DA:53,0
DA:54,0
DA:61,0
DA:68,0
DA:69,0
DA:70,0
DA:88,0
DA:90,0
DA:91,0
DA:120,0
DA:121,0
DA:122,0
DA:123,0
DA:124,0
DA:125,0
DA:128,0
DA:132,0
DA:133,0
DA:137,0
DA:138,0
DA:145,0
DA:146,0
DA:164,0
DA:166,0
DA:167,0
LF:29
LH:0
end_of_record
TN:
SF:/workspaces/meow-decoder/crypto_core/src/verus_guarded_buffer.rs
FNF:0
DA:119,0
LF:1
LH:0
end_of_record
TN:
SF:/workspaces/meow-decoder/crypto_core/src/verus_kdf_proofs.rs
FN:91,Argon2idParams::is_secure
FN:102,Argon2idParams::gpu_resistance_factor
FNF:2
FNDA:0,Argon2idParams::is_secure
FNDA:0,Argon2idParams::gpu_resistance_factor
DA:91,0
DA:93,0
DA:94,0
DA:95,0
DA:96,0
DA:98,0
DA:102,0
DA:103,0
DA:156,0
DA:157,0
DA:168,0
DA:169,0
DA:170,0
DA:171,0
DA:175,0
DA:179,0
DA:180,0
DA:191,0
DA:192,0
DA:193,0
DA:241,0
DA:244,0
DA:245,0
DA:247,0
DA:252,0
DA:253,0
DA:312,0
DA:313,0
DA:315,0
DA:316,0
DA:317,0
DA:318,0
DA:319,0
DA:320,0
DA:367,0
DA:368,0
DA:369,0
DA:371,0
DA:373,0
DA:374,0
DA:414,0
DA:415,0
DA:425,0
DA:426,0
DA:445,0
DA:446,0
LF:46
LH:0
end_of_record
TN:
SF:/workspaces/meow-decoder/crypto_core/src/yubikey_piv.rs
FNF:0
DA:201,0
DA:202,0
LF:2
LH:0
end_of_record
TN:
SF:/workspaces/meow-decoder/rust_crypto/src/handles.rs
FN:52,<impl Display for HandleError>::fmt
FN:81,next_id
FN:94,SecretKey::new
FN:106,SecretKey::as_bytes
FN:112,<impl Drop for SecretKey>::drop
FN:123,X25519Private::generate
FN:132,X25519Private::from_bytes
FN:138,X25519Private::exchange
FN:145,X25519Private::public_key
FN:153,<impl Drop for X25519Private>::drop
FN:205,<impl Drop for HandlePayload>::drop
FN:216,insert_handle
FN:226,remove_handle
FN:231,with_handle
FN:240,with_handle_mut
FN:253,handle_derive_key_argon2id
FN:285,handle_derive_hkdf
FN:325,handle_derive_key_argon2id_with_keyfile
FN:373,handle_derive_hkdf_bytes
FN:398,handle_derive_hkdf_raw
FN:423,handle_aes_gcm_encrypt
FN:465,handle_aes_gcm_decrypt
FN:509,handle_hmac_sha256
FN:536,handle_hmac_sha256_verify
FN:555,handle_hmac_sha256_prefixed
FN:595,handle_hmac_sha256_prefixed_verify
FN:612,handle_x25519_generate
FN:620,handle_x25519_exchange
FN:642,handle_x25519_public
FN:651,handle_import_x25519_private
FN:668,handle_session_new
FN:698,handle_stream_new
FN:734,handle_stream_encrypt
FN:770,handle_stream_decrypt
FN:813,handle_ratchet_new
FN:847,handle_ratchet_step
FN:891,handle_mix_hkdf
FN:930,handle_hkdf_with_handle_salt
FN:958,handle_hkdf_expand
FN:986,handle_hkdf_two_handles
FN:1021,handle_drop
FN:1028,handle_exists
FN:1034,handle_count
FN:1042,handle_import_key
FN:1050,handle_export_key
FN:1064,handle_stream_ctr_crypt
FN:1089,handle_stream_hmac
FN:1104,handle_stream_hmac_verify
FN:1117,handle_stream_nonce
FN:1128,handle_stream_reset_offset
FN:1141,handle_aes_ctr_crypt
FN:1188,handle_pqxdh_encapsulate
FN:1260,handle_pqxdh_decapsulate
FNF:53
FNDA:2,<impl Display for HandleError>::fmt
FNDA:4,next_id
FNDA:4,SecretKey::new
FNDA:4,SecretKey::as_bytes
FNDA:4,<impl Drop for SecretKey>::drop
FNDA:4,X25519Private::generate
FNDA:2,X25519Private::from_bytes
FNDA:4,X25519Private::exchange
FNDA:2,X25519Private::public_key
FNDA:4,<impl Drop for X25519Private>::drop
FNDA:4,<impl Drop for HandlePayload>::drop
FNDA:4,insert_handle
FNDA:4,remove_handle
FNDA:53,with_handle
FNDA:13,with_handle_mut
FNDA:4,handle_derive_key_argon2id
FNDA:2,handle_derive_hkdf
FNDA:2,handle_derive_key_argon2id_with_keyfile
FNDA:2,handle_derive_hkdf_bytes
FNDA:2,handle_derive_hkdf_raw
FNDA:4,handle_aes_gcm_encrypt
FNDA:4,handle_aes_gcm_decrypt
FNDA:4,handle_hmac_sha256
FNDA:3,handle_hmac_sha256_verify
FNDA:2,handle_hmac_sha256_prefixed
FNDA:2,handle_hmac_sha256_prefixed_verify
FNDA:4,handle_x25519_generate
FNDA:4,handle_x25519_exchange
FNDA:2,handle_x25519_public
FNDA:2,handle_import_x25519_private
FNDA:2,handle_session_new
FNDA:4,handle_stream_new
FNDA:4,handle_stream_encrypt
FNDA:4,handle_stream_decrypt
FNDA:2,handle_ratchet_new
FNDA:2,handle_ratchet_step
FNDA:2,handle_mix_hkdf
FNDA:2,handle_hkdf_with_handle_salt
FNDA:2,handle_hkdf_expand
FNDA:2,handle_hkdf_two_handles
FNDA:4,handle_drop
FNDA:4,handle_exists
FNDA:1,handle_count
FNDA:4,handle_import_key
FNDA:2,handle_export_key
FNDA:1,handle_stream_ctr_crypt
FNDA:2,handle_stream_hmac
FNDA:2,handle_stream_hmac_verify
FNDA:2,handle_stream_nonce
FNDA:2,handle_stream_reset_offset
FNDA:2,handle_aes_ctr_crypt
FNDA:1,handle_pqxdh_encapsulate
FNDA:1,handle_pqxdh_decapsulate
DA:52,2
DA:53,2
DA:54,2
DA:55,2
DA:56,2
DA:57,2
DA:59,2
DA:60,2
DA:62,2
DA:63,2
DA:64,2
DA:65,2
DA:66,2
DA:67,2
DA:68,2
DA:69,2
DA:81,4
DA:82,4
DA:94,4
DA:95,4
DA:96,1
DA:101,4
DA:102,4
DA:103,4
DA:106,4
DA:112,4
DA:113,4
DA:123,4
DA:125,4
DA:126,4
DA:127,4
DA:128,4
DA:129,4
DA:132,2
DA:134,2
DA:138,4
DA:139,4
DA:140,4
DA:141,4
DA:142,8
DA:145,2
DA:146,2
DA:147,2
DA:148,2
DA:153,4
DA:154,4
DA:205,4
DA:213,4
DA:216,4
DA:217,8
DA:218,8
DA:219,0
DA:221,8
DA:222,4
DA:223,4
DA:226,4
DA:227,4
DA:228,8
DA:231,53
DA:235,106
DA:236,106
DA:237,53
DA:240,13
DA:244,26
DA:245,26
DA:246,13
DA:253,4
DA:262,4
DA:263,2
DA:269,6
DA:270,3
DA:271,3
DA:273,3
DA:274,3
DA:275,3
DA:276,3
DA:278,6
DA:279,3
DA:280,3
DA:285,2
DA:291,7
DA:292,0
DA:293,2
DA:294,2
DA:295,0
DA:296,1
DA:299,4
DA:300,2
DA:301,2
DA:302,6
DA:303,2
DA:306,2
DA:307,2
DA:308,2
DA:309,2
DA:311,2
DA:312,2
DA:325,2
DA:336,2
DA:337,2
DA:344,4
DA:345,2
DA:346,2
DA:348,2
DA:349,2
DA:350,6
DA:351,2
DA:352,2
DA:355,4
DA:356,2
DA:357,2
DA:359,2
DA:360,2
DA:361,2
DA:362,2
DA:363,2
DA:365,2
DA:366,2
DA:367,2
DA:373,2
DA:379,7
DA:380,1
DA:381,1
DA:382,1
DA:383,0
DA:384,1
DA:387,4
DA:388,2
DA:389,2
DA:390,6
DA:391,2
DA:394,2
DA:398,2
DA:404,2
DA:405,2
DA:406,2
DA:407,6
DA:408,2
DA:410,2
DA:411,2
DA:412,2
DA:413,2
DA:415,2
DA:416,2
DA:423,4
DA:429,4
DA:430,2
DA:436,8
DA:437,4
DA:438,4
DA:439,2
DA:440,1
DA:444,4
DA:445,8
DA:447,4
DA:448,6
DA:450,3
DA:451,3
DA:456,8
DA:459,4
DA:465,4
DA:471,4
DA:472,1
DA:477,4
DA:478,2
DA:481,8
DA:482,4
DA:483,4
DA:484,2
DA:485,0
DA:489,4
DA:490,8
DA:492,4
DA:493,6
DA:495,3
DA:496,3
DA:501,8
DA:504,8
DA:509,4
DA:510,8
DA:511,4
DA:512,4
DA:513,0
DA:514,5
DA:516,2
DA:517,6
DA:518,3
DA:519,3
DA:522,4
DA:523,0
DA:528,4
DA:529,4
DA:530,4
DA:536,3
DA:541,3
DA:542,6
DA:543,1
DA:545,6
DA:555,2
DA:560,4
DA:561,2
DA:562,2
DA:563,0
DA:564,2
DA:566,1
DA:567,3
DA:568,1
DA:569,2
DA:573,4
DA:574,2
DA:575,2
DA:577,2
DA:578,0
DA:580,0
DA:583,2
DA:584,2
DA:587,2
DA:589,2
DA:595,2
DA:601,2
DA:602,4
DA:603,1
DA:605,4
DA:612,4
DA:613,4
DA:614,8
DA:615,4
DA:620,4
DA:624,4
DA:625,2
DA:627,4
DA:628,4
DA:630,13
DA:631,4
DA:632,1
DA:635,8
DA:636,4
DA:637,4
DA:638,4
DA:642,2
DA:643,6
DA:644,2
DA:645,2
DA:651,2
DA:652,2
DA:653,2
DA:658,2
DA:659,2
DA:660,2
DA:661,2
DA:662,2
DA:668,2
DA:672,8
DA:673,2
DA:674,2
DA:677,4
DA:678,9
DA:679,2
DA:680,0
DA:681,1
DA:683,2
DA:685,2
DA:688,2
DA:689,2
DA:690,2
DA:698,4
DA:703,4
DA:704,1
DA:710,13
DA:711,4
DA:712,1
DA:716,8
DA:717,4
DA:718,8
DA:719,4
DA:720,4
DA:722,4
DA:723,4
DA:725,4
DA:726,4
DA:727,4
DA:728,4
DA:734,4
DA:738,8
DA:739,4
DA:740,4
DA:741,1
DA:745,8
DA:746,4
DA:747,4
DA:749,4
DA:751,4
DA:753,4
DA:756,8
DA:757,4
DA:758,4
DA:760,8
DA:761,4
DA:762,4
DA:763,4
DA:765,4
DA:770,4
DA:775,8
DA:776,4
DA:777,4
DA:778,1
DA:782,8
DA:783,4
DA:784,4
DA:786,8
DA:787,4
DA:788,4
DA:789,4
DA:791,4
DA:792,4
DA:793,3
DA:797,8
DA:798,4
DA:799,4
DA:800,4
DA:801,4
DA:803,4
DA:805,4
DA:806,4
DA:813,2
DA:818,7
DA:819,2
DA:820,1
DA:824,2
DA:825,2
DA:826,4
DA:827,2
DA:829,2
DA:830,2
DA:832,2
DA:833,2
DA:834,2
DA:836,2
DA:837,2
DA:847,2
DA:853,5
DA:854,2
DA:855,2
DA:856,1
DA:860,2
DA:861,2
DA:862,2
DA:863,2
DA:864,2
DA:865,2
DA:868,2
DA:869,2
DA:870,2
DA:871,2
DA:872,2
DA:874,2
DA:875,4
DA:876,2
DA:878,2
DA:882,2
DA:883,2
DA:891,2
DA:898,8
DA:899,2
DA:900,1
DA:901,1
DA:902,0
DA:903,2
DA:907,2
DA:909,2
DA:910,2
DA:911,2
DA:912,6
DA:913,2
DA:916,2
DA:918,2
DA:919,2
DA:920,2
DA:921,2
DA:923,2
DA:924,2
DA:930,2
DA:936,8
DA:937,2
DA:938,0
DA:939,2
DA:942,4
DA:943,2
DA:944,6
DA:945,2
DA:947,2
DA:948,2
DA:949,2
DA:950,2
DA:952,2
DA:953,2
DA:958,2
DA:963,8
DA:964,2
DA:965,0
DA:966,2
DA:969,6
DA:970,2
DA:971,2
DA:972,6
DA:973,2
DA:975,2
DA:976,2
DA:977,2
DA:978,2
DA:980,2
DA:981,2
DA:986,2
DA:992,8
DA:993,2
DA:994,0
DA:995,2
DA:998,12
DA:999,2
DA:1000,0
DA:1001,2
DA:1004,4
DA:1005,2
DA:1006,6
DA:1007,2
DA:1009,2
DA:1010,2
DA:1011,2
DA:1012,2
DA:1014,2
DA:1015,2
DA:1021,4
DA:1022,4
DA:1024,4
DA:1028,4
DA:1029,4
DA:1030,8
DA:1034,1
DA:1035,1
DA:1036,2
DA:1042,4
DA:1043,8
DA:1044,4
DA:1050,2
DA:1051,6
DA:1052,2
DA:1053,2
DA:1054,0
DA:1055,2
DA:1064,1
DA:1068,2
DA:1069,1
DA:1070,1
DA:1071,1
DA:1074,2
DA:1075,1
DA:1076,1
DA:1078,1
DA:1080,1
DA:1082,1
DA:1083,1
DA:1089,2
DA:1090,4
DA:1091,2
DA:1092,2
DA:1093,2
DA:1096,4
DA:1097,2
DA:1098,2
DA:1099,2
DA:1104,2
DA:1109,2
DA:1110,4
DA:1111,1
DA:1113,4
DA:1117,2
DA:1118,4
DA:1119,2
DA:1120,2
DA:1121,2
DA:1123,2
DA:1128,2
DA:1129,4
DA:1130,2
DA:1131,2
DA:1132,2
DA:1134,2
DA:1135,2
DA:1141,2
DA:1147,2
DA:1148,2
DA:1154,4
DA:1155,2
DA:1156,2
DA:1157,1
DA:1158,1
DA:1159,2
DA:1162,2
DA:1163,2
DA:1188,1
DA:1197,1
DA:1198,1
DA:1202,1
DA:1205,1
DA:1206,1
DA:1207,1
DA:1210,1
DA:1211,1
DA:1212,2
DA:1216,2
DA:1217,1
DA:1218,1
DA:1219,1
DA:1220,1
DA:1221,1
DA:1224,1
DA:1225,1
DA:1226,1
DA:1227,1
DA:1228,2
DA:1230,2
DA:1231,2
DA:1234,1
DA:1237,1
DA:1238,2
DA:1241,2
DA:1242,1
DA:1243,1
DA:1244,2
DA:1245,1
DA:1248,1
DA:1249,1
DA:1250,1
DA:1252,1
DA:1260,1
DA:1271,1
DA:1272,1
DA:1274,1
DA:1275,1
DA:1279,1
DA:1280,1
DA:1281,4
DA:1282,1
DA:1283,1
DA:1287,1
DA:1288,1
DA:1289,2
DA:1293,2
DA:1294,1
DA:1295,1
DA:1296,1
DA:1297,1
DA:1298,1
DA:1301,1
DA:1302,1
DA:1303,1
DA:1304,1
DA:1305,2
DA:1307,2
DA:1308,2
DA:1311,1
DA:1314,1
DA:1315,2
DA:1318,2
DA:1319,1
DA:1320,1
DA:1321,2
DA:1322,1
DA:1324,1
DA:1325,1
DA:1326,1
LF:571
LH:554
end_of_record
TN:
SF:/workspaces/meow-decoder/rust_crypto/src/lib.rs
FN:101,derive_key_argon2id
FN:138,derive_key_hkdf
FN:156,hkdf_extract
FN:169,hkdf_expand
FN:204,aes_gcm_encrypt
FN:265,aes_gcm_decrypt
FN:337,aes_ctr_crypt
FN:352,hmac_sha256
FNF:8
FNDA:0,derive_key_argon2id
FNDA:0,derive_key_hkdf
FNDA:0,hkdf_extract
FNDA:0,hkdf_expand
FNDA:0,aes_gcm_encrypt
FNDA:0,aes_gcm_decrypt
FNDA:0,aes_ctr_crypt
FNDA:0,hmac_sha256
DA:101,0
DA:102,0
DA:103,0
DA:104,0
DA:109,0
DA:110,0
DA:112,0
DA:115,0
DA:116,0
DA:117,0
DA:118,0
DA:120,0
DA:138,0
DA:140,0
DA:141,0
DA:142,0
DA:144,0
DA:156,0
DA:157,0
DA:169,0
DA:170,0
DA:172,0
DA:173,0
DA:174,0
DA:176,0
DA:204,0
DA:205,0
DA:206,0
DA:207,0
DA:212,0
DA:213,0
DA:214,0
DA:215,0
DA:220,0
DA:221,0
DA:223,0
DA:226,0
DA:228,0
DA:229,0
DA:230,0
DA:231,0
DA:232,0
DA:236,0
DA:239,0
DA:241,0
DA:265,0
DA:266,0
DA:267,0
DA:268,0
DA:273,0
DA:274,0
DA:275,0
DA:276,0
DA:281,0
DA:282,0
DA:286,0
DA:287,0
DA:289,0
DA:292,0
DA:294,0
DA:295,0
DA:296,0
DA:297,0
DA:298,0
DA:302,0
DA:305,0
DA:306,0
DA:308,0
DA:337,0
DA:338,0
DA:339,0
DA:352,0
DA:353,0
DA:354,0
DA:355,0
DA:356,0
DA:357,0
DA:383,0
DA:384,0
DA:385,0
DA:386,0
DA:387,0
DA:405,0
DA:406,0
DA:408,0
DA:409,0
DA:410,0
DA:429,0
DA:430,0
DA:432,0
DA:433,0
DA:436,0
DA:437,0
DA:438,0
DA:440,0
DA:441,0
DA:442,0
DA:444,0
DA:447,0
DA:449,0
DA:459,0
DA:460,0
DA:463,0
DA:464,0
DA:465,0
DA:466,0
DA:469,0
DA:471,0
DA:508,0
DA:510,0
DA:511,0
DA:512,0
DA:528,0
DA:529,0
DA:530,0
DA:531,0
DA:532,0
DA:543,0
DA:544,0
DA:545,0
DA:546,0
DA:547,0
DA:551,0
DA:552,0
DA:553,0
DA:554,0
DA:555,0
DA:556,0
DA:568,0
DA:569,0
DA:570,0
DA:571,0
DA:572,0
DA:575,0
DA:576,0
DA:577,0
DA:578,0
DA:579,0
DA:583,0
DA:584,0
DA:585,0
DA:586,0
DA:587,0
DA:588,0
DA:597,0
DA:598,0
DA:599,0
DA:600,0
DA:610,0
DA:611,0
DA:612,0
DA:651,0
DA:652,0
DA:653,0
DA:654,0
DA:658,0
DA:659,0
DA:660,0
DA:662,0
DA:663,0
DA:665,0
DA:666,0
DA:667,0
DA:671,0
DA:672,0
DA:674,0
DA:688,0
DA:689,0
DA:690,0
DA:844,0
DA:845,0
DA:846,0
DA:860,0
DA:861,0
DA:862,0
DA:876,0
DA:877,0
DA:878,0
DA:889,0
DA:890,0
DA:914,0
DA:915,0
DA:916,0
DA:936,0
DA:937,0
DA:938,0
DA:951,0
DA:952,0
DA:953,0
DA:986,0
DA:987,0
DA:988,0
DA:1000,0
DA:1001,0
DA:1002,0
DA:1027,0
DA:1028,0
DA:1039,0
DA:1040,0
DA:1058,0
DA:1059,0
DA:1060,0
DA:1080,0
DA:1081,0
DA:1082,0
DA:1142,0
DA:1143,0
DA:1144,0
DA:1178,0
DA:1179,0
DA:1180,0
DA:1181,0
DA:1182,0
DA:1183,0
DA:1184,0
DA:1186,0
DA:1187,0
DA:1247,0
DA:1248,0
DA:1249,0
DA:1260,0
DA:1261,0
DA:1262,0
DA:1306,0
DA:1307,0
DA:1308,0
DA:1309,0
DA:1312,0
DA:1313,0
DA:1314,0
DA:1315,0
DA:1316,0
DA:1336,0
DA:1337,0
DA:1338,0
DA:1339,0
DA:1342,0
DA:1343,0
DA:1344,0
DA:1345,0
DA:1346,0
LF:241
LH:0
end_of_record
TN:
SF:/workspaces/meow-decoder/rust_crypto/src/pure.rs
FN:65,<impl Display for CryptoError>::fmt
FN:101,derive_key_argon2id
FN:137,derive_key_hkdf
FN:153,hkdf_extract
FN:159,hkdf_expand
FN:174,aes_gcm_encrypt
FN:221,aes_gcm_decrypt
FN:277,hmac_sha256
FN:286,hmac_sha256_verify
FN:308,sha256
FN:320,x25519_generate_keypair
FN:330,x25519_exchange
FN:364,x25519_public_from_private
FN:388,constant_time_compare
FN:396,secure_zero
FN:401,secure_random
FN:409,backend_info
FN:420,mlkem768_keygen
FN:428,mlkem768_encapsulate
FN:446,mlkem768_decapsulate
FNF:20
FNDA:2,<impl Display for CryptoError>::fmt
FNDA:7,derive_key_argon2id
FNDA:6,derive_key_hkdf
FNDA:4,hkdf_extract
FNDA:3,hkdf_expand
FNDA:8,aes_gcm_encrypt
FNDA:8,aes_gcm_decrypt
FNDA:7,hmac_sha256
FNDA:6,hmac_sha256_verify
FNDA:5,sha256
FNDA:6,x25519_generate_keypair
FNDA:7,x25519_exchange
FNDA:7,x25519_public_from_private
FNDA:5,constant_time_compare
FNDA:5,secure_zero
FNDA:4,secure_random
FNDA:3,backend_info
FNDA:3,mlkem768_keygen
FNDA:3,mlkem768_encapsulate
FNDA:3,mlkem768_decapsulate
DA:65,2
DA:66,2
DA:67,2
DA:68,2
DA:70,2
DA:71,2
DA:73,2
DA:74,2
DA:76,2
DA:77,2
DA:78,2
DA:79,2
DA:80,2
DA:81,2
DA:82,2
DA:83,2
DA:85,2
DA:87,2
DA:89,2
DA:101,7
DA:110,7
DA:111,4
DA:118,14
DA:119,7
DA:121,7
DA:124,7
DA:125,7
DA:126,14
DA:127,7
DA:129,7
DA:137,6
DA:143,6
DA:145,6
DA:146,18
DA:147,6
DA:149,6
DA:153,4
DA:154,4
DA:155,4
DA:159,3
DA:160,9
DA:162,3
DA:163,9
DA:164,3
DA:166,3
DA:174,8
DA:181,8
DA:182,3
DA:189,8
DA:190,3
DA:197,8
DA:202,16
DA:205,8
DA:206,12
DA:208,6
DA:214,12
DA:217,8
DA:221,8
DA:228,8
DA:229,1
DA:236,8
DA:237,1
DA:244,8
DA:245,4
DA:249,8
DA:254,16
DA:257,8
DA:258,12
DA:260,6
DA:266,12
DA:269,20
DA:277,7
DA:278,7
DA:280,7
DA:281,7
DA:282,7
DA:286,6
DA:291,6
DA:293,6
DA:294,6
DA:297,6
DA:298,6
DA:300,6
DA:308,5
DA:309,5
DA:310,5
DA:311,5
DA:320,6
DA:323,6
DA:324,6
DA:326,6
DA:330,7
DA:334,7
DA:335,3
DA:340,7
DA:341,1
DA:347,6
DA:348,6
DA:349,6
DA:351,6
DA:352,6
DA:353,6
DA:355,6
DA:358,6
DA:360,6
DA:364,7
DA:365,7
DA:366,3
DA:372,6
DA:373,6
DA:374,6
DA:375,6
DA:378,6
DA:380,6
DA:388,5
DA:389,5
DA:390,5
DA:392,5
DA:396,5
DA:397,5
DA:401,4
DA:403,4
DA:404,8
DA:405,4
DA:409,3
DA:410,3
DA:420,3
DA:421,3
DA:422,3
DA:428,3
DA:430,3
DA:431,3
DA:433,3
DA:434,3
DA:438,6
DA:439,3
DA:440,3
DA:441,3
DA:446,3
DA:448,3
DA:449,3
DA:451,3
DA:452,3
DA:455,3
DA:456,3
DA:458,3
DA:459,3
DA:463,6
DA:464,3
DA:465,6
DA:466,3
DA:467,3
DA:468,3
LF:153
LH:153
end_of_record
TN:
SF:/workspaces/meow-decoder/rust_crypto/src/stego.rs
FN:48,<impl Display for StegoError>::fmt
FN:85,derive_frame_seed
FN:126,derive_walk_seed
FN:159,SeededPrng::new
FN:167,SeededPrng::next_u64
FN:182,SeededPrng::next_bounded
FN:205,generate_pixel_walk
FN:247,generate_stc_matrix
FN:278,compute_adaptive_costs
FN:349,compute_syndrome_internal
FN:394,stc_encode
FN:621,stc_decode
FN:664,count_changes
FN:697,timing_encode
FN:751,timing_decode
FN:799,palette_encode
FN:865,palette_decode
FN:919,factorial_bits
FNF:18
FNDA:1,<impl Display for StegoError>::fmt
FNDA:3,derive_frame_seed
FNDA:1,derive_walk_seed
FNDA:3,SeededPrng::new
FNDA:3,SeededPrng::next_u64
FNDA:3,SeededPrng::next_bounded
FNDA:3,generate_pixel_walk
FNDA:3,generate_stc_matrix
FNDA:3,compute_adaptive_costs
FNDA:3,compute_syndrome_internal
FNDA:3,stc_encode
FNDA:3,stc_decode
FNDA:3,count_changes
FNDA:3,timing_encode
FNDA:3,timing_decode
FNDA:3,palette_encode
FNDA:3,palette_decode
FNDA:3,factorial_bits
DA:48,1
DA:49,1
DA:50,1
DA:51,1
DA:53,1
DA:54,1
DA:55,1
DA:59,1
DA:65,1
DA:85,3
DA:90,3
DA:91,3
DA:97,3
DA:98,3
DA:99,3
DA:100,3
DA:101,1
DA:102,1
DA:103,1
DA:104,1
DA:108,3
DA:109,3
DA:110,3
DA:111,3
DA:114,3
DA:115,3
DA:116,6
DA:117,3
DA:119,3
DA:126,1
DA:127,1
DA:128,1
DA:134,1
DA:135,1
DA:136,1
DA:138,1
DA:139,1
DA:140,2
DA:141,1
DA:143,1
DA:159,3
DA:161,3
DA:167,3
DA:168,3
DA:169,3
DA:170,3
DA:171,3
DA:172,3
DA:174,3
DA:175,3
DA:177,3
DA:178,3
DA:182,3
DA:183,3
DA:184,0
DA:187,6
DA:188,3
DA:189,3
DA:190,3
DA:191,3
DA:205,3
DA:206,3
DA:207,3
DA:210,6
DA:211,6
DA:212,3
DA:215,3
DA:247,3
DA:248,3
DA:249,3
DA:252,3
DA:254,9
DA:256,6
DA:258,3
DA:264,3
DA:278,3
DA:284,3
DA:286,3
DA:289,6
DA:290,3
DA:296,3
DA:297,3
DA:298,3
DA:300,6
DA:302,3
DA:303,6
DA:304,3
DA:306,9
DA:307,3
DA:308,3
DA:309,9
DA:310,3
DA:311,3
DA:313,3
DA:318,6
DA:319,3
DA:320,6
DA:321,1
DA:323,3
DA:329,3
DA:330,6
DA:331,3
DA:338,6
DA:339,3
DA:340,3
DA:342,3
DA:343,0
DA:349,3
DA:350,3
DA:351,3
DA:353,6
DA:354,6
DA:355,3
DA:356,6
DA:358,6
DA:359,3
DA:360,3
DA:361,6
DA:362,3
DA:369,3
DA:394,3
DA:400,3
DA:401,3
DA:403,3
DA:404,3
DA:406,3
DA:407,0
DA:412,3
DA:413,1
DA:418,3
DA:419,1
DA:421,1
DA:426,3
DA:427,3
DA:428,3
DA:431,3
DA:435,6
DA:436,3
DA:437,0
DA:438,0
DA:440,0
DA:442,6
DA:445,3
DA:447,3
DA:448,6
DA:449,3
DA:451,6
DA:452,6
DA:453,3
DA:454,6
DA:455,6
DA:457,6
DA:462,6
DA:463,6
DA:467,3
DA:468,3
DA:469,6
DA:470,3
DA:472,3
DA:476,9
DA:478,12
DA:479,3
DA:481,6
DA:484,3
DA:487,3
DA:488,6
DA:489,9
DA:490,3
DA:496,3
DA:499,3
DA:500,2
DA:504,3
DA:505,6
DA:511,6
DA:512,0
DA:513,0
DA:518,6
DA:519,3
DA:521,6
DA:522,6
DA:523,6
DA:524,3
DA:527,6
DA:531,6
DA:532,6
DA:534,9
DA:535,6
DA:536,3
DA:537,6
DA:538,6
DA:540,6
DA:545,6
DA:546,6
DA:550,3
DA:551,3
DA:552,6
DA:553,3
DA:555,3
DA:558,9
DA:560,12
DA:561,3
DA:563,6
DA:566,3
DA:569,3
DA:570,6
DA:571,9
DA:572,3
DA:573,3
DA:574,3
DA:580,3
DA:584,3
DA:585,6
DA:586,6
DA:587,3
DA:588,6
DA:589,3
DA:591,3
DA:593,3
DA:597,3
DA:598,12
DA:600,3
DA:601,0
DA:607,3
DA:621,3
DA:626,3
DA:627,3
DA:628,1
DA:630,3
DA:631,1
DA:637,3
DA:640,3
DA:641,3
DA:643,6
DA:644,6
DA:645,3
DA:646,3
DA:648,6
DA:649,3
DA:650,3
DA:651,6
DA:652,3
DA:659,3
DA:664,3
DA:665,3
DA:668,3
DA:669,9
DA:697,3
DA:703,3
DA:704,1
DA:710,3
DA:711,3
DA:712,3
DA:713,3
DA:715,6
DA:717,6
DA:719,3
DA:720,6
DA:721,6
DA:722,6
DA:723,3
DA:728,3
DA:731,3
DA:734,6
DA:735,3
DA:738,3
DA:751,3
DA:757,3
DA:758,1
DA:764,3
DA:765,3
DA:766,3
DA:768,6
DA:769,6
DA:770,3
DA:771,3
DA:773,3
DA:774,3
DA:778,3
DA:799,3
DA:804,3
DA:805,3
DA:806,1
DA:807,1
DA:812,3
DA:813,3
DA:814,0
DA:821,3
DA:822,3
DA:823,6
DA:824,6
DA:825,3
DA:830,3
DA:833,3
DA:834,3
DA:835,6
DA:836,3
DA:840,3
DA:841,3
DA:842,3
DA:844,6
DA:845,6
DA:848,3
DA:849,6
DA:850,6
DA:853,3
DA:865,3
DA:870,3
DA:871,3
DA:872,1
DA:875,3
DA:876,3
DA:877,0
DA:881,3
DA:882,3
DA:883,3
DA:884,6
DA:885,3
DA:889,3
DA:890,3
DA:891,3
DA:893,6
DA:894,12
DA:895,3
DA:896,3
DA:897,6
DA:898,6
DA:899,6
DA:902,1
DA:903,1
DA:910,3
DA:911,6
DA:912,6
DA:915,3
DA:919,3
DA:920,3
DA:921,2
DA:924,3
DA:925,9
DA:926,3
DA:928,3
LF:340
LH:329
end_of_record
TN:
SF:/workspaces/meow-decoder/rust_crypto/tests/additional_security_tests.rs
FNF:0
DA:1,1
DA:29,3
DA:30,1
DA:31,1
DA:32,0
DA:33,3
DA:36,2
DA:40,3
DA:41,1
DA:42,2
DA:43,3
DA:44,2
DA:48,3
DA:49,1
DA:50,2
DA:51,1
DA:52,0
DA:53,3
DA:56,1
DA:57,2
DA:61,2
DA:65,3
DA:66,1
DA:67,1
DA:69,1
DA:70,1
DA:72,3
DA:73,3
DA:74,2
DA:78,3
DA:79,1
DA:80,2
DA:81,3
DA:82,2
DA:86,3
DA:87,1
DA:91,2
DA:92,1
DA:94,1
DA:95,2
DA:107,3
DA:108,1
DA:109,1
DA:110,1
DA:112,1
DA:115,2
DA:116,2
DA:117,1
DA:118,0
DA:119,2
DA:123,1
DA:124,2
DA:128,3
DA:129,1
DA:130,1
DA:131,1
DA:133,1
DA:134,1
DA:136,1
DA:137,2
DA:138,3
DA:142,3
DA:143,1
DA:144,1
DA:145,1
DA:147,1
DA:148,2
DA:150,2
DA:151,2
DA:152,1
DA:153,2
DA:155,1
DA:156,0
DA:157,2
DA:162,2
DA:164,2
DA:169,3
DA:170,1
DA:171,1
DA:172,1
DA:173,1
DA:175,1
DA:177,1
DA:178,1
DA:179,1
DA:184,1
DA:186,2
DA:187,1
DA:188,1
DA:189,1
DA:190,1
DA:194,2
DA:196,1
DA:197,1
DA:198,1
DA:199,1
DA:200,1
DA:201,1
DA:202,1
DA:205,2
DA:206,3
DA:210,3
DA:211,1
DA:212,1
DA:213,1
DA:215,2
DA:216,2
DA:218,1
DA:219,2
DA:220,2
DA:232,3
DA:233,2
DA:234,1
DA:235,1
DA:237,1
DA:239,3
DA:240,3
DA:241,1
DA:242,0
DA:243,3
DA:247,2
DA:251,3
DA:252,1
DA:254,1
DA:255,1
DA:257,1
DA:261,2
DA:265,3
DA:266,1
DA:272,1
DA:278,1
DA:279,1
DA:281,1
DA:282,1
DA:284,1
DA:286,1
DA:292,1
DA:293,2
DA:297,3
DA:298,1
DA:299,1
DA:300,1
DA:302,1
DA:303,1
DA:304,1
DA:305,2
DA:317,3
DA:318,1
DA:319,1
DA:321,1
DA:322,2
DA:324,2
DA:325,3
DA:329,3
DA:330,1
DA:331,1
DA:333,3
DA:334,2
DA:335,2
DA:336,1
DA:339,1
DA:340,2
DA:341,1
DA:342,1
DA:347,2
DA:351,3
DA:352,1
DA:354,1
DA:356,1
DA:357,2
DA:358,2
DA:359,1
DA:362,1
DA:363,2
DA:364,1
DA:365,1
DA:370,2
DA:374,3
DA:375,1
DA:376,1
DA:378,2
DA:379,2
DA:380,2
DA:381,0
DA:382,3
DA:385,2
DA:386,2
DA:390,3
DA:391,1
DA:392,1
DA:393,2
DA:394,4
DA:395,2
DA:399,3
DA:400,1
DA:402,1
DA:404,2
DA:405,1
DA:406,0
DA:407,2
DA:411,1
DA:412,2
DA:424,3
DA:425,1
DA:426,1
DA:428,1
DA:429,2
DA:430,2
DA:434,3
DA:435,1
DA:437,1
DA:438,2
DA:440,2
DA:441,3
DA:445,3
DA:446,1
DA:448,2
DA:449,1
DA:450,2
DA:451,2
DA:452,2
DA:453,2
DA:465,3
DA:466,1
DA:467,1
DA:468,1
DA:470,1
DA:471,1
DA:472,2
DA:476,3
DA:477,1
DA:478,1
DA:479,2
DA:483,3
DA:484,1
DA:485,1
DA:487,1
DA:488,2
DA:489,1
DA:490,0
DA:492,2
DA:493,1
DA:494,3
DA:506,3
DA:507,1
DA:508,1
DA:509,1
DA:512,1
DA:514,2
DA:515,1
DA:518,1
DA:519,1
DA:522,1
DA:525,1
DA:526,1
DA:527,1
DA:528,1
DA:531,2
DA:534,1
DA:535,2
DA:536,2
DA:540,3
DA:541,1
DA:542,1
DA:544,1
DA:545,1
DA:546,1
DA:549,1
DA:551,1
DA:552,1
DA:555,1
DA:556,1
DA:559,2
DA:560,2
DA:562,2
DA:563,2
LF:276
LH:268
end_of_record
TN:
SF:/workspaces/meow-decoder/rust_crypto/tests/comprehensive_tests.rs
FNF:0
DA:1,1
DA:34,3
DA:35,1
DA:36,1
DA:38,1
DA:39,2
DA:40,3
DA:41,2
DA:44,3
DA:45,1
DA:46,1
DA:48,1
DA:49,2
DA:51,2
DA:52,3
DA:55,3
DA:56,1
DA:58,1
DA:59,2
DA:61,2
DA:65,3
DA:68,3
DA:69,1
DA:71,1
DA:72,2
DA:74,2
DA:75,3
DA:78,3
DA:79,1
DA:80,1
DA:82,2
DA:83,2
DA:84,2
DA:85,2
DA:86,2
DA:89,3
DA:90,1
DA:91,1
DA:92,2
DA:93,2
DA:96,3
DA:97,1
DA:98,1
DA:99,1
DA:100,2
DA:101,2
DA:104,3
DA:105,1
DA:106,1
DA:107,2
DA:108,2
DA:109,2
DA:112,3
DA:113,1
DA:114,1
DA:115,1
DA:116,2
DA:117,2
DA:120,3
DA:121,1
DA:122,1
DA:123,2
DA:134,3
DA:135,1
DA:136,1
DA:137,1
DA:139,1
DA:140,2
DA:141,3
DA:142,2
DA:145,3
DA:146,1
DA:147,1
DA:148,1
DA:151,1
DA:154,1
DA:155,2
DA:157,2
DA:158,2
DA:161,3
DA:162,1
DA:163,1
DA:165,1
DA:166,2
DA:167,2
DA:170,3
DA:171,1
DA:172,1
DA:174,1
DA:175,2
DA:176,2
DA:179,3
DA:180,1
DA:181,1
DA:182,1
DA:184,2
DA:185,2
DA:186,2
DA:187,2
DA:188,2
DA:191,3
DA:192,1
DA:193,1
DA:194,2
DA:195,2
DA:198,3
DA:199,1
DA:200,2
DA:201,2
DA:202,2
DA:205,3
DA:206,1
DA:207,2
DA:208,2
DA:209,3
DA:212,3
DA:213,1
DA:214,2
DA:215,2
DA:218,3
DA:219,1
DA:220,1
DA:221,2
DA:232,3
DA:233,1
DA:234,1
DA:235,1
DA:237,1
DA:238,2
DA:239,2
DA:240,2
DA:243,3
DA:244,1
DA:245,1
DA:246,1
DA:247,1
DA:249,1
DA:250,2
DA:251,2
DA:252,2
DA:255,3
DA:256,1
DA:257,1
DA:258,1
DA:260,1
DA:261,2
DA:262,2
DA:263,3
DA:266,3
DA:267,1
DA:268,1
DA:269,1
DA:270,1
DA:272,1
DA:273,2
DA:274,2
DA:275,3
DA:278,3
DA:279,1
DA:280,1
DA:281,1
DA:282,1
DA:284,1
DA:285,2
DA:286,2
DA:287,3
DA:290,3
DA:291,1
DA:292,1
DA:293,1
DA:295,1
DA:296,2
DA:297,1
DA:298,0
DA:299,2
DA:302,3
DA:305,3
DA:306,1
DA:307,1
DA:309,1
DA:310,2
DA:311,1
DA:312,2
DA:313,2
DA:316,3
DA:317,1
DA:318,1
DA:319,1
DA:321,2
DA:322,2
DA:323,1
DA:324,2
DA:325,2
DA:328,3
DA:329,1
DA:330,1
DA:332,2
DA:333,1
DA:334,2
DA:335,2
DA:336,2
DA:337,2
DA:340,3
DA:341,1
DA:342,1
DA:344,1
DA:345,2
DA:347,2
DA:351,3
DA:354,3
DA:355,1
DA:356,1
DA:357,1
DA:359,1
DA:360,2
DA:362,2
DA:366,3
DA:369,3
DA:370,1
DA:371,1
DA:372,2
DA:375,3
DA:376,1
DA:377,1
DA:378,1
DA:381,2
DA:384,3
DA:385,1
DA:386,1
DA:387,2
DA:391,3
DA:392,1
DA:393,1
DA:394,1
DA:395,1
DA:397,1
DA:399,1
DA:400,1
DA:401,1
DA:406,1
DA:408,2
DA:409,1
DA:410,1
DA:411,1
DA:412,1
DA:416,2
DA:417,3
DA:428,3
DA:429,1
DA:430,2
DA:431,2
DA:434,3
DA:435,1
DA:436,1
DA:438,1
DA:439,2
DA:440,2
DA:443,3
DA:444,1
DA:445,1
DA:446,2
DA:447,2
DA:450,3
DA:451,1
DA:452,1
DA:453,2
DA:454,2
DA:457,3
DA:458,1
DA:459,2
DA:460,2
DA:461,2
DA:464,3
DA:465,1
DA:466,2
DA:467,2
DA:470,3
DA:471,1
DA:472,2
DA:473,1
DA:474,2
DA:475,2
DA:476,2
DA:477,2
DA:488,3
DA:489,1
DA:490,2
DA:491,2
DA:494,3
DA:495,1
DA:497,1
DA:498,1
DA:499,2
DA:500,2
DA:503,3
DA:504,1
DA:506,1
DA:507,1
DA:508,2
DA:509,2
DA:512,3
DA:513,1
DA:514,1
DA:515,2
DA:516,2
DA:519,3
DA:520,1
DA:521,1
DA:522,2
DA:523,3
DA:526,3
DA:529,1
DA:530,1
DA:531,2
DA:533,1
DA:534,1
DA:535,1
DA:537,1
DA:538,2
DA:539,3
DA:550,3
DA:551,1
DA:552,1
DA:553,1
DA:554,2
DA:557,3
DA:558,1
DA:559,1
DA:561,1
DA:562,1
DA:564,1
DA:565,2
DA:568,3
DA:569,1
DA:570,1
DA:571,1
DA:572,2
DA:575,3
DA:576,1
DA:577,1
DA:578,1
DA:580,1
DA:581,1
DA:582,1
DA:583,2
DA:586,3
DA:587,1
DA:588,1
DA:589,1
DA:590,1
DA:591,2
DA:594,3
DA:595,1
DA:596,1
DA:598,1
DA:599,3
DA:600,2
DA:603,3
DA:604,1
DA:605,1
DA:606,2
DA:609,3
DA:610,1
DA:615,1
DA:621,1
DA:622,1
DA:624,1
DA:625,1
DA:627,1
DA:629,1
DA:634,1
DA:635,2
DA:646,3
DA:647,1
DA:648,2
DA:651,3
DA:652,1
DA:653,2
DA:656,3
DA:657,1
DA:658,2
DA:661,3
DA:662,1
DA:663,1
DA:664,1
DA:665,2
DA:668,3
DA:669,1
DA:670,2
DA:673,3
DA:674,1
DA:675,1
DA:676,2
DA:677,2
DA:689,3
DA:690,1
DA:692,2
DA:693,2
DA:694,2
DA:697,3
DA:698,1
DA:700,2
DA:701,2
DA:703,2
DA:704,3
DA:707,3
DA:708,1
DA:709,2
DA:711,2
DA:712,2
DA:715,2
DA:718,2
DA:719,2
DA:720,3
DA:723,3
DA:724,1
DA:725,2
DA:728,2
DA:729,2
DA:732,3
DA:734,1
DA:735,2
DA:737,2
DA:738,2
DA:741,3
DA:742,1
DA:744,2
DA:745,2
DA:747,2
DA:748,2
DA:751,2
DA:752,2
DA:754,2
DA:755,1
DA:756,2
DA:759,3
DA:760,1
DA:761,2
DA:762,2
DA:765,3
DA:766,1
DA:767,2
DA:768,2
DA:769,2
DA:770,2
DA:773,3
DA:774,1
DA:775,2
DA:776,2
DA:777,2
DA:788,3
DA:789,1
DA:790,2
DA:791,3
DA:792,2
DA:795,3
DA:796,1
DA:797,1
DA:798,3
DA:799,2
DA:802,3
DA:803,1
DA:804,2
DA:805,1
DA:806,2
DA:809,3
DA:810,1
DA:811,2
DA:812,3
DA:813,2
DA:824,3
DA:825,1
DA:826,2
DA:827,2
DA:830,3
DA:831,1
DA:832,4
DA:833,2
DA:836,3
DA:837,1
DA:838,1
DA:839,2
DA:840,3
DA:843,3
DA:844,2
DA:845,1
DA:846,2
DA:847,2
DA:848,2
DA:851,3
DA:852,1
DA:854,2
DA:855,1
DA:856,3
DA:857,3
DA:859,1
DA:862,1
DA:863,2
DA:864,2
DA:875,3
DA:883,1
DA:884,1
DA:885,1
DA:888,1
DA:891,1
DA:892,1
DA:895,1
DA:898,2
DA:901,2
DA:904,1
DA:905,2
DA:906,2
DA:910,3
DA:914,1
DA:915,1
DA:917,1
DA:918,1
DA:919,1
DA:922,1
DA:923,2
DA:924,2
DA:925,2
DA:928,1
DA:929,1
DA:930,1
DA:932,1
DA:933,2
DA:934,2
DA:937,3
DA:938,1
DA:939,1
DA:942,1
DA:943,2
DA:944,2
DA:946,2
DA:947,2
DA:948,2
DA:949,3
DA:952,3
DA:956,1
DA:957,1
DA:958,1
DA:960,1
DA:962,1
DA:964,1
DA:965,1
DA:966,1
DA:967,1
DA:971,1
DA:974,1
DA:975,1
DA:976,1
DA:977,1
DA:981,1
DA:982,2
DA:985,1
DA:986,1
DA:987,1
DA:988,1
DA:989,1
DA:993,2
DA:994,2
DA:997,3
DA:998,1
DA:999,2
DA:1000,2
DA:1011,3
DA:1012,1
DA:1013,1
DA:1016,1
DA:1017,2
DA:1019,1
DA:1020,2
DA:1021,2
DA:1024,3
DA:1025,1
DA:1026,1
DA:1027,1
DA:1029,2
DA:1030,2
DA:1031,2
DA:1032,2
DA:1035,3
DA:1036,1
DA:1037,1
DA:1038,1
DA:1040,1
DA:1041,2
DA:1042,2
DA:1043,2
DA:1046,3
DA:1047,1
DA:1048,2
DA:1049,2
DA:1052,3
DA:1055,1
DA:1056,1
DA:1057,2
DA:1058,1
DA:1059,1
DA:1060,3
LF:601
LH:600
end_of_record
TN:
SF:/workspaces/meow-decoder/rust_crypto/tests/coverage_boost_tests.rs
FNF:0
DA:1,1
DA:11,1
DA:12,1
DA:13,1
DA:16,0
DA:17,0
DA:18,0
DA:19,0
DA:21,0
DA:31,3
DA:32,1
DA:33,2
DA:34,2
DA:37,3
DA:38,1
DA:39,2
DA:40,2
DA:43,3
DA:44,1
DA:45,2
DA:46,2
DA:49,3
DA:50,1
DA:51,1
DA:52,1
DA:53,2
DA:54,2
DA:55,2
DA:68,3
DA:69,1
DA:73,2
DA:74,2
DA:75,1
DA:76,2
DA:79,3
DA:80,1
DA:81,2
DA:82,2
DA:83,1
DA:84,2
DA:87,3
DA:88,1
DA:89,2
DA:90,2
DA:91,2
DA:94,3
DA:95,1
DA:99,2
DA:100,2
DA:101,1
DA:102,2
DA:105,3
DA:106,1
DA:107,2
DA:108,2
DA:109,2
DA:112,3
DA:113,1
DA:115,2
DA:120,3
DA:121,1
DA:122,3
DA:131,3
DA:132,1
DA:133,1
DA:134,2
DA:137,3
DA:138,1
DA:139,1
DA:140,1
DA:141,1
DA:142,2
DA:147,3
DA:148,1
DA:149,2
DA:150,2
DA:153,3
DA:154,1
DA:155,2
DA:156,2
DA:159,3
DA:160,1
DA:161,1
DA:162,1
DA:163,2
DA:168,3
DA:169,1
DA:170,1
DA:171,2
DA:173,1
DA:174,2
DA:175,1
DA:176,1
DA:177,2
DA:180,3
DA:181,1
DA:182,1
DA:183,2
DA:184,1
DA:185,2
DA:190,3
DA:191,1
DA:192,1
DA:193,2
DA:194,2
DA:196,1
DA:198,2
DA:199,2
DA:202,3
DA:203,1
DA:204,1
DA:205,2
DA:206,2
DA:209,3
DA:210,1
DA:211,1
DA:212,2
DA:213,2
DA:216,3
DA:217,1
DA:218,1
DA:219,2
DA:220,2
DA:223,3
DA:224,1
DA:225,1
DA:226,2
DA:227,2
DA:230,3
DA:231,1
DA:232,1
DA:233,2
DA:234,2
DA:235,2
DA:238,3
DA:239,1
DA:240,1
DA:241,2
DA:242,2
DA:243,2
DA:248,3
DA:249,1
DA:250,1
DA:251,2
DA:253,2
DA:254,2
DA:256,1
DA:259,2
DA:260,1
DA:261,2
DA:263,2
DA:266,3
DA:267,1
DA:268,1
DA:269,2
DA:270,2
DA:273,3
DA:274,1
DA:275,1
DA:276,2
DA:277,2
DA:280,3
DA:281,1
DA:282,1
DA:283,2
DA:284,2
DA:287,3
DA:288,1
DA:289,1
DA:291,2
DA:292,2
DA:293,2
DA:296,3
DA:297,1
DA:298,1
DA:300,2
DA:301,2
DA:302,2
DA:303,2
DA:308,3
DA:309,1
DA:310,1
DA:311,2
DA:312,1
DA:314,2
DA:315,2
DA:317,1
DA:318,2
DA:319,2
DA:322,3
DA:323,1
DA:324,1
DA:325,2
DA:326,2
DA:329,3
DA:330,1
DA:331,1
DA:332,2
DA:333,2
DA:336,3
DA:337,1
DA:339,1
DA:340,1
DA:341,1
DA:342,2
DA:343,2
DA:344,2
DA:347,3
DA:348,1
DA:349,1
DA:350,1
DA:351,1
DA:352,2
DA:353,2
DA:354,2
DA:357,3
DA:358,1
DA:359,1
DA:360,2
DA:361,2
DA:364,3
DA:365,1
DA:366,1
DA:367,2
DA:368,2
DA:371,3
DA:372,1
DA:373,2
DA:374,2
DA:375,2
DA:380,3
DA:381,1
DA:383,1
DA:384,2
DA:385,2
DA:387,1
DA:388,1
DA:389,2
DA:391,3
DA:392,2
DA:395,3
DA:396,1
DA:398,1
DA:399,1
DA:400,1
DA:401,2
DA:403,3
DA:404,2
DA:407,3
DA:408,1
DA:411,3
DA:412,1
DA:413,1
DA:414,2
DA:416,3
DA:417,2
DA:430,3
DA:432,1
DA:433,1
DA:434,1
DA:435,1
DA:436,2
DA:439,3
DA:440,1
DA:441,1
DA:442,1
DA:443,1
DA:444,2
DA:447,3
DA:448,1
DA:449,1
DA:450,1
DA:451,1
DA:452,2
DA:455,3
DA:456,1
DA:457,1
DA:458,2
DA:459,2
DA:462,1
DA:463,2
DA:466,3
DA:467,1
DA:468,1
DA:469,2
DA:470,2
DA:473,1
DA:474,2
DA:477,3
DA:478,1
DA:479,1
DA:480,1
DA:481,1
DA:482,2
DA:485,3
DA:486,1
DA:487,1
DA:488,2
DA:489,2
DA:490,1
DA:491,2
DA:496,3
DA:497,1
DA:498,1
DA:499,1
DA:500,1
DA:501,2
DA:506,3
DA:507,1
DA:508,1
DA:509,1
DA:510,1
DA:511,2
DA:514,3
DA:515,1
DA:516,1
DA:517,2
DA:518,1
DA:519,2
DA:520,1
DA:521,1
DA:522,2
DA:523,2
DA:528,3
DA:529,1
DA:530,1
DA:531,1
DA:532,1
DA:533,2
DA:536,3
DA:537,1
DA:538,1
DA:539,1
DA:540,1
DA:541,2
DA:544,3
DA:545,1
DA:546,1
DA:547,1
DA:548,1
DA:549,2
DA:552,3
DA:553,1
DA:554,2
DA:555,2
DA:558,2
DA:563,3
DA:564,1
DA:565,1
DA:566,1
DA:567,1
DA:568,2
DA:571,3
DA:572,1
DA:573,1
DA:574,1
DA:575,1
DA:576,1
DA:577,1
DA:578,2
DA:583,3
DA:584,1
DA:585,1
DA:586,1
DA:588,1
DA:589,2
DA:590,2
DA:593,1
DA:595,1
DA:596,1
DA:598,1
DA:599,2
DA:600,1
DA:601,2
DA:604,3
DA:605,1
DA:606,1
DA:607,1
DA:608,1
DA:609,2
DA:612,3
DA:613,1
DA:614,1
DA:615,1
DA:616,1
DA:617,2
DA:620,3
DA:621,1
DA:622,1
DA:623,1
DA:625,1
DA:626,2
DA:629,1
DA:630,1
DA:631,1
DA:632,1
DA:633,1
DA:634,2
DA:639,3
DA:640,1
DA:641,1
DA:642,1
DA:643,1
DA:644,2
DA:647,3
DA:648,1
DA:649,1
DA:650,1
DA:652,1
DA:653,1
DA:654,1
DA:657,1
DA:658,1
DA:659,1
DA:661,1
DA:662,2
DA:667,3
DA:668,1
DA:669,1
DA:670,1
DA:671,1
DA:672,2
DA:675,3
DA:676,1
DA:677,1
DA:678,1
DA:679,1
DA:680,1
DA:681,2
DA:686,3
DA:687,1
DA:688,1
DA:689,1
DA:690,1
DA:691,2
DA:694,3
DA:695,1
DA:697,1
DA:698,1
DA:699,1
DA:700,1
DA:701,2
DA:706,3
DA:707,1
DA:708,1
DA:709,1
DA:710,1
DA:711,2
DA:714,3
DA:715,1
DA:716,1
DA:717,1
DA:718,1
DA:719,1
DA:720,2
DA:725,3
DA:726,1
DA:727,1
DA:728,1
DA:729,1
DA:730,1
DA:731,1
DA:732,2
DA:735,3
DA:736,1
DA:737,1
DA:738,1
DA:739,1
DA:740,1
DA:741,1
DA:742,2
DA:745,3
DA:746,1
DA:747,1
DA:749,1
DA:750,1
DA:751,1
DA:752,1
DA:753,1
DA:754,2
DA:759,3
DA:760,1
DA:761,1
DA:762,2
DA:764,1
DA:765,2
DA:766,2
DA:769,3
DA:770,1
DA:771,1
DA:772,1
DA:773,1
DA:774,1
DA:775,1
DA:776,2
DA:781,3
DA:782,1
DA:783,1
DA:784,1
DA:785,2
DA:786,2
DA:787,1
DA:788,2
DA:791,3
DA:792,1
DA:793,1
DA:794,2
DA:795,2
DA:798,1
DA:799,2
DA:802,3
DA:803,1
DA:804,1
DA:805,1
DA:806,1
DA:807,2
DA:812,3
DA:813,1
DA:814,1
DA:815,1
DA:817,1
DA:818,2
DA:820,1
DA:821,1
DA:823,1
DA:824,1
DA:826,1
DA:827,1
DA:828,2
DA:831,3
DA:832,1
DA:833,1
DA:834,1
DA:835,1
DA:836,2
DA:839,3
DA:840,1
DA:841,1
DA:842,1
DA:843,1
DA:844,2
DA:847,3
DA:848,1
DA:849,1
DA:850,1
DA:851,1
DA:852,2
DA:857,3
DA:858,1
DA:859,1
DA:860,1
DA:861,1
DA:864,1
DA:865,1
DA:868,2
DA:873,3
DA:874,1
DA:875,1
DA:876,1
DA:877,2
DA:882,3
DA:883,1
DA:884,2
DA:885,2
DA:888,2
DA:891,3
DA:892,1
DA:893,1
DA:894,1
DA:895,2
DA:900,3
DA:901,2
DA:902,1
DA:903,1
DA:904,1
DA:908,1
DA:912,1
DA:913,1
DA:914,1
DA:915,2
DA:916,1
DA:917,1
DA:918,1
DA:919,1
DA:921,2
DA:922,2
DA:923,2
DA:924,1
DA:925,2
DA:930,3
DA:931,1
DA:932,1
DA:933,2
DA:934,1
DA:935,1
DA:936,1
DA:938,2
DA:939,1
DA:940,2
DA:941,2
DA:946,3
DA:947,1
DA:948,1
DA:950,1
DA:951,1
DA:953,1
DA:954,2
DA:955,2
DA:957,1
DA:958,1
DA:959,1
DA:960,1
DA:961,2
DA:966,3
DA:967,1
DA:968,1
DA:969,1
DA:970,1
DA:971,1
DA:972,2
DA:977,3
DA:978,1
DA:979,1
DA:980,1
DA:981,1
DA:982,1
DA:983,1
DA:984,1
DA:985,2
DA:988,3
DA:989,1
DA:990,1
DA:991,1
DA:992,2
DA:993,1
DA:994,2
DA:997,3
DA:998,1
DA:999,1
DA:1000,1
DA:1001,1
DA:1002,2
DA:1003,1
DA:1004,2
DA:1007,3
DA:1008,1
DA:1009,1
DA:1012,1
DA:1014,2
DA:1015,2
DA:1016,1
DA:1017,2
DA:1020,3
DA:1021,1
DA:1022,1
DA:1023,1
DA:1024,1
DA:1025,2
DA:1026,1
DA:1027,2
DA:1030,3
DA:1031,1
DA:1032,1
DA:1033,1
DA:1034,1
DA:1035,1
DA:1036,2
DA:1039,3
DA:1040,1
DA:1041,1
DA:1042,1
DA:1043,1
DA:1044,2
DA:1045,2
DA:1046,1
DA:1047,1
DA:1048,1
DA:1049,2
DA:1052,3
DA:1056,1
DA:1057,1
DA:1058,1
DA:1059,2
DA:1062,3
DA:1063,1
DA:1064,1
DA:1065,1
DA:1066,1
DA:1067,1
DA:1068,1
DA:1069,2
DA:1072,3
DA:1073,1
DA:1074,1
DA:1075,1
DA:1077,1
DA:1078,1
DA:1079,1
DA:1080,1
DA:1081,2
DA:1084,3
DA:1085,1
DA:1086,1
DA:1087,1
DA:1088,1
DA:1089,2
DA:1090,2
DA:1091,1
DA:1092,2
DA:1095,3
DA:1096,1
DA:1097,1
DA:1098,1
DA:1099,1
DA:1100,1
DA:1101,2
DA:1102,2
DA:1103,1
DA:1104,2
DA:1107,3
DA:1108,1
DA:1109,1
DA:1110,1
DA:1111,1
DA:1112,1
DA:1113,1
DA:1114,1
DA:1115,2
DA:1120,3
DA:1121,1
DA:1122,1
DA:1124,1
DA:1125,2
DA:1126,2
DA:1127,2
LF:735
LH:730
end_of_record
TN:
SF:/workspaces/meow-decoder/rust_crypto/tests/ffi_fuzz.rs
FNF:0
DA:1,1
DA:44,3
DA:45,3
DA:46,3
DA:47,3
DA:49,0
DA:51,3
DA:52,3
DA:53,3
DA:54,3
DA:67,1
DA:69,1
DA:70,1
DA:73,1
DA:74,1
DA:75,2
DA:76,1
DA:77,1
DA:79,1
DA:80,2
DA:81,1
DA:84,2
DA:86,2
DA:92,1
DA:93,1
DA:94,1
DA:95,1
DA:98,1
DA:99,1
DA:100,2
DA:104,0
DA:105,3
DA:114,1
DA:115,1
DA:116,2
DA:117,1
DA:119,2
DA:120,1
DA:123,2
DA:125,2
DA:128,1
DA:129,1
DA:130,1
DA:131,1
DA:134,1
DA:136,2
DA:139,1
DA:140,1
DA:141,1
DA:142,1
DA:143,1
DA:144,1
DA:145,1
DA:146,1
DA:147,1
DA:156,1
DA:157,1
DA:158,0
DA:161,1
DA:162,1
DA:163,2
DA:164,1
DA:165,1
DA:167,2
DA:168,1
DA:171,2
DA:173,2
DA:176,1
DA:177,1
DA:178,1
DA:179,1
DA:181,1
DA:182,1
DA:183,0
DA:186,2
DA:187,2
DA:189,1
DA:191,1
DA:192,2
DA:194,2
DA:195,2
DA:196,2
DA:197,1
DA:198,1
DA:199,0
DA:200,1
DA:208,3
DA:212,2
DA:213,1
DA:214,1
DA:215,1
DA:218,3
DA:219,1
DA:220,2
DA:221,1
DA:222,1
DA:223,2
DA:227,3
DA:228,2
DA:229,1
DA:230,2
DA:231,1
DA:232,1
DA:233,2
DA:237,3
DA:239,1
DA:241,2
DA:243,1
DA:244,2
DA:248,3
DA:250,1
DA:251,1
DA:252,2
DA:254,1
DA:255,2
DA:256,1
DA:258,0
DA:259,2
DA:263,1
DA:264,2
DA:268,3
DA:269,1
DA:270,1
DA:273,2
DA:274,0
DA:275,0
DA:277,0
DA:278,0
DA:280,0
DA:282,0
DA:283,2
DA:288,3
DA:289,1
DA:290,1
DA:293,3
DA:294,1
DA:297,2
DA:298,0
DA:299,2
DA:302,3
DA:306,3
DA:307,1
DA:308,1
DA:311,1
DA:312,3
DA:313,1
DA:316,1
DA:317,0
DA:318,2
DA:321,3
DA:325,3
DA:326,1
DA:327,1
DA:330,2
DA:334,1
DA:335,0
DA:336,2
DA:339,3
DA:343,3
DA:344,1
DA:345,2
DA:346,1
DA:347,2
DA:348,2
DA:349,1
DA:350,2
DA:354,3
DA:355,1
DA:356,2
DA:357,1
DA:358,2
DA:362,3
DA:363,1
DA:364,2
DA:365,0
DA:366,1
DA:368,0
DA:371,2
DA:375,3
DA:376,1
DA:377,2
DA:378,2
DA:379,1
DA:380,2
DA:381,3
DA:386,3
DA:387,2
DA:388,1
DA:389,2
DA:390,2
DA:391,2
DA:392,1
DA:393,1
DA:394,2
DA:398,3
DA:402,1
DA:405,2
DA:406,1
DA:407,2
DA:408,2
DA:409,8
DA:410,5
DA:411,1
DA:412,6
DA:413,1
DA:414,1
DA:416,2
DA:417,2
DA:418,1
DA:419,2
DA:423,3
DA:424,1
DA:425,1
DA:428,3
DA:429,1
DA:432,1
DA:433,0
DA:434,2
DA:437,3
DA:441,3
DA:442,1
DA:443,2
DA:444,1
DA:445,2
DA:446,0
DA:447,2
DA:451,3
DA:452,2
DA:453,1
DA:454,2
DA:455,0
DA:456,2
DA:460,3
DA:461,2
DA:465,3
DA:466,1
DA:467,1
DA:468,1
DA:471,2
DA:475,3
DA:477,1
DA:484,2
DA:485,1
DA:486,0
DA:487,2
DA:489,0
DA:491,1
DA:492,2
DA:496,3
DA:497,1
DA:498,1
DA:505,3
DA:506,1
DA:509,1
DA:512,0
DA:513,2
DA:516,3
LF:257
LH:234
end_of_record
TN:
SF:/workspaces/meow-decoder/rust_crypto/tests/handle_coverage_tests.rs
FNF:0
DA:1,1
DA:11,1
DA:12,1
DA:13,1
DA:15,1
DA:16,1
DA:17,1
DA:22,3
DA:23,2
DA:24,1
DA:25,1
DA:26,1
DA:30,1
DA:34,1
DA:35,1
DA:36,1
DA:37,2
DA:38,1
DA:39,1
DA:40,1
DA:41,1
DA:44,2
DA:45,2
DA:46,2
DA:47,2
DA:48,2
DA:49,2
DA:52,1
DA:53,1
DA:54,2
DA:61,1
DA:62,2
DA:69,1
DA:70,1
DA:71,1
DA:72,1
DA:73,2
DA:78,3
DA:79,1
DA:80,1
DA:81,1
DA:83,1
DA:84,2
DA:87,1
DA:88,1
DA:90,1
DA:91,2
DA:94,3
DA:95,1
DA:96,1
DA:98,2
DA:99,1
DA:101,2
DA:102,2
DA:105,3
DA:106,1
DA:107,1
DA:109,2
DA:110,1
DA:112,2
DA:113,2
DA:116,3
DA:117,1
DA:118,1
DA:120,2
DA:121,1
DA:123,2
DA:124,2
DA:127,3
DA:128,1
DA:129,1
DA:130,2
DA:133,1
DA:134,1
DA:136,2
DA:137,2
DA:140,3
DA:141,1
DA:142,1
DA:144,1
DA:145,2
DA:146,2
DA:151,2
DA:152,2
DA:155,3
DA:156,1
DA:157,1
DA:160,1
DA:161,2
DA:163,2
DA:165,1
DA:166,2
DA:169,3
DA:170,1
DA:171,1
DA:172,2
DA:173,1
DA:174,2
DA:179,3
DA:180,1
DA:181,1
DA:182,1
DA:184,1
DA:185,1
DA:186,2
DA:189,1
DA:190,1
DA:191,2
DA:193,1
DA:194,1
DA:195,1
DA:196,2
DA:199,3
DA:200,1
DA:201,1
DA:202,1
DA:205,1
DA:206,1
DA:208,1
DA:209,2
DA:212,2
DA:213,1
DA:214,2
DA:216,2
DA:217,1
DA:219,1
DA:220,1
DA:221,1
DA:222,2
DA:225,3
DA:226,1
DA:227,1
DA:228,2
DA:229,1
DA:230,2
DA:235,3
DA:236,1
DA:237,1
DA:238,1
DA:240,1
DA:241,1
DA:242,2
DA:244,1
DA:245,1
DA:246,2
DA:249,3
DA:250,1
DA:251,1
DA:252,1
DA:254,1
DA:255,1
DA:257,2
DA:258,1
DA:260,1
DA:261,1
DA:262,2
DA:265,3
DA:266,1
DA:267,1
DA:268,1
DA:270,1
DA:271,2
DA:272,1
DA:274,2
DA:275,1
DA:276,2
DA:279,3
DA:280,1
DA:281,1
DA:282,1
DA:284,1
DA:285,1
DA:287,1
DA:288,1
DA:289,2
DA:292,3
DA:293,1
DA:294,1
DA:295,2
DA:296,1
DA:297,2
DA:302,3
DA:303,1
DA:304,1
DA:305,1
DA:307,1
DA:308,1
DA:310,1
DA:311,1
DA:312,2
DA:315,3
DA:316,1
DA:317,1
DA:318,2
DA:319,1
DA:320,2
DA:325,3
DA:326,1
DA:327,1
DA:328,1
DA:331,1
DA:334,2
DA:337,1
DA:338,1
DA:339,1
DA:340,2
DA:341,2
DA:343,1
DA:344,1
DA:345,1
DA:346,2
DA:349,3
DA:350,1
DA:351,1
DA:352,2
DA:353,1
DA:354,2
DA:359,3
DA:360,1
DA:361,1
DA:364,1
DA:365,2
DA:366,2
DA:367,2
DA:369,2
DA:370,1
DA:371,1
DA:374,1
DA:375,2
DA:376,2
DA:377,2
DA:378,2
DA:379,1
DA:380,1
DA:383,1
DA:384,1
DA:385,2
DA:386,2
DA:387,2
DA:388,1
DA:391,1
DA:392,1
DA:393,2
DA:394,2
DA:395,1
DA:396,2
DA:399,3
DA:401,1
DA:402,1
DA:404,1
DA:405,1
DA:407,1
DA:408,1
DA:410,1
DA:411,2
DA:412,2
DA:414,1
DA:415,1
DA:416,1
DA:417,1
DA:418,1
DA:419,1
DA:420,2
DA:423,3
DA:424,1
DA:425,1
DA:426,2
DA:427,1
DA:428,2
DA:433,3
DA:434,1
DA:435,1
DA:436,1
DA:437,1
DA:439,1
DA:440,1
DA:443,1
DA:444,1
DA:445,2
DA:446,2
DA:448,1
DA:449,1
DA:450,2
DA:453,3
DA:454,1
DA:456,1
DA:457,1
DA:459,1
DA:460,2
DA:461,2
DA:463,2
DA:464,1
DA:465,1
DA:466,2
DA:469,3
DA:470,1
DA:471,1
DA:472,1
DA:473,1
DA:474,1
DA:475,2
DA:478,3
DA:479,1
DA:480,1
DA:481,2
DA:482,1
DA:483,2
DA:488,3
DA:489,1
DA:490,1
DA:491,1
DA:493,1
DA:494,1
DA:496,1
DA:497,2
DA:499,1
DA:500,1
DA:501,2
DA:504,3
DA:505,1
DA:507,1
DA:508,1
DA:510,1
DA:511,2
DA:512,2
DA:514,2
DA:515,1
DA:516,1
DA:517,2
DA:520,3
DA:521,1
DA:522,1
DA:523,2
DA:524,1
DA:525,2
DA:530,3
DA:531,1
DA:532,1
DA:533,1
DA:535,1
DA:536,2
DA:538,1
DA:539,1
DA:540,2
DA:543,3
DA:544,1
DA:546,1
DA:547,1
DA:549,1
DA:550,2
DA:551,2
DA:553,2
DA:554,1
DA:555,1
DA:556,2
DA:559,3
DA:560,1
DA:561,1
DA:562,2
DA:563,1
DA:564,2
DA:569,3
DA:570,1
DA:571,1
DA:573,1
DA:574,1
DA:576,1
DA:577,2
DA:579,1
DA:580,1
DA:581,1
DA:582,2
DA:585,3
DA:586,1
DA:587,1
DA:589,1
DA:590,1
DA:592,1
DA:593,2
DA:594,2
DA:599,2
DA:600,1
DA:601,1
DA:602,1
DA:603,2
DA:606,3
DA:607,1
DA:608,1
DA:609,1
DA:610,2
DA:611,1
DA:612,1
DA:613,2
DA:616,3
DA:617,1
DA:618,1
DA:619,1
DA:620,2
DA:621,1
DA:622,1
DA:623,2
DA:628,3
DA:629,1
DA:630,1
DA:631,1
DA:633,1
DA:634,2
DA:637,1
DA:638,2
DA:640,1
DA:641,2
DA:644,3
DA:645,1
DA:646,1
DA:648,1
DA:649,1
DA:652,1
DA:653,2
DA:656,2
DA:657,2
DA:659,2
DA:660,1
DA:662,1
DA:663,2
DA:666,3
DA:667,1
DA:668,1
DA:669,2
DA:676,1
DA:677,2
DA:680,3
DA:681,1
DA:682,1
DA:683,2
DA:684,1
DA:685,2
DA:690,3
DA:692,1
DA:693,1
DA:696,2
DA:699,1
DA:700,1
DA:702,1
DA:703,1
DA:704,2
DA:707,3
DA:708,1
DA:709,1
DA:711,2
DA:712,1
DA:715,1
DA:717,1
DA:720,1
DA:721,1
DA:722,2
DA:723,2
DA:725,1
DA:726,1
DA:727,1
DA:728,1
DA:729,1
DA:730,2
DA:733,3
DA:734,1
DA:735,2
DA:742,2
DA:747,3
DA:749,1
DA:750,1
DA:752,1
DA:753,1
DA:754,1
DA:757,2
DA:766,1
DA:769,1
DA:780,1
DA:783,1
DA:784,1
DA:785,2
DA:786,2
DA:788,1
DA:789,1
DA:790,1
DA:791,2
DA:794,3
DA:795,1
DA:797,1
DA:798,1
DA:799,1
DA:801,1
DA:802,1
DA:803,1
DA:805,2
DA:814,1
DA:816,1
DA:827,1
DA:830,1
DA:831,1
DA:832,2
DA:833,2
DA:835,1
DA:836,1
DA:837,1
DA:838,2
DA:841,3
DA:842,1
DA:846,2
DA:847,2
DA:850,3
DA:851,1
DA:852,1
DA:863,2
DA:864,1
DA:865,2
DA:868,3
DA:869,1
DA:870,1
DA:881,2
DA:882,1
DA:883,2
DA:886,3
DA:887,1
DA:888,1
DA:891,2
DA:892,1
DA:893,2
DA:898,3
DA:899,1
DA:900,1
DA:901,1
DA:904,1
DA:905,1
DA:906,2
DA:907,2
DA:909,1
DA:910,1
DA:911,2
DA:914,3
DA:915,1
DA:916,1
DA:918,1
DA:919,1
DA:922,1
DA:923,2
DA:925,1
DA:926,1
DA:927,1
DA:928,2
DA:931,3
DA:932,1
DA:933,1
DA:934,2
DA:935,1
DA:936,2
DA:941,3
DA:942,1
DA:943,2
DA:944,2
DA:947,3
DA:948,1
DA:949,1
DA:950,1
DA:951,2
DA:952,1
DA:953,1
DA:954,2
DA:957,3
DA:958,1
DA:959,1
DA:960,2
DA:961,1
DA:962,2
DA:967,3
DA:968,1
DA:969,1
DA:972,1
DA:973,1
DA:975,1
DA:976,1
DA:977,1
DA:978,2
DA:981,3
DA:982,1
DA:983,1
DA:985,1
DA:986,1
DA:988,1
DA:989,1
DA:990,1
DA:991,2
DA:994,3
DA:995,1
DA:996,1
DA:997,2
DA:998,1
DA:999,2
DA:1002,3
DA:1003,1
DA:1004,1
DA:1005,1
DA:1006,2
DA:1007,1
DA:1008,2
DA:1011,3
DA:1012,1
DA:1013,1
DA:1014,1
DA:1015,2
DA:1020,3
DA:1021,1
DA:1022,1
DA:1023,2
DA:1030,1
DA:1031,2
DA:1034,3
DA:1035,1
DA:1036,1
DA:1037,2
DA:1038,1
DA:1039,2
DA:1044,3
DA:1045,1
DA:1046,1
DA:1047,2
DA:1054,1
DA:1055,2
DA:1058,3
DA:1059,1
DA:1060,1
DA:1061,2
DA:1062,1
DA:1063,2
DA:1068,3
DA:1069,1
DA:1070,1
DA:1071,2
DA:1072,1
DA:1073,2
DA:1076,3
DA:1077,1
DA:1078,1
DA:1079,2
DA:1080,1
DA:1081,2
DA:1086,3
DA:1087,1
DA:1088,2
DA:1095,2
DA:1100,3
DA:1101,1
DA:1102,1
DA:1103,1
DA:1104,1
DA:1105,1
DA:1106,2
DA:1109,3
DA:1110,1
DA:1111,1
DA:1112,1
DA:1113,1
DA:1114,2
DA:1117,3
DA:1118,1
DA:1119,1
DA:1120,1
DA:1121,2
DA:1122,2
DA:1127,3
DA:1128,1
DA:1129,1
DA:1132,1
DA:1133,1
DA:1134,1
DA:1136,3
DA:1137,2
DA:1138,1
DA:1139,1
DA:1142,1
DA:1143,1
DA:1144,2
DA:1145,2
DA:1146,1
DA:1148,1
DA:1149,1
DA:1150,1
DA:1151,2
DA:1156,3
DA:1157,1
DA:1158,2
DA:1165,2
LF:690
LH:690
end_of_record
TN:
SF:/workspaces/meow-decoder/rust_crypto/tests/property_tests.rs
FNF:0
DA:1,1
DA:34,1
DA:35,1
DA:36,1
DA:41,1
DA:42,1
DA:43,1
DA:44,2
DA:45,2
DA:46,1
DA:47,2
DA:48,1
DA:50,1
DA:51,2
DA:53,1
DA:55,2
DA:56,1
DA:57,1
DA:58,1
DA:59,1
DA:62,1
DA:63,1
DA:64,1
DA:65,1
DA:66,1
DA:67,1
DA:68,1
DA:69,1
DA:75,1
DA:80,3
DA:81,2
DA:83,2
DA:84,4
DA:86,2
DA:87,2
DA:88,1
DA:89,1
DA:94,1
DA:101,1
DA:106,3
DA:107,2
DA:109,2
DA:110,2
DA:111,2
DA:112,1
DA:113,1
DA:114,1
DA:115,0
DA:118,1
DA:125,1
DA:132,3
DA:133,2
DA:136,2
DA:137,2
DA:138,2
DA:139,1
DA:140,1
DA:143,1
DA:144,2
DA:145,1
DA:146,2
DA:147,2
DA:148,1
DA:155,1
DA:162,3
DA:163,2
DA:164,2
DA:167,2
DA:168,2
DA:172,1
DA:175,2
DA:176,2
DA:177,2
DA:178,1
DA:179,1
DA:185,1
DA:186,2
DA:187,1
DA:188,1
DA:193,1
DA:202,1
DA:203,1
DA:204,1
DA:205,1
DA:206,1
DA:207,2
DA:208,1
DA:209,1
DA:210,1
DA:211,1
DA:213,1
DA:218,3
DA:219,2
DA:220,2
DA:222,2
DA:223,2
DA:224,2
DA:227,2
DA:228,1
DA:232,2
DA:233,1
DA:235,2
DA:242,1
DA:247,3
DA:248,2
DA:249,2
DA:250,2
DA:251,2
DA:253,2
DA:254,2
DA:255,2
DA:256,1
DA:259,1
DA:264,3
DA:265,2
DA:266,2
DA:267,2
DA:268,2
DA:270,2
DA:271,2
DA:273,2
DA:274,1
DA:281,1
DA:286,3
DA:287,2
DA:288,2
DA:289,2
DA:290,2
DA:293,2
DA:295,2
DA:296,1
DA:297,1
DA:298,0
DA:302,2
DA:303,2
DA:304,2
DA:311,1
DA:318,3
DA:319,2
DA:320,2
DA:321,2
DA:324,2
DA:325,1
DA:326,1
DA:327,1
DA:328,0
DA:333,2
DA:334,1
DA:335,2
DA:336,1
DA:337,2
DA:338,2
DA:341,1
DA:342,2
DA:343,1
DA:344,2
DA:347,1
DA:348,2
DA:349,1
DA:350,2
DA:351,1
DA:358,1
DA:364,3
DA:365,2
DA:367,1
DA:368,2
DA:369,1
DA:372,0
DA:373,2
DA:378,2
DA:379,1
DA:380,2
DA:381,0
DA:382,1
DA:387,1
DA:388,0
DA:389,2
DA:392,2
DA:399,1
DA:404,3
DA:405,2
DA:406,2
DA:408,2
DA:410,2
DA:411,2
DA:414,2
DA:415,2
DA:418,3
DA:419,1
DA:426,1
DA:432,2
DA:434,1
DA:435,1
DA:436,1
DA:438,1
DA:439,1
DA:440,1
DA:442,1
DA:443,1
DA:446,1
DA:447,1
DA:455,1
DA:461,3
DA:462,2
DA:463,2
DA:465,2
DA:467,2
DA:468,2
DA:469,2
DA:470,1
DA:477,1
DA:482,3
DA:483,2
DA:484,2
DA:485,2
DA:487,2
DA:488,1
DA:489,1
DA:490,1
DA:491,0
DA:493,2
DA:494,2
DA:495,1
LF:223
LH:216
end_of_record
TN:
SF:/workspaces/meow-decoder/rust_crypto/tests/proptest_crypto.rs
FNF:0
DA:1,1
DA:21,5
DA:25,3
DA:26,2
DA:27,2
DA:29,2
DA:30,1
DA:32,1
DA:33,2
DA:35,2
DA:36,1
DA:41,3
DA:42,2
DA:43,2
DA:45,2
DA:46,1
DA:48,1
DA:50,2
DA:51,1
DA:56,3
DA:57,2
DA:58,2
DA:59,2
DA:61,2
DA:63,2
DA:64,1
DA:65,1
DA:67,1
DA:68,2
DA:69,2
DA:70,2
DA:76,3
DA:77,2
DA:78,2
DA:79,2
DA:80,2
DA:82,2
DA:84,2
DA:85,1
DA:87,1
DA:90,1
DA:91,1
DA:92,1
DA:93,1
DA:94,1
DA:97,1
DA:99,1
DA:100,1
DA:101,1
DA:102,1
DA:103,1
DA:107,2
DA:108,2
DA:113,3
DA:114,2
DA:115,2
DA:116,1
DA:118,2
DA:119,1
DA:121,1
DA:123,2
DA:124,1
DA:125,2
DA:127,1
DA:128,2
DA:129,2
DA:136,3
DA:140,3
DA:141,2
DA:143,2
DA:144,1
DA:146,1
DA:147,1
DA:149,1
DA:150,1
DA:152,1
DA:158,3
DA:160,1
DA:162,1
DA:163,1
DA:165,1
DA:171,3
DA:172,2
DA:174,2
DA:175,1
DA:177,1
DA:178,1
DA:180,1
DA:188,4
DA:192,3
DA:193,2
DA:195,2
DA:197,1
DA:198,2
DA:200,2
DA:201,1
DA:206,3
DA:207,2
DA:208,2
DA:210,2
DA:211,2
DA:213,1
DA:214,2
DA:216,2
DA:217,1
DA:222,3
DA:223,2
DA:224,2
DA:226,2
DA:227,2
DA:228,1
DA:230,1
DA:231,2
DA:233,2
DA:234,1
DA:239,3
DA:240,2
DA:241,1
DA:243,2
DA:245,1
DA:247,2
DA:248,1
DA:255,3
DA:259,3
DA:260,2
DA:262,2
DA:263,2
DA:265,2
DA:266,2
DA:271,3
DA:272,2
DA:273,2
DA:275,2
DA:277,2
DA:278,2
DA:280,2
DA:281,2
DA:286,3
DA:287,2
DA:289,2
DA:291,2
DA:292,1
DA:299,3
DA:303,3
DA:305,2
DA:306,2
DA:308,2
DA:309,1
DA:314,3
DA:315,2
DA:317,2
DA:319,2
DA:320,2
DA:322,2
DA:323,1
DA:328,3
DA:330,2
DA:331,2
DA:332,1
DA:339,2
DA:343,3
DA:345,1
DA:346,2
DA:348,3
DA:349,1
DA:354,2
DA:356,1
DA:357,1
DA:359,3
DA:367,2
DA:371,3
DA:373,2
DA:379,3
DA:380,2
DA:382,2
DA:383,2
DA:391,1
DA:395,1
DA:396,3
DA:397,2
DA:398,2
DA:400,2
DA:401,1
DA:404,1
DA:407,2
DA:410,2
DA:412,2
DA:413,1
LF:188
LH:188
end_of_record
