TN:
SF:/workspaces/meow-decoder/crypto_core/src/aead_wrapper.rs
FN:93,UniqueNonce::take
FN:118,<impl Default for NonceManager>::default
FN:131,NonceManager::new
FN:156,NonceManager::allocate_nonce
FN:189,NonceManager::nonce_count
FN:214,AuthenticatedPlaintext::data
FN:219,AuthenticatedPlaintext::into_data
FN:238,<impl Zeroize for AeadWrapper>::zeroize
FN:256,AeadWrapper::new
FN:286,AeadWrapper::encrypt
FN:323,AeadWrapper::decrypt
FN:357,AeadWrapper::encrypt_raw
FN:378,AeadWrapper::decrypt_raw
FN:392,AeadWrapper::aes_gcm_encrypt
FN:424,AeadWrapper::aes_gcm_decrypt
FN:449,AeadWrapper::encryption_count
FN:456,<impl Drop for AeadWrapper>::drop
FNF:17
FNDA:4,UniqueNonce::take
FNDA:2,<impl Default for NonceManager>::default
FNDA:6,NonceManager::new
FNDA:4,NonceManager::allocate_nonce
FNDA:4,NonceManager::nonce_count
FNDA:4,AuthenticatedPlaintext::data
FNDA:3,AuthenticatedPlaintext::into_data
FNDA:0,<impl Zeroize for AeadWrapper>::zeroize
FNDA:6,AeadWrapper::new
FNDA:4,AeadWrapper::encrypt
FNDA:5,AeadWrapper::decrypt
FNDA:3,AeadWrapper::encrypt_raw
FNDA:3,AeadWrapper::decrypt_raw
FNDA:5,AeadWrapper::aes_gcm_encrypt
FNDA:5,AeadWrapper::aes_gcm_decrypt
FNDA:2,AeadWrapper::encryption_count
FNDA:6,<impl Drop for AeadWrapper>::drop
DA:93,4
DA:96,4
DA:97,4
DA:99,4
DA:118,2
DA:119,2
DA:131,6
DA:133,6
DA:134,6
DA:137,6
DA:140,6
DA:156,4
DA:158,4
DA:161,4
DA:162,0
DA:166,4
DA:167,4
DA:168,4
DA:173,4
DA:174,4
DA:178,8
DA:181,4
DA:182,4
DA:189,4
DA:190,4
DA:214,4
DA:215,4
DA:219,3
DA:220,3
DA:238,0
DA:240,0
DA:256,6
DA:257,6
DA:258,3
DA:261,6
DA:262,6
DA:264,6
DA:265,6
DA:266,6
DA:286,4
DA:292,4
DA:293,4
DA:297,4
DA:299,4
DA:323,5
DA:330,5
DA:331,3
DA:335,7
DA:338,4
DA:357,3
DA:363,3
DA:378,3
DA:384,3
DA:385,2
DA:387,3
DA:392,5
DA:409,5
DA:411,10
DA:417,5
DA:418,5
DA:419,5
DA:424,5
DA:435,5
DA:437,10
DA:443,5
DA:444,5
DA:445,10
DA:449,2
DA:450,2
DA:456,6
DA:457,6
LF:71
LH:68
end_of_record
TN:
SF:/workspaces/meow-decoder/crypto_core/src/hsm.rs
FNF:0
DA:168,0
DA:169,0
LF:2
LH:0
end_of_record
TN:
SF:/workspaces/meow-decoder/crypto_core/src/nonce.rs
FN:32,Nonce::from_bytes
FN:45,Nonce::from_array
FN:50,Nonce::as_bytes
FN:56,<impl AsRef for Nonce>::as_ref
FN:78,<impl Display for NonceError>::fmt
FN:129,NonceGenerator::new
FN:142,NonceGenerator::with_session_id
FN:165,NonceGenerator::next
FN:181,NonceGenerator::count
FN:186,NonceGenerator::is_near_exhaustion
FN:193,<impl Default for NonceGenerator>::default
FN:229,NonceTracker::new
FN:234,NonceTracker::with_capacity
FN:253,NonceTracker::check_and_mark
FN:269,NonceTracker::was_seen
FN:274,NonceTracker::len
FN:279,NonceTracker::is_empty
FN:288,NonceTracker::clear
FN:294,<impl Default for NonceTracker>::default
FNF:19
FNDA:5,Nonce::from_bytes
FNDA:5,Nonce::from_array
FNDA:6,Nonce::as_bytes
FNDA:4,<impl AsRef for Nonce>::as_ref
FNDA:4,<impl Display for NonceError>::fmt
FNDA:6,NonceGenerator::new
FNDA:2,NonceGenerator::with_session_id
FNDA:6,NonceGenerator::next
FNDA:4,NonceGenerator::count
FNDA:4,NonceGenerator::is_near_exhaustion
FNDA:4,<impl Default for NonceGenerator>::default
FNDA:6,NonceTracker::new
FNDA:6,NonceTracker::with_capacity
FNDA:6,NonceTracker::check_and_mark
FNDA:3,NonceTracker::was_seen
FNDA:4,NonceTracker::len
FNDA:2,NonceTracker::is_empty
FNDA:4,NonceTracker::clear
FNDA:4,<impl Default for NonceTracker>::default
DA:32,5
DA:33,5
DA:34,5
DA:39,4
DA:40,4
DA:41,4
DA:45,5
DA:50,6
DA:56,4
DA:78,4
DA:79,4
DA:80,4
DA:81,4
DA:87,4
DA:88,4
DA:129,6
DA:130,6
DA:131,6
DA:135,6
DA:142,2
DA:144,2
DA:165,6
DA:166,6
DA:168,6
DA:169,0
DA:173,6
DA:174,6
DA:175,6
DA:177,6
DA:181,4
DA:182,4
DA:186,4
DA:188,4
DA:193,4
DA:194,4
DA:229,6
DA:230,6
DA:234,6
DA:236,6
DA:253,6
DA:254,6
DA:257,4
DA:260,6
DA:261,5
DA:264,6
DA:265,6
DA:269,3
DA:270,3
DA:274,4
DA:275,4
DA:279,2
DA:280,2
DA:288,4
DA:289,4
DA:294,4
DA:295,4
LF:56
LH:55
end_of_record
TN:
SF:/workspaces/meow-decoder/crypto_core/src/pure_crypto.rs
FN:97,<impl Display for CryptoError>::fmt
FN:126,SecretKey::from_bytes
FN:136,SecretKey::as_bytes
FN:142,<impl AsRef for SecretKey>::as_ref
FN:155,Nonce::from_bytes
FN:166,Nonce::random
FN:173,Nonce::as_bytes
FN:179,<impl AsRef for Nonce>::as_ref
FN:192,Salt::from_bytes
FN:203,Salt::random
FN:210,Salt::as_bytes
FN:216,<impl AsRef for Salt>::as_ref
FN:325,aes_ctr_crypt
FN:389,<impl Default for Argon2Params>::default
FN:400,Argon2Params::owasp_minimum
FN:409,Argon2Params::ultra
FN:464,hkdf_derive
FN:479,hkdf_derive_key
FN:502,X25519KeyPair::generate
FN:514,X25519KeyPair::public_bytes
FN:519,X25519KeyPair::secret_bytes
FN:525,X25519KeyPair::diffie_hellman
FN:546,hmac_sha256
FN:565,hmac_sha256_verify
FN:576,sha256
FN:588,constant_time_eq
FN:601,random_bytes
FN:609,random_key
FN:721,pq::backend::mldsa65_keygen
FN:743,pq::backend::mldsa65_sign
FN:763,pq::backend::mldsa65_verify
FNF:31
FNDA:4,<impl Display for CryptoError>::fmt
FNDA:5,SecretKey::from_bytes
FNDA:5,SecretKey::as_bytes
FNDA:4,<impl AsRef for SecretKey>::as_ref
FNDA:5,Nonce::from_bytes
FNDA:4,Nonce::random
FNDA:5,Nonce::as_bytes
FNDA:4,<impl AsRef for Nonce>::as_ref
FNDA:5,Salt::from_bytes
FNDA:4,Salt::random
FNDA:5,Salt::as_bytes
FNDA:4,<impl AsRef for Salt>::as_ref
FNDA:2,aes_ctr_crypt
FNDA:4,<impl Default for Argon2Params>::default
FNDA:4,Argon2Params::owasp_minimum
FNDA:4,Argon2Params::ultra
FNDA:5,hkdf_derive
FNDA:4,hkdf_derive_key
FNDA:5,X25519KeyPair::generate
FNDA:5,X25519KeyPair::public_bytes
FNDA:1,X25519KeyPair::secret_bytes
FNDA:5,X25519KeyPair::diffie_hellman
FNDA:5,hmac_sha256
FNDA:5,hmac_sha256_verify
FNDA:5,sha256
FNDA:5,constant_time_eq
FNDA:4,random_bytes
FNDA:4,random_key
FNDA:0,pq::backend::mldsa65_keygen
FNDA:0,pq::backend::mldsa65_sign
FNDA:0,pq::backend::mldsa65_verify
DA:97,4
DA:98,4
DA:99,4
DA:100,4
DA:102,4
DA:103,4
DA:105,4
DA:106,4
DA:107,4
DA:108,4
DA:109,4
DA:110,4
DA:126,5
DA:127,5
DA:128,3
DA:130,5
DA:131,5
DA:132,5
DA:136,5
DA:142,4
DA:155,5
DA:156,5
DA:157,3
DA:159,5
DA:160,5
DA:161,5
DA:166,4
DA:167,4
DA:168,4
DA:169,4
DA:173,5
DA:179,4
DA:192,5
DA:193,5
DA:194,4
DA:196,5
DA:197,5
DA:198,5
DA:203,4
DA:204,4
DA:205,4
DA:206,4
DA:210,5
DA:216,4
DA:244,5
DA:250,10
DA:251,5
DA:253,10
DA:255,10
DA:260,10
DA:262,8
DA:264,5
DA:266,5
DA:276,5
DA:282,5
DA:285,10
DA:287,14
DA:292,10
DA:294,8
DA:296,17
DA:298,5
DA:325,2
DA:331,2
DA:332,1
DA:334,2
DA:335,1
DA:340,2
DA:343,2
DA:344,2
DA:347,2
DA:348,6
DA:349,4
DA:350,4
DA:351,4
DA:355,4
DA:356,2
DA:359,2
DA:360,2
DA:362,2
DA:365,1
DA:366,2
DA:369,4
DA:370,2
DA:389,4
DA:400,4
DA:409,4
DA:426,5
DA:431,5
DA:434,5
DA:435,5
DA:436,5
DA:439,5
DA:441,5
DA:443,5
DA:444,5
DA:445,5
DA:446,5
DA:448,5
DA:464,5
DA:470,5
DA:471,5
DA:472,15
DA:473,5
DA:474,5
DA:479,4
DA:484,4
DA:485,8
DA:502,5
DA:504,5
DA:505,5
DA:507,5
DA:508,5
DA:509,5
DA:514,5
DA:515,5
DA:519,1
DA:525,5
DA:529,5
DA:530,5
DA:531,5
DA:532,10
DA:546,5
DA:551,5
DA:552,5
DA:555,0
DA:558,5
DA:559,5
DA:560,5
DA:565,5
DA:566,5
DA:567,5
DA:576,5
DA:577,5
DA:578,5
DA:579,5
DA:588,5
DA:589,5
DA:590,5
DA:592,5
DA:601,4
DA:602,4
DA:603,8
DA:604,4
DA:609,4
DA:610,4
DA:611,4
DA:612,4
DA:658,2
DA:660,2
DA:661,2
DA:663,2
DA:667,2
DA:669,6
DA:671,2
DA:674,2
DA:675,0
DA:680,2
DA:682,2
DA:685,2
DA:686,2
DA:691,2
DA:693,2
DA:694,0
DA:697,4
DA:698,2
DA:701,4
DA:702,1
DA:707,2
DA:709,2
DA:712,2
DA:713,2
DA:721,0
DA:725,0
DA:726,0
DA:727,0
DA:729,0
DA:730,0
DA:734,0
DA:735,0
DA:736,0
DA:737,0
DA:743,0
DA:747,0
DA:748,0
DA:749,0
DA:753,0
DA:754,0
DA:756,0
DA:757,0
DA:758,0
DA:763,0
DA:767,0
DA:769,0
DA:770,0
DA:773,0
DA:775,0
DA:776,0
DA:779,0
DA:877,2
DA:878,2
DA:879,2
DA:883,2
DA:884,2
DA:888,2
DA:892,2
DA:897,2
DA:900,2
DA:907,2
DA:913,2
DA:914,2
DA:915,2
DA:918,2
DA:922,2
DA:923,2
DA:925,2
DA:942,0
DA:943,0
DA:948,0
DA:949,0
DA:953,0
DA:954,0
LF:221
LH:185
end_of_record
TN:
SF:/workspaces/meow-decoder/crypto_core/src/secure_alloc.rs
FN:56,<impl Display for SecureAllocError>::fmt
FN:193,SecureBox<T>::is_locked
FN:198,SecureBox<T>::data_size
FN:203,SecureBox<T>::total_size
FN:211,SecureBox<T>::new
FN:321,<impl Drop for SecureBox<T>>::drop
FN:349,<impl Deref for SecureBox<T>>::deref
FN:355,<impl DerefMut for SecureBox<T>>::deref_mut
FN:362,<impl Debug for SecureBox<T>>::fmt
FNF:9
FNDA:0,<impl Display for SecureAllocError>::fmt
FNDA:0,SecureBox<T>::is_locked
FNDA:4,SecureBox<T>::data_size
FNDA:4,SecureBox<T>::total_size
FNDA:0,SecureBox<T>::new
FNDA:0,<impl Drop for SecureBox<T>>::drop
FNDA:6,<impl Deref for SecureBox<T>>::deref
FNDA:2,<impl DerefMut for SecureBox<T>>::deref_mut
FNDA:2,<impl Debug for SecureBox<T>>::fmt
DA:56,0
DA:57,0
DA:58,0
DA:59,0
DA:60,0
DA:105,12
DA:111,24
DA:112,12
DA:113,2
DA:116,10
DA:118,20
DA:119,20
DA:121,20
DA:126,10
DA:127,0
DA:128,0
DA:129,0
DA:130,0
DA:134,10
DA:135,0
DA:136,0
DA:141,20
DA:144,0
DA:145,0
DA:146,0
DA:149,10
DA:151,0
DA:153,0
DA:154,0
DA:159,10
DA:160,10
DA:162,0
DA:163,0
DA:164,0
DA:165,0
DA:174,10
DA:180,10
DA:183,10
DA:184,10
DA:185,0
DA:186,0
DA:187,0
DA:188,0
DA:193,0
DA:194,0
DA:198,4
DA:199,4
DA:203,4
DA:204,4
DA:211,0
DA:217,0
DA:218,0
DA:219,0
DA:224,0
DA:225,0
DA:226,0
DA:230,0
DA:231,0
DA:233,0
DA:238,0
DA:239,0
DA:240,0
DA:241,0
DA:244,0
DA:245,0
DA:246,0
DA:251,0
DA:252,0
DA:255,0
DA:256,0
DA:257,0
DA:258,0
DA:261,0
DA:263,0
DA:265,0
DA:266,0
DA:271,0
DA:272,0
DA:274,0
DA:275,0
DA:276,0
DA:282,0
DA:285,0
DA:286,0
DA:287,0
DA:288,0
DA:289,0
DA:290,0
DA:297,10
DA:300,10
DA:304,10
DA:305,10
DA:306,10
DA:308,10
DA:314,10
DA:321,0
DA:327,0
DA:331,0
DA:332,0
DA:333,0
DA:335,0
DA:341,0
DA:349,6
DA:350,6
DA:355,2
DA:356,2
DA:362,2
DA:363,2
DA:364,2
DA:365,2
DA:366,2
LF:111
LH:38
end_of_record
TN:
SF:/workspaces/meow-decoder/crypto_core/src/types.rs
FN:44,AeadKey::from_bytes
FN:61,AeadKey::as_bytes
FN:68,<impl Debug for AeadKey>::fmt
FN:88,<impl Display for KeyError>::fmt
FN:120,AssociatedData::new
FN:132,AssociatedData::as_bytes
FN:137,AssociatedData::empty
FN:145,<impl From for AssociatedData>::from
FN:164,<impl Display for AadError>::fmt
FNF:9
FNDA:6,AeadKey::from_bytes
FNDA:2,AeadKey::as_bytes
FNDA:5,<impl Debug for AeadKey>::fmt
FNDA:4,<impl Display for KeyError>::fmt
FNDA:5,AssociatedData::new
FNDA:5,AssociatedData::as_bytes
FNDA:4,AssociatedData::empty
FNDA:4,<impl From for AssociatedData>::from
FNDA:4,<impl Display for AadError>::fmt
DA:44,6
DA:45,6
DA:46,5
DA:52,6
DA:53,6
DA:54,6
DA:61,2
DA:68,5
DA:69,5
DA:70,5
DA:88,4
DA:90,4
DA:91,4
DA:120,5
DA:121,5
DA:122,10
DA:123,5
DA:124,0
DA:125,5
DA:128,5
DA:132,5
DA:133,5
DA:137,4
DA:138,4
DA:145,4
DA:146,4
DA:164,4
DA:166,4
DA:167,4
LF:29
LH:28
end_of_record
TN:
SF:/workspaces/meow-decoder/crypto_core/src/verus_guarded_buffer.rs
FN:78,check_guard_layout
FN:99,check_index_in_data_region
FN:105,check_total_size_invariant
FN:110,check_alignment
FN:118,check_zeroed
FN:665,guarded_buffer_verification_status
FNF:6
FNDA:2,check_guard_layout
FNDA:2,check_index_in_data_region
FNDA:2,check_total_size_invariant
FNDA:2,check_alignment
FNDA:2,check_zeroed
FNDA:2,guarded_buffer_verification_status
DA:78,2
DA:86,4
DA:88,2
DA:90,2
DA:92,2
DA:94,2
DA:99,2
DA:101,2
DA:105,2
DA:106,2
DA:110,2
DA:111,4
DA:118,2
DA:119,6
DA:665,2
DA:666,4
DA:667,2
DA:674,2
DA:680,2
DA:686,2
DA:692,2
DA:698,2
DA:704,2
DA:711,2
LF:24
LH:24
end_of_record
TN:
SF:/workspaces/meow-decoder/crypto_core/src/verus_kdf_proofs.rs
FN:91,Argon2idParams::is_secure
FN:102,Argon2idParams::gpu_resistance_factor
FNF:2
FNDA:2,Argon2idParams::is_secure
FNDA:2,Argon2idParams::gpu_resistance_factor
DA:91,2
DA:93,4
DA:94,2
DA:95,2
DA:96,2
DA:98,4
DA:102,2
DA:103,2
DA:156,3
DA:157,3
DA:168,6
DA:169,6
DA:170,3
DA:171,0
DA:175,3
DA:179,3
DA:180,3
DA:191,6
DA:192,3
DA:193,3
DA:241,2
DA:244,6
DA:245,2
DA:247,4
DA:252,3
DA:253,3
DA:312,2
DA:313,4
DA:315,2
DA:316,2
DA:317,2
DA:318,2
DA:319,2
DA:320,2
DA:367,2
DA:368,2
DA:369,2
DA:371,2
DA:373,2
DA:374,2
DA:414,2
DA:415,2
DA:425,1
DA:426,1
DA:445,3
DA:446,6
LF:46
LH:45
end_of_record
TN:
SF:/workspaces/meow-decoder/crypto_core/src/verus_proofs.rs
FN:52,nonce_uniqueness_invariant_holds
FNF:1
FNDA:2,nonce_uniqueness_invariant_holds
DA:52,2
DA:53,2
DA:81,2
DA:82,2
DA:335,2
DA:336,4
DA:337,2
DA:343,2
DA:350,2
DA:356,2
LF:10
LH:10
end_of_record
TN:
SF:/workspaces/meow-decoder/crypto_core/src/yubikey_piv.rs
FNF:0
DA:201,0
DA:202,0
LF:2
LH:0
end_of_record
TN:
SF:/workspaces/meow-decoder/crypto_core/tests/comprehensive_coverage_tests.rs
FNF:0
DA:1,1
DA:16,3
DA:17,1
DA:18,1
DA:19,1
DA:20,2
DA:23,3
DA:24,1
DA:25,1
DA:26,1
DA:27,2
DA:30,3
DA:31,1
DA:32,2
DA:34,1
DA:35,1
DA:37,1
DA:38,1
DA:39,2
DA:42,3
DA:43,1
DA:44,2
DA:45,1
DA:46,1
DA:47,2
DA:50,3
DA:51,1
DA:52,1
DA:53,1
DA:54,1
DA:55,1
DA:56,2
DA:59,3
DA:60,1
DA:61,1
DA:62,1
DA:63,1
DA:64,2
DA:67,3
DA:68,1
DA:69,1
DA:70,1
DA:71,1
DA:73,2
DA:74,2
DA:75,2
DA:76,2
DA:79,3
DA:80,1
DA:81,2
DA:83,2
DA:84,2
DA:85,1
DA:86,2
DA:89,3
DA:90,1
DA:91,2
DA:92,2
DA:93,1
DA:94,2
DA:97,3
DA:98,1
DA:99,2
DA:100,2
DA:101,1
DA:102,2
DA:103,2
DA:106,3
DA:107,1
DA:108,2
DA:109,2
DA:110,2
DA:111,2
DA:114,3
DA:115,1
DA:116,2
DA:117,2
DA:118,1
DA:119,2
DA:120,2
DA:123,3
DA:124,1
DA:125,1
DA:126,2
DA:127,2
DA:128,2
DA:129,2
DA:132,3
DA:133,1
DA:134,1
DA:135,2
DA:136,2
DA:137,2
DA:138,2
DA:141,3
DA:142,1
DA:143,1
DA:144,1
DA:146,1
DA:147,1
DA:149,1
DA:150,1
DA:151,1
DA:154,1
DA:155,1
DA:156,1
DA:157,1
DA:158,1
DA:159,2
DA:162,3
DA:163,1
DA:164,2
DA:165,2
DA:168,3
DA:169,1
DA:170,2
DA:171,1
DA:172,1
DA:173,2
DA:182,3
DA:183,1
DA:184,1
DA:185,1
DA:186,2
DA:189,3
DA:190,1
DA:191,1
DA:192,2
DA:195,3
DA:196,1
DA:197,1
DA:198,1
DA:204,2
DA:207,3
DA:208,1
DA:209,1
DA:210,1
DA:216,2
DA:219,3
DA:221,1
DA:222,1
DA:223,1
DA:225,1
DA:226,1
DA:227,1
DA:228,1
DA:230,1
DA:231,2
DA:234,3
DA:235,1
DA:236,1
DA:237,1
DA:238,1
DA:239,1
DA:240,2
DA:243,3
DA:244,1
DA:248,1
DA:249,1
DA:251,1
DA:252,1
DA:254,1
DA:255,1
DA:256,2
DA:259,3
DA:260,1
DA:261,1
DA:262,2
DA:265,3
DA:266,1
DA:267,1
DA:268,1
DA:269,1
DA:270,2
DA:273,3
DA:274,1
DA:275,1
DA:276,1
DA:277,1
DA:278,1
DA:279,2
DA:282,3
DA:283,1
DA:284,1
DA:285,2
DA:288,3
DA:289,1
DA:290,1
DA:291,2
DA:292,1
DA:293,1
DA:294,2
DA:297,3
DA:298,1
DA:299,1
DA:301,1
DA:302,2
DA:303,1
DA:304,1
DA:307,1
DA:308,1
DA:309,2
DA:312,3
DA:313,1
DA:316,2
DA:317,1
DA:319,1
DA:320,1
DA:323,1
DA:324,1
DA:325,2
DA:328,3
DA:329,1
DA:330,1
DA:332,1
DA:333,1
DA:335,1
DA:336,1
DA:337,1
DA:340,1
DA:341,1
DA:342,2
DA:345,3
DA:346,1
DA:347,2
DA:348,1
DA:349,2
DA:350,1
DA:351,1
DA:353,1
DA:354,2
DA:363,3
DA:364,1
DA:365,2
DA:366,2
DA:369,3
DA:370,2
DA:371,1
DA:372,2
DA:373,1
DA:374,3
DA:375,2
DA:378,3
DA:379,1
DA:380,2
DA:381,2
DA:383,1
DA:384,2
DA:385,3
DA:388,3
DA:389,1
DA:390,1
DA:393,1
DA:396,3
DA:397,1
DA:401,1
DA:402,2
DA:403,1
DA:404,2
DA:407,3
DA:408,1
DA:412,1
DA:413,1
DA:414,1
DA:415,2
DA:418,3
DA:419,1
DA:420,2
DA:421,2
DA:424,3
DA:425,1
DA:426,2
DA:427,2
DA:430,3
DA:431,1
DA:432,1
DA:433,2
DA:434,2
DA:437,3
DA:438,1
DA:439,1
DA:440,1
DA:441,2
DA:444,3
DA:445,1
DA:446,1
DA:447,2
DA:448,2
DA:451,3
DA:452,1
DA:456,1
DA:457,2
DA:458,1
DA:459,2
DA:462,3
DA:463,1
DA:467,1
DA:468,1
DA:469,1
DA:470,2
DA:473,3
DA:474,1
DA:475,1
DA:476,2
DA:477,1
DA:478,2
DA:488,3
DA:489,1
DA:490,2
DA:492,2
DA:493,1
DA:494,2
DA:495,2
DA:496,2
DA:497,3
DA:498,2
DA:501,3
DA:502,1
DA:503,2
DA:504,1
DA:505,2
DA:506,2
DA:507,2
DA:510,3
DA:511,1
DA:512,2
DA:513,1
DA:514,2
DA:515,2
DA:516,2
DA:519,3
DA:520,1
DA:521,2
DA:522,1
DA:524,1
DA:525,2
DA:526,2
DA:529,2
DA:530,3
DA:533,3
DA:534,1
DA:535,1
DA:536,1
DA:538,1
DA:539,2
DA:541,2
DA:542,2
DA:543,2
DA:546,3
DA:547,1
DA:548,1
DA:551,1
DA:552,2
DA:553,2
DA:556,2
DA:557,2
DA:558,2
DA:559,1
DA:560,2
DA:563,3
DA:564,1
DA:565,1
DA:567,1
DA:569,1
DA:570,2
DA:571,2
DA:572,2
DA:575,3
DA:576,1
DA:577,1
DA:578,2
DA:581,3
DA:582,1
DA:583,1
DA:584,2
DA:587,3
DA:588,1
DA:589,2
DA:590,2
DA:593,3
DA:594,1
DA:595,1
DA:596,1
DA:601,1
DA:602,2
DA:603,2
DA:606,3
DA:607,1
DA:608,1
DA:614,1
DA:615,1
DA:617,1
DA:618,2
DA:619,2
DA:620,3
DA:623,3
DA:624,1
DA:625,1
DA:630,1
DA:631,2
DA:632,2
DA:635,3
DA:636,1
DA:637,2
DA:638,2
DA:639,2
DA:640,2
DA:641,2
DA:644,3
DA:645,1
DA:646,2
DA:647,2
DA:650,3
DA:651,1
DA:652,2
DA:653,2
DA:656,3
DA:657,1
DA:658,1
DA:660,1
DA:661,2
DA:662,2
DA:663,3
DA:666,3
DA:667,1
DA:668,1
DA:669,1
DA:670,1
DA:671,1
DA:672,2
DA:675,3
DA:676,1
DA:677,1
DA:678,1
DA:679,1
DA:680,2
DA:683,3
DA:684,1
DA:685,1
DA:686,1
DA:687,1
DA:688,2
DA:691,3
DA:692,1
DA:693,1
DA:695,1
DA:696,1
DA:698,1
DA:699,1
DA:700,2
DA:703,3
DA:704,1
DA:705,1
DA:706,1
DA:707,1
DA:708,2
DA:711,3
DA:712,1
DA:713,1
DA:714,1
DA:715,1
DA:716,1
DA:717,2
DA:720,3
DA:721,1
DA:723,1
DA:726,1
DA:727,2
DA:728,2
DA:731,3
DA:732,1
DA:733,1
DA:736,1
DA:737,2
DA:738,2
DA:741,3
DA:742,1
DA:743,1
DA:744,1
DA:745,2
DA:748,3
DA:749,1
DA:750,2
DA:753,3
DA:754,1
DA:755,2
DA:758,3
DA:759,1
DA:760,1
DA:761,2
DA:764,3
DA:765,1
DA:766,2
DA:769,3
DA:770,2
DA:771,2
DA:772,2
DA:773,2
DA:774,2
DA:777,3
DA:778,1
DA:779,2
DA:780,2
DA:781,3
DA:784,3
DA:785,1
DA:786,2
DA:787,2
DA:788,3
DA:791,3
DA:792,1
DA:793,2
DA:794,1
DA:795,2
DA:798,3
DA:799,1
DA:800,2
DA:802,2
DA:803,1
DA:804,1
DA:805,2
DA:808,3
DA:809,1
DA:810,2
DA:811,2
DA:812,3
DA:815,3
DA:816,1
DA:817,2
DA:818,2
DA:821,3
DA:822,1
DA:823,1
DA:824,1
DA:825,2
DA:828,3
DA:829,1
DA:830,2
DA:831,1
DA:832,2
DA:835,3
DA:836,1
DA:837,1
DA:838,1
DA:839,2
DA:842,3
DA:843,1
DA:844,1
DA:845,1
DA:846,2
DA:849,3
DA:850,1
DA:851,1
DA:852,2
DA:855,3
DA:856,1
DA:857,1
DA:858,2
DA:861,3
DA:862,1
DA:863,1
DA:864,1
DA:865,2
DA:868,3
DA:869,1
DA:870,1
DA:871,1
DA:872,2
DA:875,3
DA:876,1
DA:877,1
DA:878,1
DA:879,2
DA:882,3
DA:883,2
DA:884,1
DA:885,1
DA:886,2
DA:887,1
DA:888,2
DA:889,1
DA:890,2
DA:891,1
DA:894,2
DA:895,2
DA:896,2
DA:897,2
DA:898,2
DA:899,2
DA:900,2
DA:903,3
DA:904,1
DA:905,2
DA:906,2
DA:909,3
DA:910,1
DA:911,1
DA:912,1
DA:913,1
DA:914,2
DA:917,3
DA:918,1
DA:919,1
DA:920,1
DA:921,1
DA:922,2
DA:925,3
DA:926,1
DA:927,1
DA:928,1
DA:929,2
DA:932,3
DA:933,1
DA:934,1
DA:935,1
DA:936,2
DA:945,3
DA:946,1
DA:947,2
DA:948,2
DA:951,3
DA:952,1
DA:953,2
DA:954,2
DA:955,1
DA:956,2
DA:959,3
DA:960,1
DA:961,2
DA:962,2
DA:965,3
DA:966,1
DA:967,2
DA:968,1
DA:969,3
DA:972,3
DA:973,1
DA:974,1
DA:975,1
DA:977,1
DA:978,2
DA:979,2
DA:982,3
DA:983,1
DA:984,1
DA:985,2
DA:986,2
DA:987,3
DA:990,3
DA:991,1
DA:992,2
DA:993,1
DA:994,2
DA:997,3
DA:998,1
DA:999,1
DA:1000,2
DA:1010,3
DA:1011,1
DA:1012,1
DA:1013,1
DA:1014,1
DA:1015,1
DA:1016,1
DA:1017,1
DA:1018,2
DA:1028,3
DA:1030,1
DA:1031,1
DA:1036,1
DA:1039,2
DA:1040,1
DA:1041,1
DA:1042,1
DA:1045,2
DA:1048,1
DA:1051,1
DA:1052,2
DA:1053,2
DA:1056,3
DA:1057,1
DA:1058,1
DA:1060,2
DA:1061,1
DA:1062,2
DA:1063,2
DA:1064,2
DA:1067,3
DA:1068,1
DA:1069,2
DA:1071,2
DA:1074,1
DA:1076,2
DA:1077,1
DA:1078,2
DA:1079,2
DA:1080,2
DA:1083,3
DA:1084,1
DA:1085,1
DA:1086,1
DA:1089,1
DA:1092,1
DA:1093,1
DA:1094,1
DA:1095,1
DA:1098,1
DA:1101,1
DA:1102,2
DA:1103,2
LF:710
LH:710
end_of_record
TN:
SF:/workspaces/meow-decoder/crypto_core/tests/core_smoke.rs
FNF:0
DA:1,1
DA:7,3
DA:8,1
DA:9,1
DA:10,2
DA:13,3
DA:14,1
DA:15,2
DA:16,2
DA:20,1
DA:21,1
DA:22,2
DA:24,1
DA:25,1
DA:26,2
DA:29,3
DA:30,1
DA:31,1
DA:33,1
DA:34,2
DA:35,1
DA:36,1
DA:37,1
DA:40,2
DA:43,3
DA:44,1
DA:45,1
DA:48,2
DA:51,3
DA:52,1
DA:54,1
DA:55,2
DA:59,1
DA:60,2
DA:62,1
DA:63,1
DA:64,1
DA:67,2
LF:38
LH:38
end_of_record
TN:
SF:/workspaces/meow-decoder/crypto_core/tests/coverage_tests.rs
FNF:0
DA:1,1
DA:15,3
DA:18,1
DA:21,1
DA:24,1
DA:27,1
DA:28,1
DA:29,2
DA:32,3
DA:34,1
DA:37,1
DA:38,1
DA:39,1
DA:40,1
DA:42,1
DA:43,1
DA:44,1
DA:47,1
DA:48,1
DA:49,2
DA:52,3
DA:53,1
DA:56,2
DA:57,1
DA:60,1
DA:61,1
DA:63,1
DA:64,2
DA:65,1
DA:68,1
DA:69,1
DA:70,1
DA:71,1
DA:74,2
DA:75,2
DA:82,3
DA:83,1
DA:84,1
DA:85,1
DA:86,2
DA:89,3
DA:90,1
DA:91,1
DA:92,1
DA:93,1
DA:99,2
DA:102,3
DA:103,1
DA:104,1
DA:105,1
DA:106,1
DA:112,2
DA:115,3
DA:116,1
DA:117,1
DA:118,1
DA:119,2
DA:122,3
DA:123,1
DA:124,1
DA:125,1
DA:127,1
DA:128,1
DA:129,2
DA:132,3
DA:135,1
DA:136,1
DA:138,1
DA:139,1
DA:140,1
DA:141,1
DA:143,1
DA:144,2
DA:151,3
DA:152,1
DA:156,1
DA:157,2
DA:158,1
DA:159,1
DA:161,1
DA:162,1
DA:164,1
DA:165,1
DA:166,2
DA:169,3
DA:170,1
DA:171,2
DA:172,2
DA:179,3
DA:180,1
DA:181,1
DA:182,1
DA:183,2
DA:186,3
DA:187,1
DA:188,1
DA:189,1
DA:190,2
DA:193,3
DA:195,1
DA:196,1
DA:197,2
DA:200,3
DA:201,1
DA:202,1
DA:203,1
DA:206,1
DA:207,1
DA:208,1
DA:209,3
DA:212,3
DA:213,1
DA:214,1
DA:215,1
DA:218,2
DA:221,2
DA:224,1
DA:225,2
DA:226,2
DA:229,3
DA:230,1
DA:231,1
DA:232,1
DA:233,1
DA:236,1
DA:238,2
DA:240,2
DA:241,1
DA:243,2
DA:244,2
DA:247,3
DA:248,1
DA:249,1
DA:250,1
DA:251,1
DA:253,2
DA:256,2
DA:257,2
DA:260,3
DA:261,1
DA:262,1
DA:263,1
DA:264,1
DA:266,1
DA:267,1
DA:270,1
DA:271,1
DA:273,2
DA:274,1
DA:276,2
DA:277,2
DA:280,3
DA:282,1
DA:284,1
DA:285,2
DA:286,1
DA:289,1
DA:290,2
DA:293,3
DA:294,1
DA:295,1
DA:298,1
DA:301,1
DA:302,2
DA:309,3
DA:310,1
DA:318,3
DA:319,2
DA:320,2
DA:321,2
DA:322,2
DA:325,3
DA:326,1
DA:327,1
DA:328,1
DA:330,1
DA:331,1
DA:332,2
DA:339,3
DA:340,1
DA:341,2
DA:343,2
DA:344,1
DA:345,3
DA:348,3
DA:349,1
DA:350,1
DA:352,1
DA:353,1
DA:356,1
DA:357,2
DA:358,2
DA:361,3
DA:362,1
DA:366,1
DA:367,2
DA:368,1
DA:369,1
DA:370,2
DA:373,3
DA:374,1
DA:378,2
DA:379,2
DA:386,3
DA:387,1
DA:388,2
DA:389,2
DA:392,3
DA:393,1
DA:394,1
DA:395,2
DA:396,2
DA:399,3
DA:400,1
DA:401,1
DA:403,1
DA:404,1
DA:405,1
DA:406,2
DA:408,0
DA:410,2
DA:413,3
DA:414,1
DA:415,2
DA:416,2
DA:417,2
DA:420,3
DA:421,1
DA:425,1
DA:426,2
DA:427,2
DA:430,3
DA:431,1
DA:432,2
DA:433,2
DA:436,3
DA:437,1
DA:438,2
DA:439,2
DA:440,2
DA:447,3
DA:448,1
DA:449,1
DA:450,1
DA:451,2
DA:454,3
DA:455,1
DA:456,2
DA:457,1
DA:458,2
DA:465,3
DA:466,1
DA:467,1
DA:468,1
DA:469,1
DA:471,2
DA:472,2
DA:474,2
DA:475,2
DA:478,3
DA:479,1
DA:480,1
DA:481,1
DA:482,1
DA:484,2
DA:485,2
DA:487,2
DA:488,2
DA:501,3
DA:502,1
DA:503,2
DA:504,2
DA:506,3
DA:507,1
DA:508,3
DA:509,3
DA:510,1
DA:511,3
DA:512,2
DA:515,3
DA:517,1
DA:518,0
DA:519,1
DA:522,2
DA:525,3
DA:526,1
DA:527,1
DA:528,2
DA:531,3
DA:533,1
DA:534,1
DA:535,1
DA:536,1
DA:537,1
DA:538,1
DA:539,1
DA:540,2
DA:543,3
DA:545,1
DA:546,1
DA:549,1
DA:550,1
DA:551,1
DA:552,2
DA:555,3
DA:556,1
DA:557,1
DA:558,1
DA:559,1
DA:560,1
DA:561,2
DA:564,3
DA:565,1
DA:566,1
DA:567,2
DA:568,2
DA:571,3
DA:572,1
DA:573,1
DA:574,2
DA:575,2
DA:578,3
DA:579,1
DA:581,2
DA:584,1
DA:585,2
DA:586,2
DA:587,2
DA:589,2
DA:603,3
DA:604,1
DA:605,2
DA:606,2
DA:609,3
DA:610,1
DA:613,1
DA:614,2
DA:615,2
DA:616,1
DA:619,1
DA:620,1
DA:623,1
DA:627,3
DA:630,3
DA:631,1
DA:632,2
DA:634,2
DA:635,1
DA:638,1
DA:639,3
DA:642,3
DA:643,1
DA:644,2
DA:647,2
DA:651,2
DA:652,1
DA:653,1
DA:654,3
DA:657,3
DA:658,1
DA:659,1
DA:660,1
DA:662,1
DA:663,1
DA:665,2
DA:666,2
DA:669,3
DA:670,1
DA:671,1
DA:672,1
DA:673,1
DA:674,1
DA:676,1
DA:677,2
DA:678,2
DA:679,2
DA:682,2
DA:683,2
DA:684,2
DA:685,3
DA:688,3
DA:690,1
DA:691,1
DA:692,1
DA:693,1
DA:694,2
DA:710,3
DA:711,1
DA:712,2
DA:713,1
DA:715,1
DA:717,2
DA:719,1
DA:720,2
DA:721,2
DA:724,3
DA:725,1
DA:726,2
DA:727,1
DA:728,1
DA:730,1
DA:731,2
DA:732,2
DA:733,2
DA:736,3
DA:737,1
DA:738,2
DA:739,1
DA:741,1
DA:742,2
DA:743,2
DA:744,2
DA:747,3
DA:748,1
DA:749,2
DA:750,1
DA:752,1
DA:753,2
DA:755,1
DA:756,2
DA:757,2
DA:760,3
DA:761,1
DA:762,1
DA:763,1
DA:764,1
DA:765,2
DA:768,3
DA:769,1
DA:770,1
DA:771,1
DA:772,1
DA:773,2
DA:776,3
DA:777,1
DA:778,1
DA:779,1
DA:782,1
DA:785,1
DA:788,1
DA:789,1
DA:790,1
DA:791,2
DA:794,3
DA:795,1
DA:796,1
DA:797,1
DA:800,1
DA:801,1
DA:804,1
DA:805,1
DA:806,2
DA:809,3
DA:810,1
DA:812,2
DA:813,1
DA:814,2
DA:817,3
DA:819,1
DA:820,2
DA:821,2
DA:824,3
DA:825,1
DA:826,2
DA:827,2
DA:830,3
DA:831,1
DA:832,1
DA:833,1
DA:834,2
DA:837,3
DA:838,2
DA:839,2
DA:840,2
DA:841,2
DA:842,2
DA:850,3
DA:851,1
DA:852,1
DA:853,1
DA:856,1
DA:857,1
DA:859,2
DA:860,2
DA:862,2
DA:863,2
DA:866,3
DA:867,1
DA:868,1
DA:870,1
DA:871,2
DA:873,1
DA:874,1
DA:875,1
DA:877,2
DA:878,2
DA:881,2
DA:884,2
DA:885,2
DA:888,3
DA:889,1
DA:890,1
DA:891,1
DA:894,1
DA:895,2
DA:896,2
DA:897,2
DA:1141,3
DA:1142,1
DA:1145,1
DA:1146,2
DA:1147,2
DA:1148,1
DA:1149,1
DA:1152,1
DA:1153,2
DA:1156,3
DA:1157,1
DA:1159,2
DA:1160,1
DA:1161,1
DA:1164,1
DA:1165,1
DA:1166,1
DA:1168,1
DA:1169,1
DA:1170,1
DA:1171,2
DA:1174,3
DA:1175,2
DA:1176,1
DA:1177,1
DA:1178,1
DA:1179,1
DA:1180,1
DA:1184,3
DA:1185,2
DA:1186,2
DA:1187,2
DA:1190,3
DA:1191,1
DA:1192,1
DA:1194,1
DA:1195,1
DA:1198,2
DA:1199,2
DA:1202,2
DA:1205,2
DA:1208,1
DA:1209,2
DA:1210,2
DA:1211,1
DA:1212,2
DA:1215,3
DA:1216,1
DA:1217,1
DA:1218,1
DA:1219,1
DA:1221,2
DA:1222,2
DA:1225,2
DA:1226,2
DA:1233,3
DA:1234,1
DA:1235,1
DA:1236,1
DA:1237,2
DA:1240,3
DA:1244,1
DA:1245,1
DA:1248,2
DA:1249,2
DA:1250,2
DA:1251,3
DA:1252,5
DA:1254,1
DA:1257,2
DA:1258,2
DA:1259,1
DA:1262,1
DA:1263,2
DA:1266,3
DA:1267,1
DA:1268,1
DA:1269,1
DA:1271,1
DA:1273,1
DA:1274,1
DA:1275,2
DA:1282,3
DA:1283,1
DA:1284,1
DA:1285,1
DA:1286,2
DA:1289,3
DA:1291,1
DA:1292,1
DA:1295,1
DA:1296,1
DA:1297,2
DA:1300,3
DA:1301,1
DA:1302,2
DA:1303,2
DA:1306,3
DA:1307,1
DA:1308,1
DA:1309,2
DA:1310,2
DA:1322,3
DA:1323,1
DA:1324,1
DA:1327,1
DA:1333,1
DA:1334,2
DA:1335,2
DA:1338,3
DA:1339,1
DA:1340,1
DA:1342,1
DA:1343,1
DA:1344,1
DA:1345,1
DA:1348,2
DA:1351,3
DA:1352,1
DA:1353,1
DA:1354,1
DA:1355,1
DA:1356,2
DA:1359,3
DA:1360,1
DA:1362,1
DA:1363,1
DA:1364,1
DA:1365,2
DA:1368,3
DA:1369,1
DA:1370,1
DA:1372,1
DA:1373,2
DA:1374,2
DA:1377,3
DA:1378,1
DA:1379,1
DA:1380,1
DA:1382,1
DA:1383,2
DA:1384,2
DA:1387,3
DA:1388,1
DA:1389,1
DA:1391,1
DA:1392,2
DA:1394,2
DA:1395,2
DA:1398,3
DA:1399,1
DA:1400,2
DA:1403,2
DA:1404,3
DA:1407,3
DA:1408,1
DA:1409,1
DA:1411,1
DA:1412,1
DA:1413,2
DA:1416,3
DA:1417,1
DA:1418,1
DA:1420,1
DA:1421,1
DA:1422,2
DA:1425,3
DA:1426,1
DA:1427,2
DA:1429,1
DA:1430,2
DA:1432,1
DA:1433,2
DA:1435,1
DA:1436,2
DA:1438,1
DA:1439,2
DA:1441,1
DA:1442,2
DA:1444,1
DA:1445,2
DA:1447,1
DA:1448,2
DA:1449,2
DA:1452,3
DA:1453,1
DA:1454,2
DA:1455,1
DA:1456,1
DA:1457,2
DA:1460,3
DA:1461,1
DA:1462,1
DA:1463,1
DA:1464,2
DA:1467,3
DA:1468,1
DA:1469,1
DA:1470,1
DA:1471,2
DA:1474,3
DA:1475,1
DA:1476,1
DA:1477,2
DA:1480,3
DA:1481,1
DA:1482,1
DA:1483,2
DA:1496,3
DA:1497,1
DA:1498,1
DA:1499,1
DA:1500,2
DA:1503,3
DA:1504,1
DA:1505,2
DA:1506,1
DA:1507,2
DA:1510,3
DA:1512,1
DA:1513,2
DA:1514,2
DA:1515,2
DA:1518,3
DA:1519,1
DA:1522,1
DA:1523,2
DA:1524,2
DA:1525,2
DA:1528,3
DA:1529,1
DA:1530,2
DA:1531,2
DA:1539,3
DA:1540,1
DA:1543,2
DA:1544,1
DA:1545,1
DA:1546,2
DA:1549,3
DA:1550,1
DA:1551,2
DA:1552,1
DA:1553,1
DA:1554,2
DA:1557,3
DA:1558,1
DA:1559,1
DA:1560,1
DA:1561,1
DA:1564,1
DA:1565,1
DA:1566,1
DA:1570,2
DA:1571,1
DA:1572,2
DA:1573,2
DA:1576,3
DA:1577,1
DA:1578,1
DA:1580,2
DA:1582,1
DA:1583,1
DA:1585,1
DA:1586,1
DA:1587,2
LF:773
LH:771
end_of_record
TN:
SF:/workspaces/meow-decoder/crypto_core/tests/golden_vectors.rs
FNF:0
DA:1,1
DA:86,3
DA:87,1
DA:88,1
DA:89,1
DA:93,2
DA:96,3
DA:97,1
DA:98,2
DA:99,2
DA:102,3
DA:103,1
DA:104,2
DA:105,2
DA:109,3
DA:120,3
DA:121,1
DA:122,1
DA:123,1
DA:127,2
DA:130,3
DA:131,1
DA:132,0
DA:133,1
DA:136,2
DA:139,3
DA:140,1
DA:141,0
DA:142,1
DA:145,2
DA:158,3
DA:159,1
DA:160,2
DA:161,1
DA:162,1
DA:163,1
DA:167,2
DA:170,3
DA:171,1
DA:172,2
DA:173,1
DA:174,2
DA:175,2
DA:179,3
DA:182,3
DA:183,1
DA:184,2
DA:185,1
DA:186,2
DA:187,2
DA:188,3
DA:191,3
DA:192,1
DA:193,2
DA:194,1
DA:195,2
DA:196,1
DA:197,0
DA:198,2
DA:201,3
DA:213,3
DA:214,1
DA:215,1
DA:216,1
DA:220,2
DA:223,3
DA:224,1
DA:225,1
DA:226,1
DA:227,2
DA:234,3
DA:235,1
DA:236,0
DA:237,1
DA:240,2
DA:243,3
DA:244,1
DA:245,1
DA:246,0
DA:247,1
DA:250,2
DA:253,3
DA:254,0
DA:255,1
DA:258,2
DA:265,3
DA:271,1
DA:273,2
DA:275,1
DA:278,2
DA:281,3
DA:289,1
DA:290,1
DA:291,2
DA:305,3
DA:306,1
DA:307,1
DA:312,1
DA:313,1
DA:314,2
DA:318,2
DA:321,3
DA:322,1
DA:323,1
DA:328,1
DA:329,2
DA:330,2
DA:343,3
DA:344,1
DA:345,2
DA:347,2
DA:348,1
DA:350,1
DA:354,1
DA:355,2
DA:358,3
DA:359,1
DA:360,2
DA:361,2
DA:363,2
DA:364,1
DA:366,1
DA:370,3
DA:390,3
DA:391,1
DA:392,2
DA:393,2
DA:394,1
DA:397,1
DA:398,2
DA:399,1
DA:400,1
DA:401,1
DA:403,0
DA:404,0
DA:408,2
DA:432,3
DA:435,1
DA:436,1
DA:437,1
DA:441,2
DA:444,3
DA:445,1
DA:448,1
DA:449,2
DA:450,1
DA:451,1
DA:452,1
DA:456,2
DA:459,3
DA:460,1
DA:461,1
DA:462,2
DA:463,1
DA:464,1
DA:465,1
DA:469,2
DA:472,3
DA:473,1
DA:475,2
DA:476,1
DA:477,2
DA:481,3
DA:484,3
DA:485,1
DA:486,1
DA:487,2
DA:488,1
DA:489,2
DA:491,1
DA:492,2
DA:493,2
DA:497,3
DA:516,3
DA:518,1
DA:519,2
DA:521,2
DA:522,1
DA:523,1
DA:529,2
DA:530,2
DA:531,2
DA:532,1
DA:533,2
DA:536,3
DA:537,1
DA:540,2
DA:542,2
DA:544,2
DA:545,1
DA:546,1
DA:547,2
DA:548,3
DA:562,3
DA:565,1
DA:568,1
DA:569,2
DA:572,1
DA:573,1
DA:576,1
DA:577,1
DA:578,1
DA:579,2
DA:594,3
DA:595,1
DA:596,1
DA:597,1
DA:604,1
DA:613,2
DA:614,2
DA:620,2
DA:621,2
DA:627,2
DA:628,2
DA:629,2
DA:630,1
DA:631,1
DA:635,3
DA:641,1
DA:642,1
DA:643,1
DA:644,2
DA:645,1
DA:646,1
DA:648,1
DA:649,1
DA:650,1
LF:227
LH:219
end_of_record
TN:
SF:/workspaces/meow-decoder/crypto_core/tests/security_properties.rs
FNF:0
DA:1,1
DA:14,3
DA:15,1
DA:16,1
DA:19,2
DA:20,2
DA:21,1
DA:22,0
DA:23,1
DA:27,2
DA:30,3
DA:31,1
DA:33,1
DA:34,1
DA:35,1
DA:38,1
DA:39,1
DA:40,1
DA:43,1
DA:44,1
DA:45,1
DA:46,2
DA:49,3
DA:50,1
DA:51,1
DA:55,1
DA:56,1
DA:59,1
DA:60,1
DA:61,2
DA:64,3
DA:67,1
DA:68,1
DA:69,1
DA:70,1
DA:73,1
DA:75,2
DA:76,2
DA:79,2
DA:82,1
DA:83,2
DA:84,2
DA:88,3
DA:95,3
DA:96,1
DA:97,1
DA:98,1
DA:99,1
DA:101,1
DA:102,1
DA:105,1
DA:106,1
DA:109,2
DA:111,1
DA:112,1
DA:114,2
DA:115,1
DA:116,0
DA:118,2
DA:121,3
DA:122,1
DA:123,1
DA:124,1
DA:125,1
DA:126,1
DA:128,2
DA:131,2
DA:134,1
DA:135,2
DA:136,3
DA:139,3
DA:140,1
DA:141,1
DA:142,1
DA:143,1
DA:144,1
DA:145,1
DA:147,2
DA:150,2
DA:151,2
DA:152,3
DA:155,3
DA:156,1
DA:157,1
DA:158,1
DA:159,1
DA:160,1
DA:162,1
DA:163,2
DA:165,2
DA:168,2
DA:169,2
DA:170,3
DA:173,3
DA:174,1
DA:175,1
DA:176,1
DA:177,1
DA:178,1
DA:180,2
DA:183,2
DA:185,1
DA:186,2
DA:187,3
DA:194,3
DA:195,1
DA:196,1
DA:199,2
DA:200,2
DA:201,2
DA:202,2
DA:203,2
DA:204,2
DA:211,3
DA:213,1
DA:214,1
DA:215,1
DA:217,2
DA:228,3
DA:229,1
DA:230,1
DA:231,1
DA:232,1
DA:235,1
DA:236,1
DA:237,2
DA:238,2
DA:245,3
DA:246,1
DA:247,1
DA:248,1
DA:250,2
DA:251,2
DA:252,2
DA:253,2
DA:254,2
DA:257,2
DA:258,2
DA:261,1
DA:262,1
DA:265,2
DA:266,1
DA:268,1
DA:269,2
DA:270,1
DA:273,3
DA:274,2
DA:281,3
DA:282,1
DA:283,1
DA:284,1
DA:286,2
DA:288,2
DA:289,1
DA:290,2
DA:293,1
DA:294,2
DA:295,1
DA:300,3
DA:301,2
DA:308,3
DA:310,1
DA:311,1
DA:312,1
DA:313,1
DA:315,2
DA:316,2
DA:318,2
DA:319,2
DA:322,3
DA:323,1
DA:324,1
DA:325,1
DA:326,1
DA:328,2
DA:329,2
DA:331,2
DA:332,2
DA:335,3
DA:336,1
DA:337,1
DA:338,1
DA:339,1
DA:340,1
DA:342,2
DA:343,2
DA:345,2
DA:346,2
LF:188
LH:186
end_of_record
TN:
SF:/workspaces/meow-decoder/rust_crypto/src/handles.rs
FNF:0
DA:235,0
DA:236,0
DA:237,0
DA:244,0
DA:245,0
DA:246,0
LF:6
LH:0
end_of_record
TN:
SF:/workspaces/meow-decoder/rust_crypto/src/lib.rs
FN:101,derive_key_argon2id
FN:138,derive_key_hkdf
FN:156,hkdf_extract
FN:169,hkdf_expand
FN:204,aes_gcm_encrypt
FN:265,aes_gcm_decrypt
FN:337,aes_ctr_crypt
FN:352,hmac_sha256
FNF:8
FNDA:0,derive_key_argon2id
FNDA:0,derive_key_hkdf
FNDA:0,hkdf_extract
FNDA:0,hkdf_expand
FNDA:0,aes_gcm_encrypt
FNDA:0,aes_gcm_decrypt
FNDA:0,aes_ctr_crypt
FNDA:0,hmac_sha256
DA:101,0
DA:102,0
DA:103,0
DA:104,0
DA:109,0
DA:110,0
DA:112,0
DA:115,0
DA:116,0
DA:117,0
DA:118,0
DA:120,0
DA:138,0
DA:140,0
DA:141,0
DA:142,0
DA:144,0
DA:156,0
DA:157,0
DA:169,0
DA:170,0
DA:172,0
DA:173,0
DA:174,0
DA:176,0
DA:204,0
DA:205,0
DA:206,0
DA:207,0
DA:212,0
DA:213,0
DA:214,0
DA:215,0
DA:220,0
DA:221,0
DA:223,0
DA:226,0
DA:228,0
DA:229,0
DA:230,0
DA:231,0
DA:232,0
DA:236,0
DA:239,0
DA:241,0
DA:265,0
DA:266,0
DA:267,0
DA:268,0
DA:273,0
DA:274,0
DA:275,0
DA:276,0
DA:281,0
DA:282,0
DA:286,0
DA:287,0
DA:289,0
DA:292,0
DA:294,0
DA:295,0
DA:296,0
DA:297,0
DA:298,0
DA:302,0
DA:305,0
DA:306,0
DA:308,0
DA:337,0
DA:338,0
DA:339,0
DA:352,0
DA:353,0
DA:354,0
DA:355,0
DA:356,0
DA:357,0
DA:383,0
DA:384,0
DA:385,0
DA:386,0
DA:387,0
DA:405,0
DA:406,0
DA:408,0
DA:409,0
DA:410,0
DA:429,0
DA:430,0
DA:432,0
DA:433,0
DA:436,0
DA:437,0
DA:438,0
DA:440,0
DA:441,0
DA:442,0
DA:444,0
DA:447,0
DA:449,0
DA:459,0
DA:460,0
DA:463,0
DA:464,0
DA:465,0
DA:466,0
DA:469,0
DA:471,0
DA:508,0
DA:510,0
DA:511,0
DA:512,0
DA:528,0
DA:529,0
DA:530,0
DA:531,0
DA:532,0
DA:543,0
DA:544,0
DA:545,0
DA:546,0
DA:547,0
DA:551,0
DA:552,0
DA:553,0
DA:554,0
DA:555,0
DA:556,0
DA:568,0
DA:569,0
DA:570,0
DA:571,0
DA:572,0
DA:575,0
DA:576,0
DA:577,0
DA:578,0
DA:579,0
DA:583,0
DA:584,0
DA:585,0
DA:586,0
DA:587,0
DA:588,0
DA:600,0
DA:601,0
DA:602,0
DA:612,0
DA:613,0
DA:614,0
DA:657,0
DA:658,0
DA:659,0
DA:660,0
DA:664,0
DA:665,0
DA:666,0
DA:668,0
DA:669,0
DA:671,0
DA:672,0
DA:673,0
DA:677,0
DA:678,0
DA:680,0
DA:694,0
DA:695,0
DA:696,0
DA:850,0
DA:851,0
DA:852,0
DA:866,0
DA:867,0
DA:868,0
DA:882,0
DA:883,0
DA:884,0
DA:895,0
DA:896,0
DA:920,0
DA:921,0
DA:922,0
DA:942,0
DA:943,0
DA:944,0
DA:957,0
DA:958,0
DA:959,0
DA:992,0
DA:993,0
DA:994,0
DA:1006,0
DA:1007,0
DA:1008,0
DA:1033,0
DA:1034,0
DA:1045,0
DA:1046,0
DA:1064,0
DA:1065,0
DA:1066,0
DA:1086,0
DA:1087,0
DA:1088,0
DA:1148,0
DA:1149,0
DA:1150,0
DA:1184,0
DA:1185,0
DA:1186,0
DA:1187,0
DA:1188,0
DA:1189,0
DA:1190,0
DA:1192,0
DA:1193,0
DA:1253,0
DA:1254,0
DA:1255,0
DA:1266,0
DA:1267,0
DA:1268,0
DA:1312,0
DA:1313,0
DA:1314,0
DA:1315,0
DA:1318,0
DA:1319,0
DA:1320,0
DA:1321,0
DA:1322,0
DA:1342,0
DA:1343,0
DA:1344,0
DA:1345,0
DA:1348,0
DA:1349,0
DA:1350,0
DA:1351,0
DA:1352,0
LF:240
LH:0
end_of_record
