TN:
SF:/workspaces/meow-decoder/crypto_core/src/aead_wrapper.rs
FN:93,UniqueNonce::take
FN:118,<impl Default for NonceManager>::default
FN:131,NonceManager::new
FN:156,NonceManager::allocate_nonce
FN:189,NonceManager::nonce_count
FN:214,AuthenticatedPlaintext::data
FN:219,AuthenticatedPlaintext::into_data
FN:238,<impl Zeroize for AeadWrapper>::zeroize
FN:256,AeadWrapper::new
FN:286,AeadWrapper::encrypt
FN:323,AeadWrapper::decrypt
FN:357,AeadWrapper::encrypt_raw
FN:378,AeadWrapper::decrypt_raw
FN:392,AeadWrapper::aes_gcm_encrypt
FN:424,AeadWrapper::aes_gcm_decrypt
FN:449,AeadWrapper::encryption_count
FN:456,<impl Drop for AeadWrapper>::drop
FNF:17
FNDA:5,UniqueNonce::take
FNDA:2,<impl Default for NonceManager>::default
FNDA:7,NonceManager::new
FNDA:5,NonceManager::allocate_nonce
FNDA:4,NonceManager::nonce_count
FNDA:5,AuthenticatedPlaintext::data
FNDA:3,AuthenticatedPlaintext::into_data
FNDA:0,<impl Zeroize for AeadWrapper>::zeroize
FNDA:7,AeadWrapper::new
FNDA:5,AeadWrapper::encrypt
FNDA:6,AeadWrapper::decrypt
FNDA:4,AeadWrapper::encrypt_raw
FNDA:4,AeadWrapper::decrypt_raw
FNDA:6,AeadWrapper::aes_gcm_encrypt
FNDA:6,AeadWrapper::aes_gcm_decrypt
FNDA:2,AeadWrapper::encryption_count
FNDA:7,<impl Drop for AeadWrapper>::drop
DA:93,5
DA:96,5
DA:97,5
DA:99,5
DA:118,2
DA:119,2
DA:131,7
DA:133,7
DA:134,7
DA:137,7
DA:140,7
DA:156,5
DA:158,5
DA:161,5
DA:162,0
DA:166,5
DA:167,5
DA:168,5
DA:173,5
DA:174,2
DA:178,10
DA:181,5
DA:182,5
DA:189,4
DA:190,4
DA:214,5
DA:215,5
DA:219,3
DA:220,3
DA:238,0
DA:240,0
DA:256,7
DA:257,7
DA:258,3
DA:261,7
DA:262,7
DA:264,7
DA:265,7
DA:266,7
DA:286,5
DA:292,5
DA:293,5
DA:297,5
DA:299,5
DA:323,6
DA:330,6
DA:331,4
DA:335,8
DA:338,5
DA:357,4
DA:363,4
DA:378,4
DA:384,4
DA:385,2
DA:387,4
DA:392,6
DA:409,6
DA:411,12
DA:417,6
DA:418,6
DA:419,6
DA:424,6
DA:435,6
DA:437,12
DA:443,6
DA:444,6
DA:445,11
DA:449,2
DA:450,2
DA:456,7
DA:457,7
LF:71
LH:68
end_of_record
TN:
SF:/workspaces/meow-decoder/crypto_core/src/hsm.rs
FNF:0
DA:168,0
DA:169,0
LF:2
LH:0
end_of_record
TN:
SF:/workspaces/meow-decoder/crypto_core/src/nonce.rs
FN:32,Nonce::from_bytes
FN:45,Nonce::from_array
FN:50,Nonce::as_bytes
FN:56,<impl AsRef for Nonce>::as_ref
FN:78,<impl Display for NonceError>::fmt
FN:129,NonceGenerator::new
FN:142,NonceGenerator::with_session_id
FN:165,NonceGenerator::next
FN:181,NonceGenerator::count
FN:186,NonceGenerator::is_near_exhaustion
FN:193,<impl Default for NonceGenerator>::default
FN:229,NonceTracker::new
FN:234,NonceTracker::with_capacity
FN:253,NonceTracker::check_and_mark
FN:269,NonceTracker::was_seen
FN:274,NonceTracker::len
FN:279,NonceTracker::is_empty
FN:288,NonceTracker::clear
FN:294,<impl Default for NonceTracker>::default
FNF:19
FNDA:5,Nonce::from_bytes
FNDA:5,Nonce::from_array
FNDA:6,Nonce::as_bytes
FNDA:4,<impl AsRef for Nonce>::as_ref
FNDA:4,<impl Display for NonceError>::fmt
FNDA:6,NonceGenerator::new
FNDA:2,NonceGenerator::with_session_id
FNDA:6,NonceGenerator::next
FNDA:4,NonceGenerator::count
FNDA:4,NonceGenerator::is_near_exhaustion
FNDA:4,<impl Default for NonceGenerator>::default
FNDA:6,NonceTracker::new
FNDA:6,NonceTracker::with_capacity
FNDA:6,NonceTracker::check_and_mark
FNDA:3,NonceTracker::was_seen
FNDA:4,NonceTracker::len
FNDA:2,NonceTracker::is_empty
FNDA:4,NonceTracker::clear
FNDA:4,<impl Default for NonceTracker>::default
DA:32,5
DA:33,5
DA:34,5
DA:39,4
DA:40,4
DA:41,4
DA:45,5
DA:50,6
DA:56,4
DA:78,4
DA:79,4
DA:80,4
DA:81,4
DA:87,4
DA:88,4
DA:129,6
DA:130,6
DA:131,6
DA:135,6
DA:142,2
DA:144,2
DA:165,6
DA:166,6
DA:168,6
DA:169,0
DA:173,6
DA:174,6
DA:175,6
DA:177,6
DA:181,4
DA:182,4
DA:186,4
DA:188,4
DA:193,4
DA:194,4
DA:229,6
DA:230,6
DA:234,6
DA:236,6
DA:253,6
DA:254,6
DA:257,4
DA:260,6
DA:261,5
DA:264,6
DA:265,6
DA:269,3
DA:270,3
DA:274,4
DA:275,4
DA:279,2
DA:280,2
DA:288,4
DA:289,4
DA:294,4
DA:295,4
LF:56
LH:55
end_of_record
TN:
SF:/workspaces/meow-decoder/crypto_core/src/pure_crypto.rs
FN:97,<impl Display for CryptoError>::fmt
FN:126,SecretKey::from_bytes
FN:136,SecretKey::as_bytes
FN:142,<impl AsRef for SecretKey>::as_ref
FN:155,Nonce::from_bytes
FN:166,Nonce::random
FN:173,Nonce::as_bytes
FN:179,<impl AsRef for Nonce>::as_ref
FN:192,Salt::from_bytes
FN:203,Salt::random
FN:210,Salt::as_bytes
FN:216,<impl AsRef for Salt>::as_ref
FN:325,aes_ctr_crypt
FN:389,<impl Default for Argon2Params>::default
FN:400,Argon2Params::owasp_minimum
FN:409,Argon2Params::ultra
FN:464,hkdf_derive
FN:479,hkdf_derive_key
FN:502,X25519KeyPair::generate
FN:514,X25519KeyPair::public_bytes
FN:519,X25519KeyPair::secret_bytes
FN:525,X25519KeyPair::diffie_hellman
FN:546,hmac_sha256
FN:565,hmac_sha256_verify
FN:576,sha256
FN:588,constant_time_eq
FN:601,random_bytes
FN:609,random_key
FN:721,pq::backend::mldsa65_keygen
FN:743,pq::backend::mldsa65_sign
FN:763,pq::backend::mldsa65_verify
FNF:31
FNDA:5,<impl Display for CryptoError>::fmt
FNDA:6,SecretKey::from_bytes
FNDA:6,SecretKey::as_bytes
FNDA:4,<impl AsRef for SecretKey>::as_ref
FNDA:6,Nonce::from_bytes
FNDA:5,Nonce::random
FNDA:6,Nonce::as_bytes
FNDA:4,<impl AsRef for Nonce>::as_ref
FNDA:6,Salt::from_bytes
FNDA:5,Salt::random
FNDA:6,Salt::as_bytes
FNDA:4,<impl AsRef for Salt>::as_ref
FNDA:2,aes_ctr_crypt
FNDA:5,<impl Default for Argon2Params>::default
FNDA:5,Argon2Params::owasp_minimum
FNDA:5,Argon2Params::ultra
FNDA:6,hkdf_derive
FNDA:5,hkdf_derive_key
FNDA:6,X25519KeyPair::generate
FNDA:6,X25519KeyPair::public_bytes
FNDA:2,X25519KeyPair::secret_bytes
FNDA:6,X25519KeyPair::diffie_hellman
FNDA:6,hmac_sha256
FNDA:6,hmac_sha256_verify
FNDA:6,sha256
FNDA:6,constant_time_eq
FNDA:5,random_bytes
FNDA:5,random_key
FNDA:1,pq::backend::mldsa65_keygen
FNDA:1,pq::backend::mldsa65_sign
FNDA:1,pq::backend::mldsa65_verify
DA:97,5
DA:98,5
DA:99,5
DA:100,5
DA:102,5
DA:103,5
DA:105,5
DA:106,5
DA:107,5
DA:108,5
DA:109,5
DA:110,5
DA:126,6
DA:127,6
DA:128,4
DA:130,6
DA:131,6
DA:132,6
DA:136,6
DA:142,4
DA:155,6
DA:156,6
DA:157,4
DA:159,6
DA:160,6
DA:161,6
DA:166,5
DA:167,5
DA:168,5
DA:169,5
DA:173,6
DA:179,4
DA:192,6
DA:193,6
DA:194,5
DA:196,6
DA:197,6
DA:198,6
DA:203,5
DA:204,5
DA:205,5
DA:206,5
DA:210,6
DA:216,4
DA:244,6
DA:250,12
DA:251,6
DA:253,12
DA:255,12
DA:260,12
DA:262,10
DA:264,6
DA:266,6
DA:276,6
DA:282,6
DA:285,12
DA:287,17
DA:292,12
DA:294,10
DA:296,21
DA:298,6
DA:325,2
DA:331,2
DA:332,1
DA:334,2
DA:335,1
DA:340,2
DA:343,2
DA:344,2
DA:347,2
DA:348,6
DA:349,4
DA:350,4
DA:351,4
DA:355,4
DA:356,2
DA:359,2
DA:360,2
DA:362,2
DA:365,1
DA:366,2
DA:369,4
DA:370,2
DA:389,5
DA:400,5
DA:409,5
DA:426,6
DA:431,6
DA:434,6
DA:435,6
DA:436,6
DA:439,6
DA:441,6
DA:443,6
DA:444,6
DA:445,6
DA:446,6
DA:448,6
DA:464,6
DA:470,6
DA:471,6
DA:472,18
DA:473,6
DA:474,6
DA:479,5
DA:484,5
DA:485,10
DA:502,6
DA:504,6
DA:505,6
DA:507,6
DA:508,6
DA:509,6
DA:514,6
DA:515,6
DA:519,2
DA:525,6
DA:529,6
DA:530,6
DA:531,6
DA:532,12
DA:546,6
DA:551,6
DA:552,6
DA:555,0
DA:558,6
DA:559,6
DA:560,6
DA:565,6
DA:566,6
DA:567,6
DA:576,6
DA:577,6
DA:578,6
DA:579,6
DA:588,6
DA:589,6
DA:590,6
DA:592,6
DA:601,5
DA:602,5
DA:603,10
DA:604,5
DA:609,5
DA:610,5
DA:611,5
DA:612,5
DA:658,3
DA:660,3
DA:661,3
DA:663,3
DA:667,3
DA:669,9
DA:671,3
DA:674,3
DA:675,0
DA:680,3
DA:682,3
DA:685,3
DA:686,3
DA:691,3
DA:693,3
DA:694,0
DA:697,6
DA:698,3
DA:701,7
DA:702,2
DA:707,3
DA:709,3
DA:712,3
DA:713,3
DA:721,1
DA:725,1
DA:726,1
DA:727,0
DA:729,1
DA:730,0
DA:734,1
DA:735,1
DA:736,1
DA:737,1
DA:743,1
DA:747,1
DA:748,1
DA:749,1
DA:753,1
DA:754,0
DA:756,1
DA:757,1
DA:758,1
DA:763,1
DA:767,3
DA:769,1
DA:770,1
DA:773,1
DA:775,3
DA:776,1
DA:779,1
DA:877,3
DA:878,3
DA:879,3
DA:883,3
DA:884,3
DA:888,3
DA:892,3
DA:897,3
DA:900,3
DA:907,3
DA:913,3
DA:914,3
DA:915,3
DA:918,3
DA:922,3
DA:923,3
DA:925,3
DA:942,1
DA:943,1
DA:948,1
DA:949,1
DA:953,1
DA:954,1
LF:221
LH:215
end_of_record
TN:
SF:/workspaces/meow-decoder/crypto_core/src/secure_alloc.rs
FN:56,<impl Display for SecureAllocError>::fmt
FN:193,SecureBox<T>::is_locked
FN:198,SecureBox<T>::data_size
FN:203,SecureBox<T>::total_size
FN:211,SecureBox<T>::new
FN:325,<impl Drop for SecureBox<T>>::drop
FN:353,<impl Deref for SecureBox<T>>::deref
FN:359,<impl DerefMut for SecureBox<T>>::deref_mut
FN:366,<impl Debug for SecureBox<T>>::fmt
FNF:9
FNDA:1,<impl Display for SecureAllocError>::fmt
FNDA:2,SecureBox<T>::is_locked
FNDA:8,SecureBox<T>::data_size
FNDA:7,SecureBox<T>::total_size
FNDA:0,SecureBox<T>::new
FNDA:0,<impl Drop for SecureBox<T>>::drop
FNDA:8,<impl Deref for SecureBox<T>>::deref
FNDA:3,<impl DerefMut for SecureBox<T>>::deref_mut
FNDA:3,<impl Debug for SecureBox<T>>::fmt
DA:56,1
DA:57,1
DA:58,1
DA:59,1
DA:60,1
DA:105,18
DA:111,36
DA:112,18
DA:113,3
DA:116,15
DA:118,30
DA:119,15
DA:121,30
DA:126,15
DA:127,0
DA:128,0
DA:129,0
DA:130,0
DA:134,15
DA:135,0
DA:136,0
DA:141,30
DA:144,0
DA:145,0
DA:146,0
DA:149,15
DA:151,0
DA:153,0
DA:154,0
DA:159,15
DA:160,15
DA:162,0
DA:163,0
DA:164,0
DA:165,0
DA:174,15
DA:180,15
DA:183,15
DA:184,15
DA:185,0
DA:186,0
DA:187,0
DA:188,0
DA:193,2
DA:194,2
DA:198,8
DA:199,8
DA:203,7
DA:204,7
DA:211,0
DA:221,0
DA:222,0
DA:223,0
DA:228,0
DA:229,0
DA:230,0
DA:234,0
DA:235,0
DA:237,0
DA:242,0
DA:243,0
DA:244,0
DA:245,0
DA:248,0
DA:249,0
DA:250,0
DA:255,0
DA:256,0
DA:259,0
DA:260,0
DA:261,0
DA:262,0
DA:265,0
DA:267,0
DA:269,0
DA:270,0
DA:275,0
DA:276,0
DA:278,0
DA:279,0
DA:280,0
DA:286,0
DA:289,0
DA:290,0
DA:291,0
DA:292,0
DA:293,0
DA:294,0
DA:301,15
DA:304,15
DA:308,15
DA:309,15
DA:310,15
DA:312,15
DA:318,15
DA:325,0
DA:331,0
DA:335,0
DA:336,0
DA:337,0
DA:339,0
DA:345,0
DA:353,8
DA:354,8
DA:359,3
DA:360,3
DA:366,3
DA:367,3
DA:368,3
DA:369,3
DA:370,3
LF:111
LH:45
end_of_record
TN:
SF:/workspaces/meow-decoder/crypto_core/src/types.rs
FN:44,AeadKey::from_bytes
FN:61,AeadKey::as_bytes
FN:68,<impl Debug for AeadKey>::fmt
FN:88,<impl Display for KeyError>::fmt
FN:120,AssociatedData::new
FN:132,AssociatedData::as_bytes
FN:137,AssociatedData::empty
FN:145,<impl From for AssociatedData>::from
FN:164,<impl Display for AadError>::fmt
FNF:9
FNDA:6,AeadKey::from_bytes
FNDA:2,AeadKey::as_bytes
FNDA:5,<impl Debug for AeadKey>::fmt
FNDA:4,<impl Display for KeyError>::fmt
FNDA:5,AssociatedData::new
FNDA:5,AssociatedData::as_bytes
FNDA:4,AssociatedData::empty
FNDA:4,<impl From for AssociatedData>::from
FNDA:4,<impl Display for AadError>::fmt
DA:44,6
DA:45,6
DA:46,5
DA:52,6
DA:53,6
DA:54,6
DA:61,2
DA:68,5
DA:69,5
DA:70,5
DA:88,4
DA:90,4
DA:91,4
DA:120,5
DA:121,5
DA:122,10
DA:123,5
DA:124,0
DA:125,5
DA:128,5
DA:132,5
DA:133,5
DA:137,4
DA:138,4
DA:145,4
DA:146,4
DA:164,4
DA:166,4
DA:167,4
LF:29
LH:28
end_of_record
TN:
SF:/workspaces/meow-decoder/crypto_core/src/verus_guarded_buffer.rs
FN:78,check_guard_layout
FN:99,check_index_in_data_region
FN:105,check_total_size_invariant
FN:110,check_alignment
FN:118,check_zeroed
FN:665,guarded_buffer_verification_status
FNF:6
FNDA:2,check_guard_layout
FNDA:2,check_index_in_data_region
FNDA:2,check_total_size_invariant
FNDA:2,check_alignment
FNDA:2,check_zeroed
FNDA:2,guarded_buffer_verification_status
DA:78,2
DA:86,4
DA:88,2
DA:90,2
DA:92,2
DA:94,2
DA:99,2
DA:101,2
DA:105,2
DA:106,2
DA:110,2
DA:111,2
DA:118,2
DA:119,6
DA:665,2
DA:666,4
DA:667,2
DA:674,2
DA:680,2
DA:686,2
DA:692,2
DA:698,2
DA:704,2
DA:711,2
LF:24
LH:24
end_of_record
TN:
SF:/workspaces/meow-decoder/crypto_core/src/verus_kdf_proofs.rs
FN:91,Argon2idParams::is_secure
FN:102,Argon2idParams::gpu_resistance_factor
FNF:2
FNDA:2,Argon2idParams::is_secure
FNDA:2,Argon2idParams::gpu_resistance_factor
DA:91,2
DA:93,4
DA:94,2
DA:95,2
DA:96,2
DA:98,4
DA:102,2
DA:103,2
DA:156,3
DA:157,3
DA:168,6
DA:169,6
DA:170,3
DA:171,0
DA:175,3
DA:179,3
DA:180,3
DA:191,6
DA:192,3
DA:193,3
DA:241,2
DA:244,6
DA:245,2
DA:247,4
DA:252,3
DA:253,3
DA:312,2
DA:313,4
DA:315,2
DA:316,2
DA:317,2
DA:318,2
DA:319,2
DA:320,2
DA:367,2
DA:368,2
DA:369,2
DA:371,2
DA:373,2
DA:374,2
DA:414,2
DA:415,2
DA:425,1
DA:426,1
DA:445,3
DA:446,6
LF:46
LH:45
end_of_record
TN:
SF:/workspaces/meow-decoder/crypto_core/src/verus_proofs.rs
FN:52,nonce_uniqueness_invariant_holds
FNF:1
FNDA:2,nonce_uniqueness_invariant_holds
DA:52,2
DA:53,2
DA:81,2
DA:82,2
DA:335,2
DA:336,4
DA:337,2
DA:343,2
DA:350,2
DA:356,2
LF:10
LH:10
end_of_record
TN:
SF:/workspaces/meow-decoder/crypto_core/src/yubikey_piv.rs
FNF:0
DA:201,0
DA:202,0
LF:2
LH:0
end_of_record
TN:
SF:/workspaces/meow-decoder/crypto_core/tests/comprehensive_coverage_tests.rs
FNF:0
DA:1,1
DA:16,3
DA:17,1
DA:18,1
DA:19,1
DA:20,2
DA:23,3
DA:24,1
DA:25,1
DA:26,1
DA:27,2
DA:30,3
DA:31,1
DA:32,2
DA:34,1
DA:35,1
DA:37,1
DA:38,1
DA:39,2
DA:42,3
DA:43,1
DA:44,2
DA:45,1
DA:46,1
DA:47,2
DA:50,3
DA:51,1
DA:52,1
DA:53,1
DA:54,1
DA:55,1
DA:56,2
DA:59,3
DA:60,1
DA:61,1
DA:62,1
DA:63,1
DA:64,2
DA:67,3
DA:68,1
DA:69,1
DA:70,1
DA:71,1
DA:73,2
DA:74,2
DA:75,2
DA:76,2
DA:79,3
DA:80,1
DA:81,2
DA:83,2
DA:84,2
DA:85,1
DA:86,2
DA:89,3
DA:90,1
DA:91,2
DA:92,2
DA:93,1
DA:94,2
DA:97,3
DA:98,1
DA:99,2
DA:100,2
DA:101,1
DA:102,2
DA:103,2
DA:106,3
DA:107,1
DA:108,2
DA:109,2
DA:110,2
DA:111,2
DA:114,3
DA:115,1
DA:116,2
DA:117,2
DA:118,1
DA:119,2
DA:120,2
DA:123,3
DA:124,1
DA:125,1
DA:126,2
DA:127,2
DA:128,2
DA:129,2
DA:132,3
DA:133,1
DA:134,1
DA:135,2
DA:136,2
DA:137,2
DA:138,2
DA:141,3
DA:142,1
DA:143,1
DA:144,1
DA:146,1
DA:147,1
DA:149,1
DA:150,1
DA:151,1
DA:154,1
DA:155,1
DA:156,1
DA:157,1
DA:158,1
DA:159,2
DA:162,3
DA:163,1
DA:164,2
DA:165,2
DA:168,3
DA:169,1
DA:170,2
DA:171,1
DA:172,1
DA:173,2
DA:182,3
DA:183,1
DA:184,1
DA:185,1
DA:186,2
DA:189,3
DA:190,1
DA:191,1
DA:192,2
DA:195,3
DA:196,1
DA:197,1
DA:198,1
DA:204,2
DA:207,3
DA:208,1
DA:209,1
DA:210,1
DA:216,2
DA:219,3
DA:221,1
DA:222,1
DA:223,1
DA:225,1
DA:226,1
DA:227,1
DA:228,1
DA:230,1
DA:231,2
DA:235,3
DA:236,1
DA:237,1
DA:238,1
DA:239,1
DA:240,1
DA:241,2
DA:244,3
DA:245,1
DA:249,1
DA:250,1
DA:252,1
DA:253,0
DA:254,1
DA:257,1
DA:258,1
DA:259,2
DA:262,3
DA:263,1
DA:264,1
DA:265,2
DA:268,3
DA:269,1
DA:270,1
DA:271,1
DA:272,1
DA:273,2
DA:276,3
DA:277,1
DA:278,1
DA:279,1
DA:280,1
DA:281,1
DA:282,2
DA:285,3
DA:286,1
DA:287,1
DA:288,2
DA:291,3
DA:292,1
DA:293,1
DA:294,2
DA:295,1
DA:296,1
DA:297,2
DA:300,3
DA:301,1
DA:302,1
DA:304,1
DA:305,2
DA:306,1
DA:307,1
DA:310,1
DA:311,1
DA:312,2
DA:315,3
DA:316,1
DA:319,2
DA:320,1
DA:322,1
DA:323,1
DA:326,1
DA:327,1
DA:328,2
DA:331,3
DA:332,1
DA:333,1
DA:335,1
DA:336,1
DA:338,1
DA:339,1
DA:340,1
DA:343,1
DA:344,1
DA:345,2
DA:348,3
DA:349,1
DA:350,2
DA:351,1
DA:352,2
DA:353,1
DA:354,1
DA:356,1
DA:357,2
DA:366,3
DA:367,1
DA:368,2
DA:369,2
DA:372,3
DA:373,2
DA:374,1
DA:375,2
DA:376,1
DA:377,3
DA:378,2
DA:381,3
DA:382,1
DA:383,2
DA:384,2
DA:386,1
DA:387,2
DA:388,3
DA:391,3
DA:392,1
DA:393,1
DA:396,1
DA:399,3
DA:400,1
DA:404,1
DA:405,2
DA:406,1
DA:407,2
DA:410,3
DA:411,1
DA:415,1
DA:416,1
DA:417,1
DA:418,2
DA:421,3
DA:422,1
DA:423,2
DA:424,2
DA:427,3
DA:428,1
DA:429,2
DA:430,2
DA:433,3
DA:434,1
DA:435,1
DA:436,2
DA:437,2
DA:440,3
DA:441,1
DA:442,1
DA:443,1
DA:444,2
DA:447,3
DA:448,1
DA:449,1
DA:450,2
DA:451,2
DA:454,3
DA:455,1
DA:459,1
DA:460,2
DA:461,1
DA:462,2
DA:465,3
DA:466,1
DA:467,1
DA:468,1
DA:469,1
DA:470,2
DA:473,3
DA:474,1
DA:475,1
DA:476,2
DA:477,1
DA:478,2
DA:488,3
DA:489,1
DA:490,2
DA:492,2
DA:493,1
DA:494,2
DA:495,2
DA:496,2
DA:497,3
DA:498,2
DA:501,3
DA:502,1
DA:503,2
DA:504,1
DA:505,2
DA:506,2
DA:507,2
DA:510,3
DA:511,1
DA:512,2
DA:513,1
DA:514,2
DA:515,2
DA:516,2
DA:519,3
DA:520,1
DA:521,2
DA:522,1
DA:524,1
DA:525,2
DA:526,2
DA:529,2
DA:530,3
DA:533,3
DA:534,1
DA:535,1
DA:536,1
DA:538,1
DA:539,2
DA:541,2
DA:542,2
DA:543,2
DA:546,3
DA:547,1
DA:548,1
DA:551,1
DA:552,2
DA:553,2
DA:556,2
DA:557,2
DA:558,2
DA:559,1
DA:560,2
DA:563,3
DA:564,1
DA:565,1
DA:567,1
DA:569,1
DA:570,2
DA:571,2
DA:572,2
DA:575,3
DA:576,1
DA:577,1
DA:578,2
DA:581,3
DA:582,1
DA:583,1
DA:584,2
DA:587,3
DA:588,1
DA:589,2
DA:590,2
DA:593,3
DA:594,1
DA:595,1
DA:596,1
DA:601,1
DA:602,2
DA:603,2
DA:606,3
DA:607,1
DA:608,1
DA:614,1
DA:615,1
DA:617,1
DA:618,2
DA:619,2
DA:620,3
DA:623,3
DA:624,1
DA:625,1
DA:630,1
DA:631,2
DA:632,2
DA:635,3
DA:636,1
DA:637,2
DA:638,2
DA:639,2
DA:640,2
DA:641,2
DA:644,3
DA:645,1
DA:646,2
DA:647,2
DA:650,3
DA:651,1
DA:652,2
DA:653,2
DA:656,3
DA:657,1
DA:658,1
DA:660,1
DA:661,2
DA:662,2
DA:663,3
DA:666,3
DA:667,1
DA:668,1
DA:669,1
DA:670,1
DA:671,1
DA:672,2
DA:675,3
DA:676,1
DA:677,1
DA:678,1
DA:679,1
DA:680,2
DA:683,3
DA:684,1
DA:685,1
DA:686,1
DA:687,1
DA:688,2
DA:691,3
DA:692,1
DA:693,1
DA:695,1
DA:696,1
DA:698,1
DA:699,1
DA:700,2
DA:703,3
DA:704,1
DA:705,1
DA:706,1
DA:707,1
DA:708,2
DA:711,3
DA:712,1
DA:713,1
DA:714,1
DA:715,1
DA:716,1
DA:717,2
DA:720,3
DA:721,1
DA:724,1
DA:725,1
DA:726,2
DA:727,2
DA:730,3
DA:731,1
DA:733,1
DA:734,1
DA:735,2
DA:736,2
DA:739,3
DA:740,1
DA:741,1
DA:742,1
DA:743,2
DA:746,3
DA:747,1
DA:748,2
DA:751,3
DA:752,1
DA:753,2
DA:756,3
DA:757,1
DA:758,1
DA:759,2
DA:762,3
DA:763,1
DA:764,2
DA:767,3
DA:768,2
DA:769,2
DA:770,2
DA:771,2
DA:772,2
DA:775,3
DA:776,1
DA:777,2
DA:778,2
DA:779,3
DA:782,3
DA:783,1
DA:784,2
DA:785,2
DA:786,3
DA:789,3
DA:790,1
DA:791,2
DA:792,1
DA:793,2
DA:796,3
DA:797,1
DA:798,2
DA:800,2
DA:801,1
DA:802,1
DA:803,2
DA:806,3
DA:807,1
DA:808,2
DA:809,2
DA:810,3
DA:813,3
DA:814,1
DA:815,2
DA:816,2
DA:819,3
DA:820,1
DA:821,1
DA:822,1
DA:823,2
DA:826,3
DA:827,1
DA:828,2
DA:829,1
DA:830,2
DA:833,3
DA:834,1
DA:835,1
DA:836,1
DA:837,2
DA:840,3
DA:841,1
DA:842,1
DA:843,1
DA:844,2
DA:847,3
DA:848,1
DA:849,1
DA:850,2
DA:853,3
DA:854,1
DA:855,1
DA:856,2
DA:859,3
DA:860,1
DA:861,1
DA:862,1
DA:863,2
DA:866,3
DA:867,1
DA:868,1
DA:869,1
DA:870,2
DA:873,3
DA:874,1
DA:875,1
DA:876,1
DA:877,2
DA:880,3
DA:881,2
DA:882,1
DA:883,1
DA:884,2
DA:885,1
DA:886,2
DA:887,1
DA:888,2
DA:889,1
DA:892,2
DA:893,2
DA:894,2
DA:895,2
DA:896,2
DA:897,2
DA:898,2
DA:901,3
DA:902,1
DA:903,2
DA:904,2
DA:907,3
DA:908,1
DA:909,1
DA:910,1
DA:911,1
DA:912,2
DA:915,3
DA:916,1
DA:917,1
DA:918,1
DA:919,1
DA:920,2
DA:923,3
DA:924,1
DA:925,1
DA:926,1
DA:927,2
DA:930,3
DA:931,1
DA:932,1
DA:933,1
DA:934,2
DA:943,3
DA:944,1
DA:945,2
DA:946,2
DA:949,3
DA:950,1
DA:951,2
DA:952,2
DA:953,1
DA:954,2
DA:957,3
DA:958,1
DA:959,2
DA:960,2
DA:963,3
DA:964,1
DA:965,2
DA:966,1
DA:967,3
DA:970,3
DA:971,1
DA:972,1
DA:973,1
DA:975,1
DA:976,2
DA:977,2
DA:980,3
DA:981,1
DA:982,1
DA:983,2
DA:984,2
DA:985,3
DA:988,3
DA:989,1
DA:990,2
DA:991,1
DA:992,2
DA:995,3
DA:996,1
DA:997,1
DA:998,2
DA:1008,3
DA:1009,1
DA:1010,1
DA:1011,1
DA:1012,1
DA:1013,1
DA:1014,1
DA:1015,1
DA:1016,2
DA:1026,3
DA:1028,1
DA:1029,1
DA:1034,1
DA:1037,2
DA:1038,1
DA:1039,1
DA:1040,1
DA:1043,2
DA:1046,1
DA:1049,1
DA:1050,2
DA:1051,2
DA:1054,3
DA:1055,1
DA:1056,1
DA:1058,2
DA:1059,1
DA:1060,2
DA:1061,2
DA:1062,2
DA:1065,3
DA:1066,1
DA:1067,2
DA:1069,2
DA:1072,1
DA:1074,2
DA:1075,1
DA:1076,2
DA:1077,2
DA:1078,2
DA:1081,3
DA:1082,1
DA:1083,1
DA:1084,1
DA:1087,1
DA:1090,1
DA:1091,1
DA:1092,1
DA:1093,1
DA:1096,1
DA:1099,1
DA:1100,2
DA:1101,2
LF:711
LH:710
end_of_record
TN:
SF:/workspaces/meow-decoder/crypto_core/tests/core_smoke.rs
FNF:0
DA:1,1
DA:7,3
DA:8,1
DA:9,1
DA:10,2
DA:13,3
DA:14,1
DA:15,2
DA:16,2
DA:20,1
DA:21,1
DA:22,2
DA:24,1
DA:25,1
DA:26,2
DA:29,3
DA:30,1
DA:31,1
DA:33,1
DA:34,2
DA:35,1
DA:36,1
DA:37,1
DA:40,2
DA:43,3
DA:44,1
DA:45,1
DA:48,2
DA:51,3
DA:52,1
DA:54,1
DA:55,2
DA:59,1
DA:60,2
DA:62,1
DA:63,1
DA:64,1
DA:67,2
LF:38
LH:38
end_of_record
TN:
SF:/workspaces/meow-decoder/crypto_core/tests/coverage_boost_tests.rs
FNF:0
DA:1,1
DA:15,3
DA:16,1
DA:17,1
DA:18,2
DA:19,1
DA:20,2
DA:23,3
DA:24,1
DA:25,1
DA:26,2
DA:27,1
DA:28,2
DA:31,3
DA:32,1
DA:33,1
DA:34,2
DA:35,2
DA:38,2
DA:39,1
DA:42,2
DA:45,3
DA:46,1
DA:47,1
DA:48,2
DA:49,2
DA:52,3
DA:53,1
DA:55,2
DA:56,2
DA:59,3
DA:60,1
DA:61,2
DA:62,2
DA:65,3
DA:66,1
DA:68,2
DA:69,2
DA:72,3
DA:73,1
DA:75,2
DA:76,1
DA:77,1
DA:78,1
DA:79,1
DA:80,2
DA:83,3
DA:84,1
DA:85,2
DA:86,2
DA:87,1
DA:88,1
DA:89,1
DA:91,1
DA:92,3
DA:95,3
DA:96,1
DA:97,2
DA:98,1
DA:99,2
DA:100,2
DA:101,1
DA:102,3
DA:105,3
DA:107,1
DA:108,1
DA:109,1
DA:110,1
DA:111,2
DA:114,3
DA:116,1
DA:117,2
DA:118,1
DA:119,1
DA:121,1
DA:122,2
DA:125,3
DA:127,1
DA:128,2
DA:129,1
DA:132,2
DA:144,3
DA:145,1
DA:146,2
DA:147,1
DA:149,1
DA:150,1
DA:151,2
DA:153,1
DA:154,1
DA:155,2
DA:158,3
DA:159,1
DA:160,2
DA:163,2
DA:164,1
DA:165,3
DA:168,3
DA:169,1
DA:170,2
DA:171,2
DA:174,3
DA:175,1
DA:176,2
DA:177,2
DA:180,3
DA:181,1
DA:182,1
DA:183,2
DA:184,2
DA:187,3
DA:188,1
DA:189,2
DA:190,2
DA:191,1
DA:192,2
DA:195,3
DA:196,1
DA:197,1
DA:198,2
DA:199,2
DA:200,1
DA:201,2
DA:204,3
DA:205,1
DA:206,2
DA:207,1
DA:208,2
DA:209,1
DA:210,3
DA:222,3
DA:224,1
DA:225,2
DA:226,2
DA:229,3
DA:230,1
DA:232,1
DA:233,2
DA:234,2
DA:237,3
DA:238,1
DA:239,2
DA:240,1
DA:241,2
DA:244,3
DA:245,1
DA:246,2
DA:247,2
DA:248,1
DA:250,1
DA:251,1
DA:252,2
DA:255,3
DA:256,1
DA:257,1
DA:258,2
DA:261,3
DA:262,1
DA:263,2
DA:264,1
DA:265,2
DA:268,3
DA:269,1
DA:270,1
DA:271,1
DA:272,1
DA:273,2
DA:275,1
DA:276,1
DA:277,2
DA:278,2
DA:281,3
DA:282,1
DA:283,1
DA:284,1
DA:285,1
DA:286,1
DA:287,1
DA:288,2
DA:299,3
DA:300,1
DA:301,1
DA:303,2
DA:304,2
DA:306,1
DA:307,2
DA:308,2
DA:311,3
DA:312,1
DA:313,1
DA:314,1
DA:316,1
DA:317,2
DA:318,2
DA:321,3
DA:322,1
DA:323,1
DA:324,1
DA:325,2
DA:326,2
DA:327,2
DA:328,2
DA:340,3
DA:342,1
DA:343,1
DA:344,2
DA:347,3
DA:348,1
DA:349,1
DA:350,1
DA:351,1
DA:352,2
DA:355,3
DA:356,1
DA:357,1
DA:358,1
DA:359,2
DA:362,3
DA:363,1
DA:365,1
DA:366,2
DA:369,3
DA:370,1
DA:371,2
DA:372,2
DA:375,3
DA:376,1
DA:377,2
DA:378,2
DA:381,3
DA:382,2
DA:383,1
DA:384,1
DA:385,2
DA:386,1
DA:387,2
DA:388,1
DA:389,2
DA:390,1
DA:392,2
DA:393,2
DA:394,2
DA:395,1
DA:397,1
DA:398,2
DA:399,2
DA:400,1
DA:401,2
DA:404,3
DA:405,1
DA:406,1
DA:407,2
DA:408,2
DA:411,3
DA:412,1
DA:413,1
DA:418,1
DA:419,2
DA:420,2
DA:423,3
DA:424,1
DA:425,1
DA:426,1
DA:428,1
DA:429,1
DA:430,1
DA:432,1
DA:433,1
DA:434,2
DA:437,3
DA:438,1
DA:439,1
DA:440,1
DA:441,2
DA:444,3
DA:445,1
DA:446,2
DA:447,2
DA:450,3
DA:451,1
DA:452,2
DA:454,2
DA:455,1
DA:457,1
DA:458,2
DA:461,3
DA:462,1
DA:463,2
DA:464,1
DA:465,2
DA:468,3
DA:470,1
DA:471,1
DA:472,2
DA:475,3
DA:477,1
DA:478,2
DA:479,2
DA:482,3
DA:483,1
DA:484,2
DA:485,2
DA:488,3
DA:489,1
DA:490,2
DA:491,2
DA:494,3
DA:496,1
DA:497,2
DA:498,1
DA:499,2
DA:500,2
DA:501,2
DA:504,3
DA:506,1
DA:507,2
DA:508,2
DA:509,1
DA:510,2
DA:511,2
DA:512,2
DA:515,3
DA:516,1
DA:517,2
DA:518,2
LF:325
LH:325
end_of_record
TN:
SF:/workspaces/meow-decoder/crypto_core/tests/coverage_tests.rs
FNF:0
DA:1,1
DA:15,3
DA:18,1
DA:21,1
DA:24,1
DA:27,1
DA:28,1
DA:29,2
DA:32,3
DA:34,1
DA:37,1
DA:38,1
DA:39,1
DA:40,1
DA:42,1
DA:43,1
DA:44,1
DA:47,1
DA:48,1
DA:49,2
DA:52,3
DA:53,1
DA:56,2
DA:57,1
DA:60,1
DA:61,1
DA:63,1
DA:64,2
DA:65,1
DA:68,1
DA:69,1
DA:70,1
DA:71,1
DA:74,2
DA:75,2
DA:82,3
DA:83,1
DA:84,1
DA:85,1
DA:86,2
DA:89,3
DA:90,1
DA:91,1
DA:92,1
DA:93,1
DA:99,2
DA:102,3
DA:103,1
DA:104,1
DA:105,1
DA:106,1
DA:112,2
DA:115,3
DA:116,1
DA:117,1
DA:118,1
DA:119,2
DA:123,3
DA:124,1
DA:125,1
DA:126,1
DA:128,1
DA:129,1
DA:130,2
DA:133,3
DA:136,1
DA:137,1
DA:139,1
DA:140,1
DA:141,1
DA:142,1
DA:144,1
DA:145,2
DA:152,3
DA:153,1
DA:157,1
DA:158,2
DA:159,1
DA:160,1
DA:162,1
DA:163,1
DA:165,1
DA:166,1
DA:167,2
DA:170,3
DA:171,1
DA:172,2
DA:173,2
DA:180,3
DA:181,1
DA:182,1
DA:183,1
DA:184,2
DA:187,3
DA:188,1
DA:189,1
DA:190,1
DA:191,2
DA:194,3
DA:196,1
DA:197,1
DA:198,2
DA:201,3
DA:202,1
DA:203,1
DA:204,1
DA:207,1
DA:208,1
DA:209,1
DA:210,3
DA:213,3
DA:214,1
DA:215,1
DA:216,1
DA:219,2
DA:222,2
DA:225,1
DA:226,2
DA:227,2
DA:230,3
DA:231,1
DA:232,1
DA:233,1
DA:234,1
DA:237,1
DA:239,2
DA:241,2
DA:242,1
DA:244,2
DA:245,2
DA:248,3
DA:249,1
DA:250,1
DA:251,1
DA:252,1
DA:254,2
DA:257,2
DA:258,2
DA:261,3
DA:262,1
DA:263,1
DA:264,1
DA:265,1
DA:267,1
DA:268,1
DA:271,1
DA:272,1
DA:274,2
DA:275,1
DA:277,2
DA:278,2
DA:281,3
DA:283,1
DA:285,1
DA:286,2
DA:287,1
DA:290,1
DA:291,2
DA:294,3
DA:295,1
DA:296,1
DA:299,1
DA:302,1
DA:303,2
DA:310,3
DA:311,1
DA:319,3
DA:320,2
DA:321,2
DA:322,2
DA:323,2
DA:326,3
DA:327,1
DA:328,1
DA:329,1
DA:331,1
DA:332,1
DA:333,2
DA:340,3
DA:341,1
DA:342,2
DA:344,2
DA:345,1
DA:346,3
DA:349,3
DA:350,1
DA:351,1
DA:353,1
DA:354,1
DA:357,1
DA:358,2
DA:359,2
DA:362,3
DA:363,1
DA:367,1
DA:368,2
DA:369,1
DA:370,1
DA:371,2
DA:374,3
DA:375,1
DA:379,2
DA:380,2
DA:387,3
DA:388,1
DA:389,2
DA:390,2
DA:393,3
DA:394,1
DA:395,1
DA:396,2
DA:397,2
DA:400,3
DA:401,1
DA:402,1
DA:404,1
DA:405,1
DA:406,1
DA:407,2
DA:409,0
DA:411,2
DA:414,3
DA:415,1
DA:416,2
DA:417,2
DA:418,2
DA:421,3
DA:422,1
DA:426,1
DA:427,2
DA:428,2
DA:431,3
DA:432,1
DA:433,2
DA:434,2
DA:437,3
DA:438,1
DA:439,2
DA:440,2
DA:441,2
DA:448,3
DA:449,1
DA:450,1
DA:451,1
DA:452,2
DA:455,3
DA:456,1
DA:457,2
DA:458,1
DA:459,2
DA:466,3
DA:467,1
DA:468,1
DA:469,1
DA:470,1
DA:472,2
DA:473,2
DA:475,2
DA:476,2
DA:479,3
DA:480,1
DA:481,1
DA:482,1
DA:483,1
DA:485,2
DA:486,2
DA:488,2
DA:489,2
DA:502,3
DA:503,1
DA:504,2
DA:505,2
DA:507,3
DA:508,1
DA:509,3
DA:510,3
DA:511,1
DA:512,3
DA:513,2
DA:516,3
DA:518,1
DA:519,0
DA:520,1
DA:523,2
DA:526,3
DA:527,1
DA:528,1
DA:529,2
DA:532,3
DA:534,1
DA:535,1
DA:536,1
DA:537,1
DA:538,1
DA:539,1
DA:540,1
DA:541,2
DA:544,3
DA:546,1
DA:547,1
DA:550,1
DA:551,1
DA:552,1
DA:553,2
DA:556,3
DA:557,1
DA:558,1
DA:559,1
DA:560,1
DA:561,1
DA:562,2
DA:565,3
DA:566,1
DA:567,1
DA:568,2
DA:569,2
DA:572,3
DA:573,1
DA:574,1
DA:575,2
DA:576,2
DA:579,3
DA:580,1
DA:582,2
DA:585,1
DA:586,2
DA:587,2
DA:588,2
DA:590,2
DA:604,3
DA:605,1
DA:606,2
DA:607,2
DA:610,3
DA:611,1
DA:614,1
DA:615,2
DA:616,2
DA:617,1
DA:620,1
DA:621,1
DA:624,1
DA:628,3
DA:631,3
DA:632,1
DA:633,2
DA:635,2
DA:636,1
DA:639,1
DA:640,3
DA:643,3
DA:644,1
DA:645,2
DA:648,2
DA:652,2
DA:653,1
DA:654,1
DA:655,3
DA:658,3
DA:659,1
DA:660,1
DA:661,1
DA:663,1
DA:664,1
DA:666,2
DA:667,2
DA:670,3
DA:671,1
DA:672,1
DA:673,1
DA:674,1
DA:675,1
DA:677,1
DA:678,2
DA:679,2
DA:680,2
DA:683,2
DA:684,2
DA:685,2
DA:686,3
DA:689,3
DA:691,1
DA:692,1
DA:693,1
DA:694,1
DA:695,2
DA:711,3
DA:712,1
DA:713,2
DA:714,1
DA:716,1
DA:718,2
DA:720,1
DA:721,2
DA:722,2
DA:725,3
DA:726,1
DA:727,2
DA:728,1
DA:729,1
DA:731,1
DA:732,2
DA:733,2
DA:734,2
DA:737,3
DA:738,1
DA:739,2
DA:740,1
DA:742,1
DA:743,2
DA:744,2
DA:745,2
DA:748,3
DA:749,1
DA:750,2
DA:751,1
DA:753,1
DA:754,2
DA:756,1
DA:757,2
DA:758,2
DA:761,3
DA:762,1
DA:763,1
DA:764,1
DA:765,1
DA:766,2
DA:769,3
DA:770,1
DA:771,1
DA:772,1
DA:773,1
DA:774,2
DA:777,3
DA:778,1
DA:779,1
DA:780,1
DA:783,1
DA:786,1
DA:789,1
DA:790,1
DA:791,1
DA:792,2
DA:795,3
DA:796,1
DA:797,1
DA:798,1
DA:801,1
DA:802,1
DA:805,1
DA:806,1
DA:807,2
DA:810,3
DA:811,1
DA:813,2
DA:814,1
DA:815,2
DA:818,3
DA:820,1
DA:821,2
DA:822,2
DA:825,3
DA:826,1
DA:827,2
DA:828,2
DA:831,3
DA:832,1
DA:833,1
DA:834,1
DA:835,2
DA:838,3
DA:839,2
DA:840,2
DA:841,2
DA:842,2
DA:843,2
DA:851,3
DA:852,1
DA:853,1
DA:854,1
DA:857,1
DA:858,1
DA:860,2
DA:861,2
DA:863,2
DA:864,2
DA:867,3
DA:868,1
DA:869,1
DA:871,1
DA:872,2
DA:874,1
DA:875,1
DA:876,1
DA:878,2
DA:879,2
DA:882,2
DA:885,2
DA:886,2
DA:889,3
DA:890,1
DA:891,1
DA:892,1
DA:895,1
DA:896,2
DA:897,2
DA:898,2
DA:1142,3
DA:1143,1
DA:1146,1
DA:1147,2
DA:1148,2
DA:1149,1
DA:1150,1
DA:1153,1
DA:1154,2
DA:1157,3
DA:1158,1
DA:1160,2
DA:1161,1
DA:1162,1
DA:1165,1
DA:1166,1
DA:1167,1
DA:1169,1
DA:1170,1
DA:1171,1
DA:1172,2
DA:1175,3
DA:1176,2
DA:1177,1
DA:1178,1
DA:1179,1
DA:1180,1
DA:1181,1
DA:1185,3
DA:1186,2
DA:1187,2
DA:1188,2
DA:1191,3
DA:1192,1
DA:1193,1
DA:1195,1
DA:1196,1
DA:1199,2
DA:1200,2
DA:1203,2
DA:1206,2
DA:1209,1
DA:1210,2
DA:1211,2
DA:1212,1
DA:1213,2
DA:1216,3
DA:1217,1
DA:1218,1
DA:1219,1
DA:1220,1
DA:1222,2
DA:1223,2
DA:1226,2
DA:1227,2
DA:1234,3
DA:1235,1
DA:1236,1
DA:1237,1
DA:1238,2
DA:1241,3
DA:1245,1
DA:1246,1
DA:1249,2
DA:1250,2
DA:1251,2
DA:1252,2
DA:1253,5
DA:1255,2
DA:1258,2
DA:1259,2
DA:1260,1
DA:1263,1
DA:1264,2
DA:1267,3
DA:1268,1
DA:1269,1
DA:1270,1
DA:1272,1
DA:1274,1
DA:1275,1
DA:1276,2
DA:1283,3
DA:1284,1
DA:1285,1
DA:1286,1
DA:1287,2
DA:1290,3
DA:1292,1
DA:1293,1
DA:1296,1
DA:1297,1
DA:1298,2
DA:1301,3
DA:1302,1
DA:1303,2
DA:1304,2
DA:1307,3
DA:1308,1
DA:1309,1
DA:1310,2
DA:1311,2
DA:1323,3
DA:1324,1
DA:1325,1
DA:1328,1
DA:1334,1
DA:1335,2
DA:1336,2
DA:1339,3
DA:1340,1
DA:1341,1
DA:1343,1
DA:1344,1
DA:1345,1
DA:1346,1
DA:1349,2
DA:1352,3
DA:1353,1
DA:1354,1
DA:1355,1
DA:1356,1
DA:1357,2
DA:1360,3
DA:1361,1
DA:1363,1
DA:1364,1
DA:1365,1
DA:1366,2
DA:1369,3
DA:1370,1
DA:1371,1
DA:1373,1
DA:1374,2
DA:1375,2
DA:1378,3
DA:1379,1
DA:1380,1
DA:1381,1
DA:1383,1
DA:1384,2
DA:1385,2
DA:1388,3
DA:1389,1
DA:1390,1
DA:1392,1
DA:1393,2
DA:1395,2
DA:1396,2
DA:1399,3
DA:1400,1
DA:1401,2
DA:1404,2
DA:1405,3
DA:1408,3
DA:1409,1
DA:1410,1
DA:1412,1
DA:1413,1
DA:1414,2
DA:1417,3
DA:1418,1
DA:1419,1
DA:1421,1
DA:1422,1
DA:1423,2
DA:1426,3
DA:1427,1
DA:1428,2
DA:1430,1
DA:1431,2
DA:1433,1
DA:1434,2
DA:1436,1
DA:1437,2
DA:1439,1
DA:1440,2
DA:1442,1
DA:1443,2
DA:1445,1
DA:1446,2
DA:1448,1
DA:1449,2
DA:1450,2
DA:1453,3
DA:1454,1
DA:1455,2
DA:1456,1
DA:1457,1
DA:1458,2
DA:1461,3
DA:1462,1
DA:1463,1
DA:1464,1
DA:1465,2
DA:1468,3
DA:1469,1
DA:1470,1
DA:1471,1
DA:1472,2
DA:1475,3
DA:1476,1
DA:1477,1
DA:1478,2
DA:1481,3
DA:1482,1
DA:1483,1
DA:1484,2
DA:1497,3
DA:1498,1
DA:1499,1
DA:1500,1
DA:1501,2
DA:1504,3
DA:1505,1
DA:1506,2
DA:1507,1
DA:1508,2
DA:1511,3
DA:1513,1
DA:1514,2
DA:1515,2
DA:1516,2
DA:1519,3
DA:1520,1
DA:1523,1
DA:1524,2
DA:1525,2
DA:1526,2
DA:1529,3
DA:1530,1
DA:1531,2
DA:1532,2
DA:1540,3
DA:1541,1
DA:1544,2
DA:1545,1
DA:1546,1
DA:1547,2
DA:1550,3
DA:1551,1
DA:1552,2
DA:1553,1
DA:1554,1
DA:1555,2
DA:1558,3
DA:1559,1
DA:1560,1
DA:1561,1
DA:1562,1
DA:1565,1
DA:1566,1
DA:1567,1
DA:1571,2
DA:1572,1
DA:1573,2
DA:1574,2
DA:1577,3
DA:1578,1
DA:1579,1
DA:1581,2
DA:1583,1
DA:1584,1
DA:1586,1
DA:1587,1
DA:1588,2
LF:773
LH:771
end_of_record
TN:
SF:/workspaces/meow-decoder/crypto_core/tests/golden_vectors.rs
FNF:0
DA:1,1
DA:86,3
DA:87,1
DA:88,1
DA:89,1
DA:93,2
DA:96,3
DA:97,1
DA:98,2
DA:99,2
DA:102,3
DA:103,1
DA:104,2
DA:105,2
DA:109,3
DA:120,3
DA:121,1
DA:122,1
DA:123,1
DA:127,2
DA:130,3
DA:131,1
DA:132,0
DA:133,1
DA:136,2
DA:139,3
DA:140,1
DA:141,0
DA:142,1
DA:145,2
DA:158,3
DA:159,1
DA:160,2
DA:161,1
DA:162,1
DA:163,1
DA:167,2
DA:170,3
DA:171,1
DA:172,2
DA:173,1
DA:174,2
DA:175,2
DA:179,3
DA:182,3
DA:183,1
DA:184,2
DA:185,1
DA:186,2
DA:187,2
DA:188,3
DA:191,3
DA:192,1
DA:193,2
DA:194,1
DA:195,2
DA:196,1
DA:197,0
DA:198,2
DA:201,3
DA:213,3
DA:214,1
DA:215,1
DA:216,1
DA:220,2
DA:223,3
DA:224,1
DA:225,1
DA:226,1
DA:227,2
DA:234,3
DA:235,1
DA:236,0
DA:237,1
DA:240,2
DA:243,3
DA:244,1
DA:245,1
DA:246,0
DA:247,1
DA:250,2
DA:253,3
DA:254,0
DA:255,1
DA:258,2
DA:265,3
DA:271,1
DA:273,2
DA:275,1
DA:278,2
DA:281,3
DA:289,1
DA:290,1
DA:291,2
DA:305,3
DA:306,1
DA:307,1
DA:312,1
DA:313,1
DA:314,2
DA:318,2
DA:321,3
DA:322,1
DA:323,1
DA:328,1
DA:329,2
DA:330,2
DA:343,3
DA:344,1
DA:345,2
DA:347,2
DA:348,1
DA:350,1
DA:354,1
DA:355,2
DA:358,3
DA:359,1
DA:360,2
DA:361,2
DA:363,2
DA:364,1
DA:366,1
DA:370,3
DA:390,3
DA:391,1
DA:392,2
DA:393,2
DA:394,1
DA:397,1
DA:398,2
DA:399,1
DA:400,1
DA:401,1
DA:403,0
DA:404,0
DA:408,2
DA:432,3
DA:435,1
DA:436,1
DA:437,1
DA:441,2
DA:444,3
DA:445,1
DA:448,1
DA:449,2
DA:450,1
DA:451,1
DA:452,1
DA:456,2
DA:459,3
DA:460,1
DA:461,1
DA:462,2
DA:463,1
DA:464,1
DA:465,1
DA:469,2
DA:472,3
DA:473,1
DA:475,2
DA:476,1
DA:477,2
DA:481,3
DA:484,3
DA:485,1
DA:486,1
DA:487,2
DA:488,1
DA:489,2
DA:491,1
DA:492,2
DA:493,2
DA:497,3
DA:516,3
DA:518,1
DA:519,2
DA:521,2
DA:522,1
DA:523,1
DA:529,2
DA:530,2
DA:531,2
DA:532,1
DA:533,2
DA:536,3
DA:537,1
DA:540,2
DA:542,2
DA:544,2
DA:545,1
DA:546,1
DA:547,2
DA:548,3
DA:562,3
DA:565,1
DA:568,1
DA:569,2
DA:572,1
DA:573,1
DA:576,1
DA:577,1
DA:578,1
DA:579,2
DA:594,3
DA:595,1
DA:596,1
DA:597,1
DA:604,1
DA:613,2
DA:614,2
DA:620,2
DA:621,2
DA:627,2
DA:628,2
DA:629,2
DA:630,1
DA:631,1
DA:635,3
DA:641,1
DA:642,1
DA:643,1
DA:644,2
DA:645,1
DA:646,1
DA:648,1
DA:649,1
DA:650,1
LF:227
LH:219
end_of_record
TN:
SF:/workspaces/meow-decoder/crypto_core/tests/security_properties.rs
FNF:0
DA:1,1
DA:14,3
DA:15,1
DA:16,1
DA:19,2
DA:20,2
DA:21,1
DA:22,0
DA:23,1
DA:27,2
DA:30,3
DA:31,1
DA:33,1
DA:34,1
DA:35,1
DA:38,1
DA:39,1
DA:40,1
DA:43,1
DA:44,1
DA:45,1
DA:46,2
DA:49,3
DA:50,1
DA:51,1
DA:55,1
DA:56,1
DA:59,1
DA:60,1
DA:61,2
DA:64,3
DA:67,1
DA:68,1
DA:69,1
DA:70,1
DA:73,1
DA:75,2
DA:76,2
DA:79,2
DA:82,1
DA:83,2
DA:84,2
DA:88,3
DA:95,3
DA:96,1
DA:97,1
DA:98,1
DA:99,1
DA:101,1
DA:102,1
DA:105,1
DA:106,1
DA:109,2
DA:111,1
DA:112,1
DA:114,2
DA:115,1
DA:116,0
DA:118,2
DA:121,3
DA:122,1
DA:123,1
DA:124,1
DA:125,1
DA:126,1
DA:128,2
DA:131,2
DA:134,1
DA:135,2
DA:136,3
DA:139,3
DA:140,1
DA:141,1
DA:142,1
DA:143,1
DA:144,1
DA:145,1
DA:147,2
DA:150,2
DA:151,2
DA:152,3
DA:155,3
DA:156,1
DA:157,1
DA:158,1
DA:159,1
DA:160,1
DA:162,1
DA:163,2
DA:165,2
DA:168,2
DA:169,2
DA:170,3
DA:173,3
DA:174,1
DA:175,1
DA:176,1
DA:177,1
DA:178,1
DA:180,2
DA:183,2
DA:185,1
DA:186,2
DA:187,3
DA:194,3
DA:195,1
DA:196,1
DA:199,2
DA:200,2
DA:201,2
DA:202,2
DA:203,2
DA:204,2
DA:211,3
DA:213,1
DA:214,1
DA:215,1
DA:217,2
DA:228,3
DA:229,1
DA:230,1
DA:231,1
DA:232,1
DA:235,1
DA:236,1
DA:237,2
DA:238,2
DA:245,3
DA:246,1
DA:247,1
DA:248,1
DA:250,2
DA:251,2
DA:252,2
DA:253,2
DA:254,2
DA:257,2
DA:258,2
DA:261,1
DA:262,1
DA:265,2
DA:266,1
DA:268,1
DA:269,2
DA:270,1
DA:273,3
DA:274,2
DA:281,3
DA:282,1
DA:283,1
DA:284,1
DA:286,2
DA:288,2
DA:289,1
DA:290,2
DA:293,1
DA:294,2
DA:295,1
DA:300,3
DA:301,2
DA:308,3
DA:310,1
DA:311,1
DA:312,1
DA:313,1
DA:315,2
DA:316,2
DA:318,2
DA:319,2
DA:322,3
DA:323,1
DA:324,1
DA:325,1
DA:326,1
DA:328,2
DA:329,2
DA:331,2
DA:332,2
DA:335,3
DA:336,1
DA:337,1
DA:338,1
DA:339,1
DA:340,1
DA:342,2
DA:343,2
DA:345,2
DA:346,2
LF:188
LH:186
end_of_record
TN:
SF:/workspaces/meow-decoder/rust_crypto/src/handles.rs
FNF:0
DA:235,0
DA:236,0
DA:237,0
DA:244,0
DA:245,0
DA:246,0
LF:6
LH:0
end_of_record
TN:
SF:/workspaces/meow-decoder/rust_crypto/src/lib.rs
FN:101,derive_key_argon2id
FN:138,derive_key_hkdf
FN:156,hkdf_extract
FN:169,hkdf_expand
FN:204,aes_gcm_encrypt
FN:265,aes_gcm_decrypt
FN:337,aes_ctr_crypt
FN:352,hmac_sha256
FNF:8
FNDA:0,derive_key_argon2id
FNDA:0,derive_key_hkdf
FNDA:0,hkdf_extract
FNDA:0,hkdf_expand
FNDA:0,aes_gcm_encrypt
FNDA:0,aes_gcm_decrypt
FNDA:0,aes_ctr_crypt
FNDA:0,hmac_sha256
DA:101,0
DA:102,0
DA:103,0
DA:104,0
DA:109,0
DA:110,0
DA:112,0
DA:115,0
DA:116,0
DA:117,0
DA:118,0
DA:120,0
DA:138,0
DA:140,0
DA:141,0
DA:142,0
DA:144,0
DA:156,0
DA:157,0
DA:169,0
DA:170,0
DA:172,0
DA:173,0
DA:174,0
DA:176,0
DA:204,0
DA:205,0
DA:206,0
DA:207,0
DA:212,0
DA:213,0
DA:214,0
DA:215,0
DA:220,0
DA:221,0
DA:223,0
DA:226,0
DA:228,0
DA:229,0
DA:230,0
DA:231,0
DA:232,0
DA:236,0
DA:239,0
DA:241,0
DA:265,0
DA:266,0
DA:267,0
DA:268,0
DA:273,0
DA:274,0
DA:275,0
DA:276,0
DA:281,0
DA:282,0
DA:286,0
DA:287,0
DA:289,0
DA:292,0
DA:294,0
DA:295,0
DA:296,0
DA:297,0
DA:298,0
DA:302,0
DA:305,0
DA:306,0
DA:308,0
DA:337,0
DA:338,0
DA:339,0
DA:352,0
DA:353,0
DA:354,0
DA:355,0
DA:356,0
DA:357,0
DA:383,0
DA:384,0
DA:385,0
DA:386,0
DA:387,0
DA:405,0
DA:406,0
DA:408,0
DA:409,0
DA:410,0
DA:429,0
DA:430,0
DA:432,0
DA:433,0
DA:436,0
DA:437,0
DA:438,0
DA:440,0
DA:441,0
DA:442,0
DA:444,0
DA:447,0
DA:449,0
DA:459,0
DA:460,0
DA:463,0
DA:464,0
DA:465,0
DA:466,0
DA:469,0
DA:471,0
DA:508,0
DA:510,0
DA:511,0
DA:512,0
DA:528,0
DA:529,0
DA:530,0
DA:531,0
DA:532,0
DA:543,0
DA:544,0
DA:545,0
DA:546,0
DA:547,0
DA:551,0
DA:552,0
DA:553,0
DA:554,0
DA:555,0
DA:556,0
DA:568,0
DA:569,0
DA:570,0
DA:571,0
DA:572,0
DA:575,0
DA:576,0
DA:577,0
DA:578,0
DA:579,0
DA:583,0
DA:584,0
DA:585,0
DA:586,0
DA:587,0
DA:588,0
DA:597,0
DA:598,0
DA:599,0
DA:600,0
DA:610,0
DA:611,0
DA:612,0
DA:651,0
DA:652,0
DA:653,0
DA:654,0
DA:658,0
DA:659,0
DA:660,0
DA:662,0
DA:663,0
DA:665,0
DA:666,0
DA:667,0
DA:671,0
DA:672,0
DA:674,0
DA:688,0
DA:689,0
DA:690,0
DA:844,0
DA:845,0
DA:846,0
DA:860,0
DA:861,0
DA:862,0
DA:876,0
DA:877,0
DA:878,0
DA:889,0
DA:890,0
DA:914,0
DA:915,0
DA:916,0
DA:936,0
DA:937,0
DA:938,0
DA:951,0
DA:952,0
DA:953,0
DA:986,0
DA:987,0
DA:988,0
DA:1000,0
DA:1001,0
DA:1002,0
DA:1027,0
DA:1028,0
DA:1039,0
DA:1040,0
DA:1058,0
DA:1059,0
DA:1060,0
DA:1080,0
DA:1081,0
DA:1082,0
DA:1142,0
DA:1143,0
DA:1144,0
DA:1178,0
DA:1179,0
DA:1180,0
DA:1181,0
DA:1182,0
DA:1183,0
DA:1184,0
DA:1186,0
DA:1187,0
DA:1247,0
DA:1248,0
DA:1249,0
DA:1260,0
DA:1261,0
DA:1262,0
DA:1306,0
DA:1307,0
DA:1308,0
DA:1309,0
DA:1312,0
DA:1313,0
DA:1314,0
DA:1315,0
DA:1316,0
DA:1336,0
DA:1337,0
DA:1338,0
DA:1339,0
DA:1342,0
DA:1343,0
DA:1344,0
DA:1345,0
DA:1346,0
LF:241
LH:0
end_of_record
